[2026-04-06T23:54:04.740+0000] {local_task_job_runner.py:120} INFO - ::group::Pre task execution logs
[2026-04-06T23:54:04.791+0000] {taskinstance.py:2076} INFO - Dependencies all met for dep_context=non-requeueable deps ti=<TaskInstance: project_spark_hdfs_pipeline.upload_raw_to_hdfs scheduled__2026-04-05T01:00:00+00:00 [queued]>
[2026-04-06T23:54:04.802+0000] {taskinstance.py:2076} INFO - Dependencies all met for dep_context=requeueable deps ti=<TaskInstance: project_spark_hdfs_pipeline.upload_raw_to_hdfs scheduled__2026-04-05T01:00:00+00:00 [queued]>
[2026-04-06T23:54:04.803+0000] {taskinstance.py:2306} INFO - Starting attempt 1 of 1
[2026-04-06T23:54:04.831+0000] {taskinstance.py:2330} INFO - Executing <Task(BashOperator): upload_raw_to_hdfs> on 2026-04-05 01:00:00+00:00
[2026-04-06T23:54:04.840+0000] {standard_task_runner.py:63} INFO - Started process 450 to run task
[2026-04-06T23:54:04.843+0000] {standard_task_runner.py:90} INFO - Running: ['airflow', 'tasks', 'run', 'project_spark_hdfs_pipeline', 'upload_raw_to_hdfs', 'scheduled__2026-04-05T01:00:00+00:00', '--job-id', '4', '--raw', '--subdir', 'DAGS_FOLDER/project_spark_hdfs_pipeline.py', '--cfg-path', '/tmp/tmptfet1ywh']
[2026-04-06T23:54:04.845+0000] {standard_task_runner.py:91} INFO - Job 4: Subtask upload_raw_to_hdfs
[2026-04-06T23:54:04.902+0000] {task_command.py:426} INFO - Running <TaskInstance: project_spark_hdfs_pipeline.upload_raw_to_hdfs scheduled__2026-04-05T01:00:00+00:00 [running]> on host 523c55d787ed
[2026-04-06T23:54:05.025+0000] {taskinstance.py:2648} INFO - Exporting env vars: AIRFLOW_CTX_DAG_OWNER='airflow' AIRFLOW_CTX_DAG_ID='project_spark_hdfs_pipeline' AIRFLOW_CTX_TASK_ID='upload_raw_to_hdfs' AIRFLOW_CTX_EXECUTION_DATE='2026-04-05T01:00:00+00:00' AIRFLOW_CTX_TRY_NUMBER='1' AIRFLOW_CTX_DAG_RUN_ID='scheduled__2026-04-05T01:00:00+00:00'
[2026-04-06T23:54:05.026+0000] {taskinstance.py:430} INFO - ::endgroup::
[2026-04-06T23:54:05.053+0000] {subprocess.py:63} INFO - Tmp dir root location: /tmp
[2026-04-06T23:54:05.054+0000] {subprocess.py:75} INFO - Running command: ['/usr/bin/bash', '-c', "/bin/bash -lc '/opt/project/scripts/upload-hdfs-inputs.sh'"]
[2026-04-06T23:54:05.067+0000] {subprocess.py:86} INFO - Output:
[2026-04-06T23:54:08.981+0000] {subprocess.py:93} INFO - 2026-04-06 23:54:08,980 INFO sasl.SaslDataTransferClient: SASL encryption trust check: localHostTrusted = false, remoteHostTrusted = false
[2026-04-06T23:54:09.137+0000] {subprocess.py:93} INFO - 2026-04-06 23:54:09,137 INFO sasl.SaslDataTransferClient: SASL encryption trust check: localHostTrusted = false, remoteHostTrusted = false
[2026-04-06T23:54:10.194+0000] {subprocess.py:93} INFO - 2026-04-06 23:54:10,194 INFO sasl.SaslDataTransferClient: SASL encryption trust check: localHostTrusted = false, remoteHostTrusted = false
[2026-04-06T23:54:10.653+0000] {subprocess.py:93} INFO - 2026-04-06 23:54:10,652 INFO sasl.SaslDataTransferClient: SASL encryption trust check: localHostTrusted = false, remoteHostTrusted = false
[2026-04-06T23:54:11.084+0000] {subprocess.py:93} INFO - 2026-04-06 23:54:11,083 INFO sasl.SaslDataTransferClient: SASL encryption trust check: localHostTrusted = false, remoteHostTrusted = false
[2026-04-06T23:54:13.151+0000] {subprocess.py:93} INFO - Found 5 items
[2026-04-06T23:54:13.152+0000] {subprocess.py:93} INFO - -rw-r--r--   1 root supergroup    3904639 2026-04-06 23:54 /project-spark/raw/input/GRAMMYs_tweets.csv
[2026-04-06T23:54:13.153+0000] {subprocess.py:93} INFO - -rw-r--r--   1 root supergroup   68713814 2026-04-06 23:54 /project-spark/raw/input/covid19_tweets.csv
[2026-04-06T23:54:13.153+0000] {subprocess.py:93} INFO - -rw-r--r--   1 root supergroup    7277599 2026-04-06 23:54 /project-spark/raw/input/financial.csv
[2026-04-06T23:54:13.153+0000] {subprocess.py:93} INFO - -rw-r--r--   1 root supergroup    1992566 2026-04-06 23:54 /project-spark/raw/input/forbes_2022_billionaires.csv
[2026-04-06T23:54:13.154+0000] {subprocess.py:93} INFO - -rw-r--r--   1 root supergroup    2713677 2026-04-06 23:54 /project-spark/raw/input/twitter_dataset.csv
[2026-04-06T23:54:13.637+0000] {subprocess.py:97} INFO - Command exited with return code 0
[2026-04-06T23:54:13.638+0000] {taskinstance.py:441} INFO - ::group::Post task execution logs
[2026-04-06T23:54:13.785+0000] {taskinstance.py:1206} INFO - Marking task as SUCCESS. dag_id=project_spark_hdfs_pipeline, task_id=upload_raw_to_hdfs, run_id=scheduled__2026-04-05T01:00:00+00:00, execution_date=20260405T010000, start_date=20260406T235404, end_date=20260406T235413
[2026-04-06T23:54:13.848+0000] {local_task_job_runner.py:240} INFO - Task exited with return code 0
[2026-04-06T23:54:13.871+0000] {taskinstance.py:3498} INFO - 1 downstream tasks scheduled from follow-on schedule check
[2026-04-06T23:54:13.890+0000] {local_task_job_runner.py:222} INFO - ::endgroup::
[2026-04-06T23:57:52.462+0000] {local_task_job_runner.py:120} INFO - ::group::Pre task execution logs
[2026-04-06T23:57:52.510+0000] {taskinstance.py:2076} INFO - Dependencies all met for dep_context=non-requeueable deps ti=<TaskInstance: project_spark_hdfs_pipeline.upload_raw_to_hdfs scheduled__2026-04-05T01:00:00+00:00 [queued]>
[2026-04-06T23:57:52.523+0000] {taskinstance.py:2076} INFO - Dependencies all met for dep_context=requeueable deps ti=<TaskInstance: project_spark_hdfs_pipeline.upload_raw_to_hdfs scheduled__2026-04-05T01:00:00+00:00 [queued]>
[2026-04-06T23:57:52.524+0000] {taskinstance.py:2306} INFO - Starting attempt 1 of 1
[2026-04-06T23:57:52.560+0000] {taskinstance.py:2330} INFO - Executing <Task(BashOperator): upload_raw_to_hdfs> on 2026-04-05 01:00:00+00:00
[2026-04-06T23:57:52.569+0000] {standard_task_runner.py:63} INFO - Started process 400 to run task
[2026-04-06T23:57:52.572+0000] {standard_task_runner.py:90} INFO - Running: ['airflow', 'tasks', 'run', 'project_spark_hdfs_pipeline', 'upload_raw_to_hdfs', 'scheduled__2026-04-05T01:00:00+00:00', '--job-id', '4', '--raw', '--subdir', 'DAGS_FOLDER/project_spark_hdfs_pipeline.py', '--cfg-path', '/tmp/tmp5ghe4lnd']
[2026-04-06T23:57:52.574+0000] {standard_task_runner.py:91} INFO - Job 4: Subtask upload_raw_to_hdfs
[2026-04-06T23:57:52.626+0000] {task_command.py:426} INFO - Running <TaskInstance: project_spark_hdfs_pipeline.upload_raw_to_hdfs scheduled__2026-04-05T01:00:00+00:00 [running]> on host 1d39bff5e3d1
[2026-04-06T23:57:52.749+0000] {taskinstance.py:2648} INFO - Exporting env vars: AIRFLOW_CTX_DAG_OWNER='airflow' AIRFLOW_CTX_DAG_ID='project_spark_hdfs_pipeline' AIRFLOW_CTX_TASK_ID='upload_raw_to_hdfs' AIRFLOW_CTX_EXECUTION_DATE='2026-04-05T01:00:00+00:00' AIRFLOW_CTX_TRY_NUMBER='1' AIRFLOW_CTX_DAG_RUN_ID='scheduled__2026-04-05T01:00:00+00:00'
[2026-04-06T23:57:52.750+0000] {taskinstance.py:430} INFO - ::endgroup::
[2026-04-06T23:57:52.786+0000] {subprocess.py:63} INFO - Tmp dir root location: /tmp
[2026-04-06T23:57:52.787+0000] {subprocess.py:75} INFO - Running command: ['/usr/bin/bash', '-c', "/bin/bash -lc '/opt/project/scripts/upload-hdfs-inputs.sh'"]
[2026-04-06T23:57:52.800+0000] {subprocess.py:86} INFO - Output:
[2026-04-06T23:57:57.841+0000] {subprocess.py:93} INFO - 2026-04-06 23:57:57,840 INFO sasl.SaslDataTransferClient: SASL encryption trust check: localHostTrusted = false, remoteHostTrusted = false
[2026-04-06T23:57:58.012+0000] {subprocess.py:93} INFO - 2026-04-06 23:57:58,012 INFO sasl.SaslDataTransferClient: SASL encryption trust check: localHostTrusted = false, remoteHostTrusted = false
[2026-04-06T23:57:58.507+0000] {subprocess.py:93} INFO - 2026-04-06 23:57:58,506 INFO sasl.SaslDataTransferClient: SASL encryption trust check: localHostTrusted = false, remoteHostTrusted = false
[2026-04-06T23:57:58.567+0000] {subprocess.py:93} INFO - 2026-04-06 23:57:58,566 INFO sasl.SaslDataTransferClient: SASL encryption trust check: localHostTrusted = false, remoteHostTrusted = false
[2026-04-06T23:57:59.009+0000] {subprocess.py:93} INFO - 2026-04-06 23:57:59,009 INFO sasl.SaslDataTransferClient: SASL encryption trust check: localHostTrusted = false, remoteHostTrusted = false
[2026-04-06T23:58:01.318+0000] {subprocess.py:93} INFO - Found 5 items
[2026-04-06T23:58:01.319+0000] {subprocess.py:93} INFO - -rw-r--r--   1 root supergroup    3904639 2026-04-06 23:57 /project-spark/raw/input/GRAMMYs_tweets.csv
[2026-04-06T23:58:01.319+0000] {subprocess.py:93} INFO - -rw-r--r--   1 root supergroup   68713814 2026-04-06 23:57 /project-spark/raw/input/covid19_tweets.csv
[2026-04-06T23:58:01.319+0000] {subprocess.py:93} INFO - -rw-r--r--   1 root supergroup    7277599 2026-04-06 23:57 /project-spark/raw/input/financial.csv
[2026-04-06T23:58:01.319+0000] {subprocess.py:93} INFO - -rw-r--r--   1 root supergroup    1992566 2026-04-06 23:57 /project-spark/raw/input/forbes_2022_billionaires.csv
[2026-04-06T23:58:01.319+0000] {subprocess.py:93} INFO - -rw-r--r--   1 root supergroup    2713677 2026-04-06 23:57 /project-spark/raw/input/twitter_dataset.csv
[2026-04-06T23:58:01.757+0000] {subprocess.py:97} INFO - Command exited with return code 0
[2026-04-06T23:58:01.757+0000] {taskinstance.py:441} INFO - ::group::Post task execution logs
[2026-04-06T23:58:01.781+0000] {taskinstance.py:1206} INFO - Marking task as SUCCESS. dag_id=project_spark_hdfs_pipeline, task_id=upload_raw_to_hdfs, run_id=scheduled__2026-04-05T01:00:00+00:00, execution_date=20260405T010000, start_date=20260406T235752, end_date=20260406T235801
[2026-04-06T23:58:01.840+0000] {local_task_job_runner.py:240} INFO - Task exited with return code 0
[2026-04-06T23:58:01.855+0000] {taskinstance.py:3498} INFO - 1 downstream tasks scheduled from follow-on schedule check
[2026-04-06T23:58:01.880+0000] {local_task_job_runner.py:222} INFO - ::endgroup::
[2026-04-07T00:02:47.482+0000] {local_task_job_runner.py:120} INFO - ::group::Pre task execution logs
[2026-04-07T00:02:47.500+0000] {taskinstance.py:2076} INFO - Dependencies all met for dep_context=non-requeueable deps ti=<TaskInstance: project_spark_hdfs_pipeline.upload_raw_to_hdfs scheduled__2026-04-05T01:00:00+00:00 [queued]>
[2026-04-07T00:02:47.504+0000] {taskinstance.py:2076} INFO - Dependencies all met for dep_context=requeueable deps ti=<TaskInstance: project_spark_hdfs_pipeline.upload_raw_to_hdfs scheduled__2026-04-05T01:00:00+00:00 [queued]>
[2026-04-07T00:02:47.504+0000] {taskinstance.py:2306} INFO - Starting attempt 1 of 1
[2026-04-07T00:02:47.529+0000] {taskinstance.py:2330} INFO - Executing <Task(BashOperator): upload_raw_to_hdfs> on 2026-04-05 01:00:00+00:00
[2026-04-07T00:02:47.532+0000] {standard_task_runner.py:63} INFO - Started process 181 to run task
[2026-04-07T00:02:47.534+0000] {standard_task_runner.py:90} INFO - Running: ['airflow', 'tasks', 'run', 'project_spark_hdfs_pipeline', 'upload_raw_to_hdfs', 'scheduled__2026-04-05T01:00:00+00:00', '--job-id', '4', '--raw', '--subdir', 'DAGS_FOLDER/project_spark_hdfs_pipeline.py', '--cfg-path', '/tmp/tmpzwelew0e']
[2026-04-07T00:02:47.535+0000] {standard_task_runner.py:91} INFO - Job 4: Subtask upload_raw_to_hdfs
[2026-04-07T00:02:47.574+0000] {task_command.py:426} INFO - Running <TaskInstance: project_spark_hdfs_pipeline.upload_raw_to_hdfs scheduled__2026-04-05T01:00:00+00:00 [running]> on host 5b034116cd08
[2026-04-07T00:02:47.650+0000] {taskinstance.py:2648} INFO - Exporting env vars: AIRFLOW_CTX_DAG_OWNER='airflow' AIRFLOW_CTX_DAG_ID='project_spark_hdfs_pipeline' AIRFLOW_CTX_TASK_ID='upload_raw_to_hdfs' AIRFLOW_CTX_EXECUTION_DATE='2026-04-05T01:00:00+00:00' AIRFLOW_CTX_TRY_NUMBER='1' AIRFLOW_CTX_DAG_RUN_ID='scheduled__2026-04-05T01:00:00+00:00'
[2026-04-07T00:02:47.650+0000] {taskinstance.py:430} INFO - ::endgroup::
[2026-04-07T00:02:47.661+0000] {subprocess.py:63} INFO - Tmp dir root location: /tmp
[2026-04-07T00:02:47.662+0000] {subprocess.py:75} INFO - Running command: ['/usr/bin/bash', '-c', "/bin/bash -lc '/opt/project/scripts/upload-hdfs-inputs.sh'"]
[2026-04-07T00:02:47.670+0000] {subprocess.py:86} INFO - Output:
[2026-04-07T00:02:50.827+0000] {subprocess.py:93} INFO - put: `/project-spark/raw/input/': No such file or directory
[2026-04-07T00:02:51.276+0000] {subprocess.py:97} INFO - Command exited with return code 1
[2026-04-07T00:02:51.277+0000] {taskinstance.py:441} INFO - ::group::Post task execution logs
[2026-04-07T00:02:51.283+0000] {taskinstance.py:2905} ERROR - Task failed with exception
Traceback (most recent call last):
  File "/home/airflow/.local/lib/python3.12/site-packages/airflow/models/taskinstance.py", line 465, in _execute_task
    result = _execute_callable(context=context, **execute_callable_kwargs)
             ^^^^^^^^^^^^^^^^^^^^^^^^^^^^^^^^^^^^^^^^^^^^^^^^^^^^^^^^^^^^^
  File "/home/airflow/.local/lib/python3.12/site-packages/airflow/models/taskinstance.py", line 432, in _execute_callable
    return execute_callable(context=context, **execute_callable_kwargs)
           ^^^^^^^^^^^^^^^^^^^^^^^^^^^^^^^^^^^^^^^^^^^^^^^^^^^^^^^^^^^^
  File "/home/airflow/.local/lib/python3.12/site-packages/airflow/models/baseoperator.py", line 400, in wrapper
    return func(self, *args, **kwargs)
           ^^^^^^^^^^^^^^^^^^^^^^^^^^^
  File "/home/airflow/.local/lib/python3.12/site-packages/airflow/operators/bash.py", line 243, in execute
    raise AirflowException(
airflow.exceptions.AirflowException: Bash command failed. The command returned a non-zero exit code 1.
[2026-04-07T00:02:51.287+0000] {taskinstance.py:1206} INFO - Marking task as FAILED. dag_id=project_spark_hdfs_pipeline, task_id=upload_raw_to_hdfs, run_id=scheduled__2026-04-05T01:00:00+00:00, execution_date=20260405T010000, start_date=20260407T000247, end_date=20260407T000251
[2026-04-07T00:02:51.308+0000] {standard_task_runner.py:110} ERROR - Failed to execute job 4 for task upload_raw_to_hdfs (Bash command failed. The command returned a non-zero exit code 1.; 181)
[2026-04-07T00:02:51.349+0000] {local_task_job_runner.py:240} INFO - Task exited with return code 1
[2026-04-07T00:02:51.362+0000] {taskinstance.py:3498} INFO - 0 downstream tasks scheduled from follow-on schedule check
[2026-04-07T00:02:51.379+0000] {local_task_job_runner.py:222} INFO - ::endgroup::
