[2026-04-06T23:46:50.041+0000] {manager.py:470} INFO - Processing files using up to 1 processes at a time 
[2026-04-06T23:46:50.042+0000] {manager.py:471} INFO - Process each file at most once every 30 seconds
[2026-04-06T23:46:50.042+0000] {manager.py:472} INFO - Checking for new files in /opt/airflow/dags every 300 seconds
[2026-04-06T23:46:50.043+0000] {manager.py:737} INFO - Searching for files in /opt/airflow/dags
[2026-04-06T23:46:50.045+0000] {manager.py:740} INFO - There are 1 files in /opt/airflow/dags
[2026-04-06T23:46:50.537+0000] {manager.py:878} INFO - 
================================================================================
DAG File Processing Stats

File Path                                         PID    Runtime      # DAGs    # Errors  Last Runtime    Last Run
------------------------------------------------  -----  ---------  --------  ----------  --------------  -------------------
/opt/airflow/dags/project_spark_hdfs_pipeline.py                           1           0  0.41s           2026-04-06T23:46:50
================================================================================
[2026-04-06T23:47:21.453+0000] {manager.py:878} INFO - 
================================================================================
DAG File Processing Stats

File Path                                         PID    Runtime      # DAGs    # Errors  Last Runtime    Last Run
------------------------------------------------  -----  ---------  --------  ----------  --------------  -------------------
/opt/airflow/dags/project_spark_hdfs_pipeline.py                           1           0  0.10s           2026-04-06T23:47:21
================================================================================
[2026-04-06T23:47:52.668+0000] {manager.py:878} INFO - 
================================================================================
DAG File Processing Stats

File Path                                         PID    Runtime      # DAGs    # Errors  Last Runtime    Last Run
------------------------------------------------  -----  ---------  --------  ----------  --------------  -------------------
/opt/airflow/dags/project_spark_hdfs_pipeline.py                           1           0  0.20s           2026-04-06T23:47:52
================================================================================
[2026-04-06T23:48:23.700+0000] {manager.py:878} INFO - 
================================================================================
DAG File Processing Stats

File Path                                         PID    Runtime      # DAGs    # Errors  Last Runtime    Last Run
------------------------------------------------  -----  ---------  --------  ----------  --------------  -------------------
/opt/airflow/dags/project_spark_hdfs_pipeline.py                           1           0  0.10s           2026-04-06T23:48:23
================================================================================
[2026-04-06T23:48:54.893+0000] {manager.py:878} INFO - 
================================================================================
DAG File Processing Stats

File Path                                         PID    Runtime      # DAGs    # Errors  Last Runtime    Last Run
------------------------------------------------  -----  ---------  --------  ----------  --------------  -------------------
/opt/airflow/dags/project_spark_hdfs_pipeline.py                           1           0  0.21s           2026-04-06T23:48:54
================================================================================
[2026-04-06T23:49:25.188+0000] {manager.py:878} INFO - 
================================================================================
DAG File Processing Stats

File Path                                         PID    Runtime      # DAGs    # Errors  Last Runtime    Last Run
------------------------------------------------  -----  ---------  --------  ----------  --------------  -------------------
/opt/airflow/dags/project_spark_hdfs_pipeline.py                           1           0  0.31s           2026-04-06T23:49:01
================================================================================
[2026-04-06T23:49:55.424+0000] {manager.py:878} INFO - 
================================================================================
DAG File Processing Stats

File Path                                         PID    Runtime      # DAGs    # Errors  Last Runtime    Last Run
------------------------------------------------  -----  ---------  --------  ----------  --------------  -------------------
/opt/airflow/dags/project_spark_hdfs_pipeline.py                           1           0  0.10s           2026-04-06T23:49:32
================================================================================
[2026-04-06T23:50:25.694+0000] {manager.py:878} INFO - 
================================================================================
DAG File Processing Stats

File Path                                         PID    Runtime      # DAGs    # Errors  Last Runtime    Last Run
------------------------------------------------  -----  ---------  --------  ----------  --------------  -------------------
/opt/airflow/dags/project_spark_hdfs_pipeline.py                           1           0  0.10s           2026-04-06T23:50:03
================================================================================
[2026-04-06T23:50:55.939+0000] {manager.py:878} INFO - 
================================================================================
DAG File Processing Stats

File Path                                         PID    Runtime      # DAGs    # Errors  Last Runtime    Last Run
------------------------------------------------  -----  ---------  --------  ----------  --------------  -------------------
/opt/airflow/dags/project_spark_hdfs_pipeline.py                           1           0  0.10s           2026-04-06T23:50:35
================================================================================
[2026-04-06T23:51:26.211+0000] {manager.py:878} INFO - 
================================================================================
DAG File Processing Stats

File Path                                         PID    Runtime      # DAGs    # Errors  Last Runtime    Last Run
------------------------------------------------  -----  ---------  --------  ----------  --------------  -------------------
/opt/airflow/dags/project_spark_hdfs_pipeline.py                           1           0  0.10s           2026-04-06T23:51:05
================================================================================
[2026-04-06T23:51:50.054+0000] {manager.py:737} INFO - Searching for files in /opt/airflow/dags
[2026-04-06T23:51:50.056+0000] {manager.py:740} INFO - There are 1 files in /opt/airflow/dags
[2026-04-06T23:51:56.489+0000] {manager.py:878} INFO - 
================================================================================
DAG File Processing Stats

File Path                                         PID    Runtime      # DAGs    # Errors  Last Runtime    Last Run
------------------------------------------------  -----  ---------  --------  ----------  --------------  -------------------
/opt/airflow/dags/project_spark_hdfs_pipeline.py                           1           0  0.10s           2026-04-06T23:51:35
================================================================================
[2026-04-06T23:52:26.758+0000] {manager.py:878} INFO - 
================================================================================
DAG File Processing Stats

File Path                                         PID    Runtime      # DAGs    # Errors  Last Runtime    Last Run
------------------------------------------------  -----  ---------  --------  ----------  --------------  -------------------
/opt/airflow/dags/project_spark_hdfs_pipeline.py                           1           0  0.10s           2026-04-06T23:52:05
================================================================================
[2026-04-06T23:52:57.030+0000] {manager.py:878} INFO - 
================================================================================
DAG File Processing Stats

File Path                                         PID    Runtime      # DAGs    # Errors  Last Runtime    Last Run
------------------------------------------------  -----  ---------  --------  ----------  --------------  -------------------
/opt/airflow/dags/project_spark_hdfs_pipeline.py                           1           0  0.10s           2026-04-06T23:52:35
================================================================================
[2026-04-06T23:53:50.946+0000] {manager.py:470} INFO - Processing files using up to 1 processes at a time 
[2026-04-06T23:53:50.947+0000] {manager.py:471} INFO - Process each file at most once every 30 seconds
[2026-04-06T23:53:50.947+0000] {manager.py:472} INFO - Checking for new files in /opt/airflow/dags every 300 seconds
[2026-04-06T23:53:50.947+0000] {manager.py:737} INFO - Searching for files in /opt/airflow/dags
[2026-04-06T23:53:50.948+0000] {manager.py:740} INFO - There are 1 files in /opt/airflow/dags
[2026-04-06T23:53:51.291+0000] {manager.py:878} INFO - 
================================================================================
DAG File Processing Stats

File Path                                         PID    Runtime      # DAGs    # Errors  Last Runtime    Last Run
------------------------------------------------  -----  ---------  --------  ----------  --------------  -------------------
/opt/airflow/dags/project_spark_hdfs_pipeline.py                           1           0  0.30s           2026-04-06T23:53:51
================================================================================
[2026-04-06T23:56:38.172+0000] {manager.py:452} INFO - Exiting gracefully upon receiving signal 15
[2026-04-06T23:56:41.374+0000] {manager.py:470} INFO - Processing files using up to 1 processes at a time 
[2026-04-06T23:56:41.375+0000] {manager.py:471} INFO - Process each file at most once every 30 seconds
[2026-04-06T23:56:41.375+0000] {manager.py:472} INFO - Checking for new files in /opt/airflow/dags every 300 seconds
[2026-04-06T23:56:41.376+0000] {manager.py:737} INFO - Searching for files in /opt/airflow/dags
[2026-04-06T23:56:41.380+0000] {manager.py:740} INFO - There are 1 files in /opt/airflow/dags
[2026-04-06T23:56:41.800+0000] {manager.py:878} INFO - 
================================================================================
DAG File Processing Stats

File Path                                         PID    Runtime      # DAGs    # Errors  Last Runtime    Last Run
------------------------------------------------  -----  ---------  --------  ----------  --------------  -------------------
/opt/airflow/dags/project_spark_hdfs_pipeline.py                           1           0  0.31s           2026-04-06T23:56:41
================================================================================
[2026-04-06T23:57:36.796+0000] {manager.py:470} INFO - Processing files using up to 1 processes at a time 
[2026-04-06T23:57:36.797+0000] {manager.py:471} INFO - Process each file at most once every 30 seconds
[2026-04-06T23:57:36.798+0000] {manager.py:472} INFO - Checking for new files in /opt/airflow/dags every 300 seconds
[2026-04-06T23:57:36.798+0000] {manager.py:737} INFO - Searching for files in /opt/airflow/dags
[2026-04-06T23:57:36.799+0000] {manager.py:740} INFO - There are 1 files in /opt/airflow/dags
[2026-04-06T23:57:37.148+0000] {manager.py:878} INFO - 
================================================================================
DAG File Processing Stats

File Path                                         PID    Runtime      # DAGs    # Errors  Last Runtime    Last Run
------------------------------------------------  -----  ---------  --------  ----------  --------------  -------------------
/opt/airflow/dags/project_spark_hdfs_pipeline.py                           1           0  0.31s           2026-04-06T23:57:37
================================================================================
[2026-04-06T23:59:25.655+0000] {manager.py:452} INFO - Exiting gracefully upon receiving signal 15
[2026-04-06T23:59:25.946+0000] {manager.py:470} INFO - Processing files using up to 1 processes at a time 
[2026-04-06T23:59:25.946+0000] {manager.py:471} INFO - Process each file at most once every 30 seconds
[2026-04-06T23:59:25.946+0000] {manager.py:472} INFO - Checking for new files in /opt/airflow/dags every 300 seconds
[2026-04-06T23:59:25.947+0000] {manager.py:737} INFO - Searching for files in /opt/airflow/dags
[2026-04-06T23:59:25.948+0000] {manager.py:740} INFO - There are 1 files in /opt/airflow/dags
[2026-04-06T23:59:26.080+0000] {manager.py:878} INFO - 
================================================================================
DAG File Processing Stats

File Path                                         PID    Runtime      # DAGs    # Errors  Last Runtime    Last Run
------------------------------------------------  -----  ---------  --------  ----------  --------------  -------------------
/opt/airflow/dags/project_spark_hdfs_pipeline.py                           1           0  0.10s           2026-04-06T23:59:26
================================================================================
[2026-04-06T23:59:56.292+0000] {manager.py:878} INFO - 
================================================================================
DAG File Processing Stats

File Path                                         PID    Runtime      # DAGs    # Errors  Last Runtime    Last Run
------------------------------------------------  -----  ---------  --------  ----------  --------------  -------------------
/opt/airflow/dags/project_spark_hdfs_pipeline.py                           1           0  0.11s           2026-04-06T23:59:56
================================================================================
[2026-04-07T00:00:27.055+0000] {manager.py:878} INFO - 
================================================================================
DAG File Processing Stats

File Path                                         PID    Runtime      # DAGs    # Errors  Last Runtime    Last Run
------------------------------------------------  -----  ---------  --------  ----------  --------------  -------------------
/opt/airflow/dags/project_spark_hdfs_pipeline.py                           1           0  0.10s           2026-04-07T00:00:27
================================================================================
[2026-04-07T00:00:57.332+0000] {manager.py:878} INFO - 
================================================================================
DAG File Processing Stats

File Path                                         PID    Runtime      # DAGs    # Errors  Last Runtime    Last Run
------------------------------------------------  -----  ---------  --------  ----------  --------------  -------------------
/opt/airflow/dags/project_spark_hdfs_pipeline.py                           1           0  0.10s           2026-04-07T00:00:57
================================================================================
[2026-04-07T00:01:27.497+0000] {manager.py:878} INFO - 
================================================================================
DAG File Processing Stats

File Path                                         PID    Runtime      # DAGs    # Errors  Last Runtime    Last Run
------------------------------------------------  -----  ---------  --------  ----------  --------------  -------------------
/opt/airflow/dags/project_spark_hdfs_pipeline.py                           1           0  0.10s           2026-04-07T00:01:27
================================================================================
[2026-04-07T00:01:57.651+0000] {manager.py:878} INFO - 
================================================================================
DAG File Processing Stats

File Path                                         PID    Runtime      # DAGs    # Errors  Last Runtime    Last Run
------------------------------------------------  -----  ---------  --------  ----------  --------------  -------------------
/opt/airflow/dags/project_spark_hdfs_pipeline.py                           1           0  0.10s           2026-04-07T00:01:57
================================================================================
[2026-04-07T00:02:33.829+0000] {manager.py:470} INFO - Processing files using up to 1 processes at a time 
[2026-04-07T00:02:33.829+0000] {manager.py:471} INFO - Process each file at most once every 30 seconds
[2026-04-07T00:02:33.829+0000] {manager.py:472} INFO - Checking for new files in /opt/airflow/dags every 300 seconds
[2026-04-07T00:02:33.830+0000] {manager.py:737} INFO - Searching for files in /opt/airflow/dags
[2026-04-07T00:02:33.831+0000] {manager.py:740} INFO - There are 1 files in /opt/airflow/dags
[2026-04-07T00:02:34.174+0000] {manager.py:878} INFO - 
================================================================================
DAG File Processing Stats

File Path                                         PID    Runtime      # DAGs    # Errors  Last Runtime    Last Run
------------------------------------------------  -----  ---------  --------  ----------  --------------  -------------------
/opt/airflow/dags/project_spark_hdfs_pipeline.py                           1           0  0.30s           2026-04-07T00:02:34
================================================================================
[2026-04-07T00:03:04.847+0000] {manager.py:878} INFO - 
================================================================================
DAG File Processing Stats

File Path                                         PID    Runtime      # DAGs    # Errors  Last Runtime    Last Run
------------------------------------------------  -----  ---------  --------  ----------  --------------  -------------------
/opt/airflow/dags/project_spark_hdfs_pipeline.py                           1           0  0.11s           2026-04-07T00:03:04
================================================================================
[2026-04-07T00:10:16.859+0000] {manager.py:470} INFO - Processing files using up to 1 processes at a time 
[2026-04-07T00:10:16.860+0000] {manager.py:471} INFO - Process each file at most once every 30 seconds
[2026-04-07T00:10:16.860+0000] {manager.py:472} INFO - Checking for new files in /opt/airflow/dags every 300 seconds
[2026-04-07T00:10:16.861+0000] {manager.py:737} INFO - Searching for files in /opt/airflow/dags
[2026-04-07T00:10:16.863+0000] {manager.py:740} INFO - There are 1 files in /opt/airflow/dags
[2026-04-07T00:10:17.075+0000] {manager.py:878} INFO - 
================================================================================
DAG File Processing Stats

File Path                                         PID    Runtime      # DAGs    # Errors  Last Runtime    Last Run
------------------------------------------------  -----  ---------  --------  ----------  --------------  -------------------
/opt/airflow/dags/project_spark_hdfs_pipeline.py                           1           0  0.10s           2026-04-07T00:10:17
================================================================================
[2026-04-07T00:11:05.798+0000] {manager.py:878} INFO - 
================================================================================
DAG File Processing Stats

File Path                                         PID    Runtime      # DAGs    # Errors  Last Runtime    Last Run
------------------------------------------------  -----  ---------  --------  ----------  --------------  -------------------
/opt/airflow/dags/project_spark_hdfs_pipeline.py                           1           0  0.20s           2026-04-07T00:11:05
================================================================================
[2026-04-07T00:11:36.935+0000] {manager.py:878} INFO - 
================================================================================
DAG File Processing Stats

File Path                                         PID    Runtime      # DAGs    # Errors  Last Runtime    Last Run
------------------------------------------------  -----  ---------  --------  ----------  --------------  -------------------
/opt/airflow/dags/project_spark_hdfs_pipeline.py                           1           0  0.10s           2026-04-07T00:11:36
================================================================================
[2026-04-07T00:12:07.986+0000] {manager.py:878} INFO - 
================================================================================
DAG File Processing Stats

File Path                                         PID    Runtime      # DAGs    # Errors  Last Runtime    Last Run
------------------------------------------------  -----  ---------  --------  ----------  --------------  -------------------
/opt/airflow/dags/project_spark_hdfs_pipeline.py                           1           0  0.91s           2026-04-07T00:12:07
================================================================================
[2026-04-07T00:12:38.877+0000] {manager.py:878} INFO - 
================================================================================
DAG File Processing Stats

File Path                                         PID    Runtime      # DAGs    # Errors  Last Runtime    Last Run
------------------------------------------------  -----  ---------  --------  ----------  --------------  -------------------
/opt/airflow/dags/project_spark_hdfs_pipeline.py                           1           0  0.31s           2026-04-07T00:12:38
================================================================================
[2026-04-07T00:13:09.945+0000] {manager.py:878} INFO - 
================================================================================
DAG File Processing Stats

File Path                                         PID    Runtime      # DAGs    # Errors  Last Runtime    Last Run
------------------------------------------------  -----  ---------  --------  ----------  --------------  -------------------
/opt/airflow/dags/project_spark_hdfs_pipeline.py                           1           0  0.10s           2026-04-07T00:13:09
================================================================================
[2026-04-07T00:13:40.184+0000] {manager.py:878} INFO - 
================================================================================
DAG File Processing Stats

File Path                                         PID    Runtime      # DAGs    # Errors  Last Runtime    Last Run
------------------------------------------------  -----  ---------  --------  ----------  --------------  -------------------
/opt/airflow/dags/project_spark_hdfs_pipeline.py                           1           0  0.10s           2026-04-07T00:13:40
================================================================================
[2026-04-07T00:14:10.379+0000] {manager.py:878} INFO - 
================================================================================
DAG File Processing Stats

File Path                                         PID    Runtime      # DAGs    # Errors  Last Runtime    Last Run
------------------------------------------------  -----  ---------  --------  ----------  --------------  -------------------
/opt/airflow/dags/project_spark_hdfs_pipeline.py                           1           0  0.10s           2026-04-07T00:14:10
================================================================================
[2026-04-07T00:14:40.585+0000] {manager.py:878} INFO - 
================================================================================
DAG File Processing Stats

File Path                                         PID    Runtime      # DAGs    # Errors  Last Runtime    Last Run
------------------------------------------------  -----  ---------  --------  ----------  --------------  -------------------
/opt/airflow/dags/project_spark_hdfs_pipeline.py                           1           0  0.10s           2026-04-07T00:14:40
================================================================================
[2026-04-07T00:15:11.008+0000] {manager.py:878} INFO - 
================================================================================
DAG File Processing Stats

File Path                                         PID    Runtime      # DAGs    # Errors  Last Runtime    Last Run
------------------------------------------------  -----  ---------  --------  ----------  --------------  -------------------
/opt/airflow/dags/project_spark_hdfs_pipeline.py                           1           0  0.30s           2026-04-07T00:15:11
================================================================================
[2026-04-07T00:15:16.878+0000] {manager.py:737} INFO - Searching for files in /opt/airflow/dags
[2026-04-07T00:15:16.888+0000] {manager.py:740} INFO - There are 1 files in /opt/airflow/dags
[2026-04-07T00:15:42.158+0000] {manager.py:878} INFO - 
================================================================================
DAG File Processing Stats

File Path                                         PID    Runtime      # DAGs    # Errors  Last Runtime    Last Run
------------------------------------------------  -----  ---------  --------  ----------  --------------  -------------------
/opt/airflow/dags/project_spark_hdfs_pipeline.py                           1           0  0.20s           2026-04-07T00:15:42
================================================================================
[2026-04-07T00:16:57.710+0000] {manager.py:878} INFO - 
================================================================================
DAG File Processing Stats

File Path                                         PID    Runtime      # DAGs    # Errors  Last Runtime    Last Run
------------------------------------------------  -----  ---------  --------  ----------  --------------  -------------------
/opt/airflow/dags/project_spark_hdfs_pipeline.py                           1           0  0.61s           2026-04-07T00:16:57
================================================================================
[2026-04-07T00:17:28.680+0000] {manager.py:878} INFO - 
================================================================================
DAG File Processing Stats

File Path                                         PID    Runtime      # DAGs    # Errors  Last Runtime    Last Run
------------------------------------------------  -----  ---------  --------  ----------  --------------  -------------------
/opt/airflow/dags/project_spark_hdfs_pipeline.py                           1           0  0.10s           2026-04-07T00:17:28
================================================================================
[2026-04-07T00:17:58.911+0000] {manager.py:878} INFO - 
================================================================================
DAG File Processing Stats

File Path                                         PID    Runtime      # DAGs    # Errors  Last Runtime    Last Run
------------------------------------------------  -----  ---------  --------  ----------  --------------  -------------------
/opt/airflow/dags/project_spark_hdfs_pipeline.py                           1           0  0.10s           2026-04-07T00:17:58
================================================================================
[2026-04-07T00:18:29.246+0000] {manager.py:878} INFO - 
================================================================================
DAG File Processing Stats

File Path                                         PID    Runtime      # DAGs    # Errors  Last Runtime    Last Run
------------------------------------------------  -----  ---------  --------  ----------  --------------  -------------------
/opt/airflow/dags/project_spark_hdfs_pipeline.py                           1           0  0.20s           2026-04-07T00:18:29
================================================================================
[2026-04-07T00:18:59.365+0000] {manager.py:878} INFO - 
================================================================================
DAG File Processing Stats

File Path                                         PID    Runtime      # DAGs    # Errors  Last Runtime    Last Run
------------------------------------------------  -----  ---------  --------  ----------  --------------  -------------------
/opt/airflow/dags/project_spark_hdfs_pipeline.py                           1           0  0.10s           2026-04-07T00:18:59
================================================================================
[2026-04-07T00:19:29.554+0000] {manager.py:878} INFO - 
================================================================================
DAG File Processing Stats

File Path                                         PID    Runtime      # DAGs    # Errors  Last Runtime    Last Run
------------------------------------------------  -----  ---------  --------  ----------  --------------  -------------------
/opt/airflow/dags/project_spark_hdfs_pipeline.py                           1           0  0.10s           2026-04-07T00:19:29
================================================================================
[2026-04-07T00:19:59.778+0000] {manager.py:878} INFO - 
================================================================================
DAG File Processing Stats

File Path                                         PID    Runtime      # DAGs    # Errors  Last Runtime    Last Run
------------------------------------------------  -----  ---------  --------  ----------  --------------  -------------------
/opt/airflow/dags/project_spark_hdfs_pipeline.py                           1           0  0.10s           2026-04-07T00:19:59
================================================================================
[2026-04-07T00:20:16.930+0000] {manager.py:737} INFO - Searching for files in /opt/airflow/dags
[2026-04-07T00:20:16.939+0000] {manager.py:740} INFO - There are 1 files in /opt/airflow/dags
[2026-04-07T00:20:30.018+0000] {manager.py:878} INFO - 
================================================================================
DAG File Processing Stats

File Path                                         PID    Runtime      # DAGs    # Errors  Last Runtime    Last Run
------------------------------------------------  -----  ---------  --------  ----------  --------------  -------------------
/opt/airflow/dags/project_spark_hdfs_pipeline.py                           1           0  0.10s           2026-04-07T00:20:30
================================================================================
[2026-04-07T00:21:03.383+0000] {manager.py:878} INFO - 
================================================================================
DAG File Processing Stats

File Path                                         PID    Runtime      # DAGs    # Errors  Last Runtime    Last Run
------------------------------------------------  -----  ---------  --------  ----------  --------------  -------------------
/opt/airflow/dags/project_spark_hdfs_pipeline.py                           1           0  0.10s           2026-04-07T00:21:03
================================================================================
[2026-04-07T00:21:52.260+0000] {manager.py:878} INFO - 
================================================================================
DAG File Processing Stats

File Path                                         PID    Runtime      # DAGs    # Errors  Last Runtime    Last Run
------------------------------------------------  -----  ---------  --------  ----------  --------------  -------------------
/opt/airflow/dags/project_spark_hdfs_pipeline.py                           1           0  0.50s           2026-04-07T00:21:52
================================================================================
[2026-04-07T00:22:22.769+0000] {manager.py:878} INFO - 
================================================================================
DAG File Processing Stats

File Path                                         PID    Runtime      # DAGs    # Errors  Last Runtime    Last Run
------------------------------------------------  -----  ---------  --------  ----------  --------------  -------------------
/opt/airflow/dags/project_spark_hdfs_pipeline.py                           1           0  0.10s           2026-04-07T00:22:22
================================================================================
[2026-04-07T00:22:52.942+0000] {manager.py:878} INFO - 
================================================================================
DAG File Processing Stats

File Path                                         PID    Runtime      # DAGs    # Errors  Last Runtime    Last Run
------------------------------------------------  -----  ---------  --------  ----------  --------------  -------------------
/opt/airflow/dags/project_spark_hdfs_pipeline.py                           1           0  0.10s           2026-04-07T00:22:52
================================================================================
[2026-04-07T00:23:23.113+0000] {manager.py:878} INFO - 
================================================================================
DAG File Processing Stats

File Path                                         PID    Runtime      # DAGs    # Errors  Last Runtime    Last Run
------------------------------------------------  -----  ---------  --------  ----------  --------------  -------------------
/opt/airflow/dags/project_spark_hdfs_pipeline.py                           1           0  0.10s           2026-04-07T00:23:23
================================================================================
[2026-04-07T00:23:53.288+0000] {manager.py:878} INFO - 
================================================================================
DAG File Processing Stats

File Path                                         PID    Runtime      # DAGs    # Errors  Last Runtime    Last Run
------------------------------------------------  -----  ---------  --------  ----------  --------------  -------------------
/opt/airflow/dags/project_spark_hdfs_pipeline.py                           1           0  0.10s           2026-04-07T00:23:53
================================================================================
[2026-04-07T00:24:23.451+0000] {manager.py:878} INFO - 
================================================================================
DAG File Processing Stats

File Path                                         PID    Runtime      # DAGs    # Errors  Last Runtime    Last Run
------------------------------------------------  -----  ---------  --------  ----------  --------------  -------------------
/opt/airflow/dags/project_spark_hdfs_pipeline.py                           1           0  0.10s           2026-04-07T00:24:23
================================================================================
[2026-04-07T00:24:53.627+0000] {manager.py:878} INFO - 
================================================================================
DAG File Processing Stats

File Path                                         PID    Runtime      # DAGs    # Errors  Last Runtime    Last Run
------------------------------------------------  -----  ---------  --------  ----------  --------------  -------------------
/opt/airflow/dags/project_spark_hdfs_pipeline.py                           1           0  0.10s           2026-04-07T00:24:53
================================================================================
[2026-04-07T00:25:16.970+0000] {manager.py:737} INFO - Searching for files in /opt/airflow/dags
[2026-04-07T00:25:16.979+0000] {manager.py:740} INFO - There are 1 files in /opt/airflow/dags
[2026-04-07T00:25:23.803+0000] {manager.py:878} INFO - 
================================================================================
DAG File Processing Stats

File Path                                         PID    Runtime      # DAGs    # Errors  Last Runtime    Last Run
------------------------------------------------  -----  ---------  --------  ----------  --------------  -------------------
/opt/airflow/dags/project_spark_hdfs_pipeline.py                           1           0  0.10s           2026-04-07T00:25:23
================================================================================
[2026-04-07T00:25:53.978+0000] {manager.py:878} INFO - 
================================================================================
DAG File Processing Stats

File Path                                         PID    Runtime      # DAGs    # Errors  Last Runtime    Last Run
------------------------------------------------  -----  ---------  --------  ----------  --------------  -------------------
/opt/airflow/dags/project_spark_hdfs_pipeline.py                           1           0  0.10s           2026-04-07T00:25:53
================================================================================
[2026-04-07T00:26:24.151+0000] {manager.py:878} INFO - 
================================================================================
DAG File Processing Stats

File Path                                         PID    Runtime      # DAGs    # Errors  Last Runtime    Last Run
------------------------------------------------  -----  ---------  --------  ----------  --------------  -------------------
/opt/airflow/dags/project_spark_hdfs_pipeline.py                           1           0  0.10s           2026-04-07T00:26:24
================================================================================
[2026-04-07T00:26:54.324+0000] {manager.py:878} INFO - 
================================================================================
DAG File Processing Stats

File Path                                         PID    Runtime      # DAGs    # Errors  Last Runtime    Last Run
------------------------------------------------  -----  ---------  --------  ----------  --------------  -------------------
/opt/airflow/dags/project_spark_hdfs_pipeline.py                           1           0  0.10s           2026-04-07T00:26:54
================================================================================
[2026-04-07T00:27:24.499+0000] {manager.py:878} INFO - 
================================================================================
DAG File Processing Stats

File Path                                         PID    Runtime      # DAGs    # Errors  Last Runtime    Last Run
------------------------------------------------  -----  ---------  --------  ----------  --------------  -------------------
/opt/airflow/dags/project_spark_hdfs_pipeline.py                           1           0  0.10s           2026-04-07T00:27:24
================================================================================
[2026-04-07T00:27:54.673+0000] {manager.py:878} INFO - 
================================================================================
DAG File Processing Stats

File Path                                         PID    Runtime      # DAGs    # Errors  Last Runtime    Last Run
------------------------------------------------  -----  ---------  --------  ----------  --------------  -------------------
/opt/airflow/dags/project_spark_hdfs_pipeline.py                           1           0  0.10s           2026-04-07T00:27:54
================================================================================
[2026-04-07T00:28:24.848+0000] {manager.py:878} INFO - 
================================================================================
DAG File Processing Stats

File Path                                         PID    Runtime      # DAGs    # Errors  Last Runtime    Last Run
------------------------------------------------  -----  ---------  --------  ----------  --------------  -------------------
/opt/airflow/dags/project_spark_hdfs_pipeline.py                           1           0  0.10s           2026-04-07T00:28:24
================================================================================
[2026-04-07T00:28:55.020+0000] {manager.py:878} INFO - 
================================================================================
DAG File Processing Stats

File Path                                         PID    Runtime      # DAGs    # Errors  Last Runtime    Last Run
------------------------------------------------  -----  ---------  --------  ----------  --------------  -------------------
/opt/airflow/dags/project_spark_hdfs_pipeline.py                           1           0  0.10s           2026-04-07T00:28:55
================================================================================
[2026-04-07T00:29:25.193+0000] {manager.py:878} INFO - 
================================================================================
DAG File Processing Stats

File Path                                         PID    Runtime      # DAGs    # Errors  Last Runtime    Last Run
------------------------------------------------  -----  ---------  --------  ----------  --------------  -------------------
/opt/airflow/dags/project_spark_hdfs_pipeline.py                           1           0  0.10s           2026-04-07T00:29:25
================================================================================
[2026-04-07T00:29:55.367+0000] {manager.py:878} INFO - 
================================================================================
DAG File Processing Stats

File Path                                         PID    Runtime      # DAGs    # Errors  Last Runtime    Last Run
------------------------------------------------  -----  ---------  --------  ----------  --------------  -------------------
/opt/airflow/dags/project_spark_hdfs_pipeline.py                           1           0  0.10s           2026-04-07T00:29:55
================================================================================
[2026-04-07T00:30:17.007+0000] {manager.py:737} INFO - Searching for files in /opt/airflow/dags
[2026-04-07T00:30:17.008+0000] {manager.py:740} INFO - There are 1 files in /opt/airflow/dags
[2026-04-07T00:30:25.540+0000] {manager.py:878} INFO - 
================================================================================
DAG File Processing Stats

File Path                                         PID    Runtime      # DAGs    # Errors  Last Runtime    Last Run
------------------------------------------------  -----  ---------  --------  ----------  --------------  -------------------
/opt/airflow/dags/project_spark_hdfs_pipeline.py                           1           0  0.10s           2026-04-07T00:30:25
================================================================================
[2026-04-07T00:30:55.613+0000] {manager.py:878} INFO - 
================================================================================
DAG File Processing Stats

File Path                                         PID    Runtime      # DAGs    # Errors  Last Runtime    Last Run
------------------------------------------------  -----  ---------  --------  ----------  --------------  -------------------
/opt/airflow/dags/project_spark_hdfs_pipeline.py                           1           0  0.40s           2026-04-07T00:30:28
================================================================================
[2026-04-07T00:31:25.668+0000] {manager.py:878} INFO - 
================================================================================
DAG File Processing Stats

File Path                                         PID    Runtime      # DAGs    # Errors  Last Runtime    Last Run
------------------------------------------------  -----  ---------  --------  ----------  --------------  -------------------
/opt/airflow/dags/project_spark_hdfs_pipeline.py                           1           0  0.10s           2026-04-07T00:30:59
================================================================================
[2026-04-07T00:32:01.453+0000] {manager.py:878} INFO - 
================================================================================
DAG File Processing Stats

File Path                                         PID    Runtime      # DAGs    # Errors  Last Runtime    Last Run
------------------------------------------------  -----  ---------  --------  ----------  --------------  -------------------
/opt/airflow/dags/project_spark_hdfs_pipeline.py                           1           0  0.20s           2026-04-07T00:32:01
================================================================================
[2026-04-07T00:32:53.169+0000] {manager.py:452} INFO - Exiting gracefully upon receiving signal 15
[2026-04-07T00:32:54.219+0000] {manager.py:470} INFO - Processing files using up to 1 processes at a time 
[2026-04-07T00:32:54.220+0000] {manager.py:471} INFO - Process each file at most once every 30 seconds
[2026-04-07T00:32:54.220+0000] {manager.py:472} INFO - Checking for new files in /opt/airflow/dags every 300 seconds
[2026-04-07T00:32:54.220+0000] {manager.py:737} INFO - Searching for files in /opt/airflow/dags
[2026-04-07T00:32:54.225+0000] {manager.py:740} INFO - There are 1 files in /opt/airflow/dags
[2026-04-07T00:32:54.602+0000] {manager.py:878} INFO - 
================================================================================
DAG File Processing Stats

File Path                                         PID    Runtime      # DAGs    # Errors  Last Runtime    Last Run
------------------------------------------------  -----  ---------  --------  ----------  --------------  -------------------
/opt/airflow/dags/project_spark_hdfs_pipeline.py                           1           0  0.31s           2026-04-07T00:32:54
================================================================================
[2026-04-07T00:33:25.305+0000] {manager.py:878} INFO - 
================================================================================
DAG File Processing Stats

File Path                                         PID    Runtime      # DAGs    # Errors  Last Runtime    Last Run
------------------------------------------------  -----  ---------  --------  ----------  --------------  -------------------
/opt/airflow/dags/project_spark_hdfs_pipeline.py                           1           0  0.10s           2026-04-07T00:33:25
================================================================================
[2026-04-07T00:34:00.079+0000] {manager.py:878} INFO - 
================================================================================
DAG File Processing Stats

File Path                                         PID    Runtime      # DAGs    # Errors  Last Runtime    Last Run
------------------------------------------------  -----  ---------  --------  ----------  --------------  -------------------
/opt/airflow/dags/project_spark_hdfs_pipeline.py                           1           0  0.10s           2026-04-07T00:34:00
================================================================================
[2026-04-07T00:38:03.302+0000] {manager.py:470} INFO - Processing files using up to 1 processes at a time 
[2026-04-07T00:38:03.303+0000] {manager.py:471} INFO - Process each file at most once every 30 seconds
[2026-04-07T00:38:03.304+0000] {manager.py:472} INFO - Checking for new files in /opt/airflow/dags every 300 seconds
[2026-04-07T00:38:03.304+0000] {manager.py:737} INFO - Searching for files in /opt/airflow/dags
[2026-04-07T00:38:03.306+0000] {manager.py:740} INFO - There are 1 files in /opt/airflow/dags
[2026-04-07T00:38:04.052+0000] {manager.py:878} INFO - 
================================================================================
DAG File Processing Stats

File Path                                         PID    Runtime      # DAGs    # Errors  Last Runtime    Last Run
------------------------------------------------  -----  ---------  --------  ----------  --------------  -------------------
/opt/airflow/dags/project_spark_hdfs_pipeline.py                           1           0  0.31s           2026-04-07T00:38:03
================================================================================
[2026-04-07T00:39:08.104+0000] {manager.py:452} INFO - Exiting gracefully upon receiving signal 15
[2026-04-07T00:39:08.314+0000] {manager.py:470} INFO - Processing files using up to 1 processes at a time 
[2026-04-07T00:39:08.314+0000] {manager.py:471} INFO - Process each file at most once every 30 seconds
[2026-04-07T00:39:08.314+0000] {manager.py:472} INFO - Checking for new files in /opt/airflow/dags every 300 seconds
[2026-04-07T00:39:08.314+0000] {manager.py:737} INFO - Searching for files in /opt/airflow/dags
[2026-04-07T00:39:08.315+0000] {manager.py:740} INFO - There are 1 files in /opt/airflow/dags
[2026-04-07T00:39:08.541+0000] {manager.py:878} INFO - 
================================================================================
DAG File Processing Stats

File Path                                         PID    Runtime      # DAGs    # Errors  Last Runtime    Last Run
------------------------------------------------  -----  ---------  --------  ----------  --------------  -------------------
/opt/airflow/dags/project_spark_hdfs_pipeline.py                           1           0  0.20s           2026-04-07T00:39:08
================================================================================
[2026-04-07T00:39:39.586+0000] {manager.py:878} INFO - 
================================================================================
DAG File Processing Stats

File Path                                         PID    Runtime      # DAGs    # Errors  Last Runtime    Last Run
------------------------------------------------  -----  ---------  --------  ----------  --------------  -------------------
/opt/airflow/dags/project_spark_hdfs_pipeline.py                           1           0  0.10s           2026-04-07T00:39:39
================================================================================
[2026-04-07T00:40:10.351+0000] {manager.py:878} INFO - 
================================================================================
DAG File Processing Stats

File Path                                         PID    Runtime      # DAGs    # Errors  Last Runtime    Last Run
------------------------------------------------  -----  ---------  --------  ----------  --------------  -------------------
/opt/airflow/dags/project_spark_hdfs_pipeline.py                           1           0  0.10s           2026-04-07T00:40:10
================================================================================
[2026-04-07T00:40:40.500+0000] {manager.py:878} INFO - 
================================================================================
DAG File Processing Stats

File Path                                         PID    Runtime      # DAGs    # Errors  Last Runtime    Last Run
------------------------------------------------  -----  ---------  --------  ----------  --------------  -------------------
/opt/airflow/dags/project_spark_hdfs_pipeline.py                           1           0  0.10s           2026-04-07T00:40:40
================================================================================
[2026-04-07T00:41:10.652+0000] {manager.py:878} INFO - 
================================================================================
DAG File Processing Stats

File Path                                         PID    Runtime      # DAGs    # Errors  Last Runtime    Last Run
------------------------------------------------  -----  ---------  --------  ----------  --------------  -------------------
/opt/airflow/dags/project_spark_hdfs_pipeline.py                           1           0  0.10s           2026-04-07T00:41:10
================================================================================
[2026-04-07T00:41:40.801+0000] {manager.py:878} INFO - 
================================================================================
DAG File Processing Stats

File Path                                         PID    Runtime      # DAGs    # Errors  Last Runtime    Last Run
------------------------------------------------  -----  ---------  --------  ----------  --------------  -------------------
/opt/airflow/dags/project_spark_hdfs_pipeline.py                           1           0  0.10s           2026-04-07T00:41:40
================================================================================
[2026-04-07T00:42:10.953+0000] {manager.py:878} INFO - 
================================================================================
DAG File Processing Stats

File Path                                         PID    Runtime      # DAGs    # Errors  Last Runtime    Last Run
------------------------------------------------  -----  ---------  --------  ----------  --------------  -------------------
/opt/airflow/dags/project_spark_hdfs_pipeline.py                           1           0  0.10s           2026-04-07T00:42:10
================================================================================
[2026-04-07T00:42:41.104+0000] {manager.py:878} INFO - 
================================================================================
DAG File Processing Stats

File Path                                         PID    Runtime      # DAGs    # Errors  Last Runtime    Last Run
------------------------------------------------  -----  ---------  --------  ----------  --------------  -------------------
/opt/airflow/dags/project_spark_hdfs_pipeline.py                           1           0  0.10s           2026-04-07T00:42:41
================================================================================
[2026-04-07T00:43:11.254+0000] {manager.py:878} INFO - 
================================================================================
DAG File Processing Stats

File Path                                         PID    Runtime      # DAGs    # Errors  Last Runtime    Last Run
------------------------------------------------  -----  ---------  --------  ----------  --------------  -------------------
/opt/airflow/dags/project_spark_hdfs_pipeline.py                           1           0  0.10s           2026-04-07T00:43:11
================================================================================
[2026-04-07T00:43:41.408+0000] {manager.py:878} INFO - 
================================================================================
DAG File Processing Stats

File Path                                         PID    Runtime      # DAGs    # Errors  Last Runtime    Last Run
------------------------------------------------  -----  ---------  --------  ----------  --------------  -------------------
/opt/airflow/dags/project_spark_hdfs_pipeline.py                           1           0  0.10s           2026-04-07T00:43:41
================================================================================
[2026-04-07T00:44:08.408+0000] {manager.py:737} INFO - Searching for files in /opt/airflow/dags
[2026-04-07T00:44:08.408+0000] {manager.py:740} INFO - There are 1 files in /opt/airflow/dags
[2026-04-07T00:44:11.561+0000] {manager.py:878} INFO - 
================================================================================
DAG File Processing Stats

File Path                                         PID    Runtime      # DAGs    # Errors  Last Runtime    Last Run
------------------------------------------------  -----  ---------  --------  ----------  --------------  -------------------
/opt/airflow/dags/project_spark_hdfs_pipeline.py                           1           0  0.11s           2026-04-07T00:44:11
================================================================================
[2026-04-07T00:44:41.714+0000] {manager.py:878} INFO - 
================================================================================
DAG File Processing Stats

File Path                                         PID    Runtime      # DAGs    # Errors  Last Runtime    Last Run
------------------------------------------------  -----  ---------  --------  ----------  --------------  -------------------
/opt/airflow/dags/project_spark_hdfs_pipeline.py                           1           0  0.10s           2026-04-07T00:44:41
================================================================================
[2026-04-07T00:45:11.863+0000] {manager.py:878} INFO - 
================================================================================
DAG File Processing Stats

File Path                                         PID    Runtime      # DAGs    # Errors  Last Runtime    Last Run
------------------------------------------------  -----  ---------  --------  ----------  --------------  -------------------
/opt/airflow/dags/project_spark_hdfs_pipeline.py                           1           0  0.10s           2026-04-07T00:45:11
================================================================================
[2026-04-07T00:45:42.012+0000] {manager.py:878} INFO - 
================================================================================
DAG File Processing Stats

File Path                                         PID    Runtime      # DAGs    # Errors  Last Runtime    Last Run
------------------------------------------------  -----  ---------  --------  ----------  --------------  -------------------
/opt/airflow/dags/project_spark_hdfs_pipeline.py                           1           0  0.10s           2026-04-07T00:45:42
================================================================================
[2026-04-07T00:46:12.162+0000] {manager.py:878} INFO - 
================================================================================
DAG File Processing Stats

File Path                                         PID    Runtime      # DAGs    # Errors  Last Runtime    Last Run
------------------------------------------------  -----  ---------  --------  ----------  --------------  -------------------
/opt/airflow/dags/project_spark_hdfs_pipeline.py                           1           0  0.10s           2026-04-07T00:46:12
================================================================================
[2026-04-07T00:46:42.312+0000] {manager.py:878} INFO - 
================================================================================
DAG File Processing Stats

File Path                                         PID    Runtime      # DAGs    # Errors  Last Runtime    Last Run
------------------------------------------------  -----  ---------  --------  ----------  --------------  -------------------
/opt/airflow/dags/project_spark_hdfs_pipeline.py                           1           0  0.10s           2026-04-07T00:46:42
================================================================================
[2026-04-07T00:47:12.462+0000] {manager.py:878} INFO - 
================================================================================
DAG File Processing Stats

File Path                                         PID    Runtime      # DAGs    # Errors  Last Runtime    Last Run
------------------------------------------------  -----  ---------  --------  ----------  --------------  -------------------
/opt/airflow/dags/project_spark_hdfs_pipeline.py                           1           0  0.10s           2026-04-07T00:47:12
================================================================================
[2026-04-07T00:47:42.612+0000] {manager.py:878} INFO - 
================================================================================
DAG File Processing Stats

File Path                                         PID    Runtime      # DAGs    # Errors  Last Runtime    Last Run
------------------------------------------------  -----  ---------  --------  ----------  --------------  -------------------
/opt/airflow/dags/project_spark_hdfs_pipeline.py                           1           0  0.10s           2026-04-07T00:47:42
================================================================================
[2026-04-07T00:48:12.763+0000] {manager.py:878} INFO - 
================================================================================
DAG File Processing Stats

File Path                                         PID    Runtime      # DAGs    # Errors  Last Runtime    Last Run
------------------------------------------------  -----  ---------  --------  ----------  --------------  -------------------
/opt/airflow/dags/project_spark_hdfs_pipeline.py                           1           0  0.10s           2026-04-07T00:48:12
================================================================================
[2026-04-07T00:48:42.914+0000] {manager.py:878} INFO - 
================================================================================
DAG File Processing Stats

File Path                                         PID    Runtime      # DAGs    # Errors  Last Runtime    Last Run
------------------------------------------------  -----  ---------  --------  ----------  --------------  -------------------
/opt/airflow/dags/project_spark_hdfs_pipeline.py                           1           0  0.10s           2026-04-07T00:48:42
================================================================================
[2026-04-07T00:49:08.526+0000] {manager.py:737} INFO - Searching for files in /opt/airflow/dags
[2026-04-07T00:49:08.527+0000] {manager.py:740} INFO - There are 1 files in /opt/airflow/dags
[2026-04-07T00:49:13.064+0000] {manager.py:878} INFO - 
================================================================================
DAG File Processing Stats

File Path                                         PID    Runtime      # DAGs    # Errors  Last Runtime    Last Run
------------------------------------------------  -----  ---------  --------  ----------  --------------  -------------------
/opt/airflow/dags/project_spark_hdfs_pipeline.py                           1           0  0.10s           2026-04-07T00:49:13
================================================================================
[2026-04-07T00:49:43.213+0000] {manager.py:878} INFO - 
================================================================================
DAG File Processing Stats

File Path                                         PID    Runtime      # DAGs    # Errors  Last Runtime    Last Run
------------------------------------------------  -----  ---------  --------  ----------  --------------  -------------------
/opt/airflow/dags/project_spark_hdfs_pipeline.py                           1           0  0.10s           2026-04-07T00:49:43
================================================================================
[2026-04-07T00:50:13.362+0000] {manager.py:878} INFO - 
================================================================================
DAG File Processing Stats

File Path                                         PID    Runtime      # DAGs    # Errors  Last Runtime    Last Run
------------------------------------------------  -----  ---------  --------  ----------  --------------  -------------------
/opt/airflow/dags/project_spark_hdfs_pipeline.py                           1           0  0.10s           2026-04-07T00:50:13
================================================================================
[2026-04-07T00:50:43.516+0000] {manager.py:878} INFO - 
================================================================================
DAG File Processing Stats

File Path                                         PID    Runtime      # DAGs    # Errors  Last Runtime    Last Run
------------------------------------------------  -----  ---------  --------  ----------  --------------  -------------------
/opt/airflow/dags/project_spark_hdfs_pipeline.py                           1           0  0.10s           2026-04-07T00:50:43
================================================================================
[2026-04-07T00:51:13.668+0000] {manager.py:878} INFO - 
================================================================================
DAG File Processing Stats

File Path                                         PID    Runtime      # DAGs    # Errors  Last Runtime    Last Run
------------------------------------------------  -----  ---------  --------  ----------  --------------  -------------------
/opt/airflow/dags/project_spark_hdfs_pipeline.py                           1           0  0.10s           2026-04-07T00:51:13
================================================================================
[2026-04-07T00:51:43.819+0000] {manager.py:878} INFO - 
================================================================================
DAG File Processing Stats

File Path                                         PID    Runtime      # DAGs    # Errors  Last Runtime    Last Run
------------------------------------------------  -----  ---------  --------  ----------  --------------  -------------------
/opt/airflow/dags/project_spark_hdfs_pipeline.py                           1           0  0.10s           2026-04-07T00:51:43
================================================================================
[2026-04-07T00:52:13.970+0000] {manager.py:878} INFO - 
================================================================================
DAG File Processing Stats

File Path                                         PID    Runtime      # DAGs    # Errors  Last Runtime    Last Run
------------------------------------------------  -----  ---------  --------  ----------  --------------  -------------------
/opt/airflow/dags/project_spark_hdfs_pipeline.py                           1           0  0.10s           2026-04-07T00:52:13
================================================================================
[2026-04-07T00:52:44.122+0000] {manager.py:878} INFO - 
================================================================================
DAG File Processing Stats

File Path                                         PID    Runtime      # DAGs    # Errors  Last Runtime    Last Run
------------------------------------------------  -----  ---------  --------  ----------  --------------  -------------------
/opt/airflow/dags/project_spark_hdfs_pipeline.py                           1           0  0.10s           2026-04-07T00:52:44
================================================================================
[2026-04-07T00:53:15.597+0000] {manager.py:878} INFO - 
================================================================================
DAG File Processing Stats

File Path                                         PID    Runtime      # DAGs    # Errors  Last Runtime    Last Run
------------------------------------------------  -----  ---------  --------  ----------  --------------  -------------------
/opt/airflow/dags/project_spark_hdfs_pipeline.py                           1           0  1.40s           2026-04-07T00:53:15
================================================================================
[2026-04-07T00:53:46.000+0000] {manager.py:878} INFO - 
================================================================================
DAG File Processing Stats

File Path                                         PID    Runtime      # DAGs    # Errors  Last Runtime    Last Run
------------------------------------------------  -----  ---------  --------  ----------  --------------  -------------------
/opt/airflow/dags/project_spark_hdfs_pipeline.py                           1           0  0.31s           2026-04-07T00:53:45
================================================================================
[2026-04-07T00:54:08.673+0000] {manager.py:737} INFO - Searching for files in /opt/airflow/dags
[2026-04-07T00:54:08.674+0000] {manager.py:740} INFO - There are 1 files in /opt/airflow/dags
[2026-04-07T00:54:16.164+0000] {manager.py:878} INFO - 
================================================================================
DAG File Processing Stats

File Path                                         PID    Runtime      # DAGs    # Errors  Last Runtime    Last Run
------------------------------------------------  -----  ---------  --------  ----------  --------------  -------------------
/opt/airflow/dags/project_spark_hdfs_pipeline.py                           1           0  0.10s           2026-04-07T00:54:16
================================================================================
[2026-04-07T00:54:46.314+0000] {manager.py:878} INFO - 
================================================================================
DAG File Processing Stats

File Path                                         PID    Runtime      # DAGs    # Errors  Last Runtime    Last Run
------------------------------------------------  -----  ---------  --------  ----------  --------------  -------------------
/opt/airflow/dags/project_spark_hdfs_pipeline.py                           1           0  0.10s           2026-04-07T00:54:46
================================================================================
[2026-04-07T00:55:16.466+0000] {manager.py:878} INFO - 
================================================================================
DAG File Processing Stats

File Path                                         PID    Runtime      # DAGs    # Errors  Last Runtime    Last Run
------------------------------------------------  -----  ---------  --------  ----------  --------------  -------------------
/opt/airflow/dags/project_spark_hdfs_pipeline.py                           1           0  0.10s           2026-04-07T00:55:16
================================================================================
[2026-04-07T00:55:46.620+0000] {manager.py:878} INFO - 
================================================================================
DAG File Processing Stats

File Path                                         PID    Runtime      # DAGs    # Errors  Last Runtime    Last Run
------------------------------------------------  -----  ---------  --------  ----------  --------------  -------------------
/opt/airflow/dags/project_spark_hdfs_pipeline.py                           1           0  0.10s           2026-04-07T00:55:46
================================================================================
[2026-04-07T00:56:16.770+0000] {manager.py:878} INFO - 
================================================================================
DAG File Processing Stats

File Path                                         PID    Runtime      # DAGs    # Errors  Last Runtime    Last Run
------------------------------------------------  -----  ---------  --------  ----------  --------------  -------------------
/opt/airflow/dags/project_spark_hdfs_pipeline.py                           1           0  0.10s           2026-04-07T00:56:16
================================================================================
[2026-04-07T00:56:46.923+0000] {manager.py:878} INFO - 
================================================================================
DAG File Processing Stats

File Path                                         PID    Runtime      # DAGs    # Errors  Last Runtime    Last Run
------------------------------------------------  -----  ---------  --------  ----------  --------------  -------------------
/opt/airflow/dags/project_spark_hdfs_pipeline.py                           1           0  0.10s           2026-04-07T00:56:46
================================================================================
[2026-04-07T00:57:17.033+0000] {manager.py:878} INFO - 
================================================================================
DAG File Processing Stats

File Path                                         PID    Runtime      # DAGs    # Errors  Last Runtime    Last Run
------------------------------------------------  -----  ---------  --------  ----------  --------------  -------------------
/opt/airflow/dags/project_spark_hdfs_pipeline.py                           1           0  0.10s           2026-04-07T00:57:17
================================================================================
[2026-04-07T00:57:47.185+0000] {manager.py:878} INFO - 
================================================================================
DAG File Processing Stats

File Path                                         PID    Runtime      # DAGs    # Errors  Last Runtime    Last Run
------------------------------------------------  -----  ---------  --------  ----------  --------------  -------------------
/opt/airflow/dags/project_spark_hdfs_pipeline.py                           1           0  0.10s           2026-04-07T00:57:47
================================================================================
[2026-04-07T00:58:17.337+0000] {manager.py:878} INFO - 
================================================================================
DAG File Processing Stats

File Path                                         PID    Runtime      # DAGs    # Errors  Last Runtime    Last Run
------------------------------------------------  -----  ---------  --------  ----------  --------------  -------------------
/opt/airflow/dags/project_spark_hdfs_pipeline.py                           1           0  0.10s           2026-04-07T00:58:17
================================================================================
[2026-04-07T00:58:47.484+0000] {manager.py:878} INFO - 
================================================================================
DAG File Processing Stats

File Path                                         PID    Runtime      # DAGs    # Errors  Last Runtime    Last Run
------------------------------------------------  -----  ---------  --------  ----------  --------------  -------------------
/opt/airflow/dags/project_spark_hdfs_pipeline.py                           1           0  0.10s           2026-04-07T00:58:47
================================================================================
[2026-04-07T00:59:08.803+0000] {manager.py:737} INFO - Searching for files in /opt/airflow/dags
[2026-04-07T00:59:08.811+0000] {manager.py:740} INFO - There are 1 files in /opt/airflow/dags
[2026-04-07T00:59:17.634+0000] {manager.py:878} INFO - 
================================================================================
DAG File Processing Stats

File Path                                         PID    Runtime      # DAGs    # Errors  Last Runtime    Last Run
------------------------------------------------  -----  ---------  --------  ----------  --------------  -------------------
/opt/airflow/dags/project_spark_hdfs_pipeline.py                           1           0  0.10s           2026-04-07T00:59:17
================================================================================
[2026-04-07T00:59:47.782+0000] {manager.py:878} INFO - 
================================================================================
DAG File Processing Stats

File Path                                         PID    Runtime      # DAGs    # Errors  Last Runtime    Last Run
------------------------------------------------  -----  ---------  --------  ----------  --------------  -------------------
/opt/airflow/dags/project_spark_hdfs_pipeline.py                           1           0  0.10s           2026-04-07T00:59:47
================================================================================
[2026-04-07T01:00:18.561+0000] {manager.py:878} INFO - 
================================================================================
DAG File Processing Stats

File Path                                         PID    Runtime      # DAGs    # Errors  Last Runtime    Last Run
------------------------------------------------  -----  ---------  --------  ----------  --------------  -------------------
/opt/airflow/dags/project_spark_hdfs_pipeline.py                           1           0  0.10s           2026-04-07T01:00:18
================================================================================
[2026-04-07T01:01:11.616+0000] {manager.py:452} INFO - Exiting gracefully upon receiving signal 15
[2026-04-07T01:01:12.396+0000] {manager.py:470} INFO - Processing files using up to 1 processes at a time 
[2026-04-07T01:01:12.396+0000] {manager.py:471} INFO - Process each file at most once every 30 seconds
[2026-04-07T01:01:12.397+0000] {manager.py:472} INFO - Checking for new files in /opt/airflow/dags every 300 seconds
[2026-04-07T01:01:12.397+0000] {manager.py:737} INFO - Searching for files in /opt/airflow/dags
[2026-04-07T01:01:12.400+0000] {manager.py:740} INFO - There are 1 files in /opt/airflow/dags
[2026-04-07T01:01:12.573+0000] {manager.py:878} INFO - 
================================================================================
DAG File Processing Stats

File Path                                         PID    Runtime      # DAGs    # Errors  Last Runtime    Last Run
------------------------------------------------  -----  ---------  --------  ----------  --------------  -------------------
/opt/airflow/dags/project_spark_hdfs_pipeline.py                           1           0  0.10s           2026-04-07T01:01:12
================================================================================
[2026-04-07T01:01:43.213+0000] {manager.py:878} INFO - 
================================================================================
DAG File Processing Stats

File Path                                         PID    Runtime      # DAGs    # Errors  Last Runtime    Last Run
------------------------------------------------  -----  ---------  --------  ----------  --------------  -------------------
/opt/airflow/dags/project_spark_hdfs_pipeline.py                           1           0  0.10s           2026-04-07T01:01:43
================================================================================
[2026-04-07T01:02:13.337+0000] {manager.py:878} INFO - 
================================================================================
DAG File Processing Stats

File Path                                         PID    Runtime      # DAGs    # Errors  Last Runtime    Last Run
------------------------------------------------  -----  ---------  --------  ----------  --------------  -------------------
/opt/airflow/dags/project_spark_hdfs_pipeline.py                           1           0  0.10s           2026-04-07T01:02:13
================================================================================
[2026-04-07T01:02:43.486+0000] {manager.py:878} INFO - 
================================================================================
DAG File Processing Stats

File Path                                         PID    Runtime      # DAGs    # Errors  Last Runtime    Last Run
------------------------------------------------  -----  ---------  --------  ----------  --------------  -------------------
/opt/airflow/dags/project_spark_hdfs_pipeline.py                           1           0  0.10s           2026-04-07T01:02:43
================================================================================
