[2026-04-06T23:54:17.534+0000] {local_task_job_runner.py:120} INFO - ::group::Pre task execution logs
[2026-04-06T23:54:17.562+0000] {taskinstance.py:2076} INFO - Dependencies all met for dep_context=non-requeueable deps ti=<TaskInstance: project_spark_hdfs_pipeline.run_spark_transform scheduled__2026-04-05T01:00:00+00:00 [queued]>
[2026-04-06T23:54:17.569+0000] {taskinstance.py:2076} INFO - Dependencies all met for dep_context=requeueable deps ti=<TaskInstance: project_spark_hdfs_pipeline.run_spark_transform scheduled__2026-04-05T01:00:00+00:00 [queued]>
[2026-04-06T23:54:17.569+0000] {taskinstance.py:2306} INFO - Starting attempt 1 of 1
[2026-04-06T23:54:17.589+0000] {taskinstance.py:2330} INFO - Executing <Task(BashOperator): run_spark_transform> on 2026-04-05 01:00:00+00:00
[2026-04-06T23:54:17.594+0000] {standard_task_runner.py:63} INFO - Started process 640 to run task
[2026-04-06T23:54:17.596+0000] {standard_task_runner.py:90} INFO - Running: ['airflow', 'tasks', 'run', 'project_spark_hdfs_pipeline', 'run_spark_transform', 'scheduled__2026-04-05T01:00:00+00:00', '--job-id', '5', '--raw', '--subdir', 'DAGS_FOLDER/project_spark_hdfs_pipeline.py', '--cfg-path', '/tmp/tmpjjjkk94q']
[2026-04-06T23:54:17.598+0000] {standard_task_runner.py:91} INFO - Job 5: Subtask run_spark_transform
[2026-04-06T23:54:17.640+0000] {task_command.py:426} INFO - Running <TaskInstance: project_spark_hdfs_pipeline.run_spark_transform scheduled__2026-04-05T01:00:00+00:00 [running]> on host 523c55d787ed
[2026-04-06T23:54:17.722+0000] {taskinstance.py:2648} INFO - Exporting env vars: AIRFLOW_CTX_DAG_OWNER='airflow' AIRFLOW_CTX_DAG_ID='project_spark_hdfs_pipeline' AIRFLOW_CTX_TASK_ID='run_spark_transform' AIRFLOW_CTX_EXECUTION_DATE='2026-04-05T01:00:00+00:00' AIRFLOW_CTX_TRY_NUMBER='1' AIRFLOW_CTX_DAG_RUN_ID='scheduled__2026-04-05T01:00:00+00:00'
[2026-04-06T23:54:17.723+0000] {taskinstance.py:430} INFO - ::endgroup::
[2026-04-06T23:54:17.739+0000] {subprocess.py:63} INFO - Tmp dir root location: /tmp
[2026-04-06T23:54:17.739+0000] {subprocess.py:75} INFO - Running command: ['/usr/bin/bash', '-c', "/bin/bash -lc '/opt/project/scripts/run-hdfs-etl.sh all'"]
[2026-04-06T23:54:17.749+0000] {subprocess.py:86} INFO - Output:
[2026-04-06T23:54:17.785+0000] {subprocess.py:93} INFO - Downloading sbt launcher for 1.9.8:
[2026-04-06T23:54:17.786+0000] {subprocess.py:93} INFO -   From  https://repo1.maven.org/maven2/org/scala-sbt/sbt-launch/1.9.8/sbt-launch-1.9.8.jar
[2026-04-06T23:54:17.786+0000] {subprocess.py:93} INFO -     To  /home/airflow/.sbt/launchers/1.9.8/sbt-launch.jar
[2026-04-06T23:54:24.252+0000] {subprocess.py:93} INFO - Downloading sbt launcher 1.9.8 md5 hash:
[2026-04-06T23:54:24.253+0000] {subprocess.py:93} INFO -   From  https://repo1.maven.org/maven2/org/scala-sbt/sbt-launch/1.9.8/sbt-launch-1.9.8.jar.md5
[2026-04-06T23:54:24.253+0000] {subprocess.py:93} INFO -     To  /home/airflow/.sbt/launchers/1.9.8/sbt-launch.jar.md5
[2026-04-06T23:54:24.462+0000] {subprocess.py:93} INFO - /home/airflow/.sbt/launchers/1.9.8/sbt-launch.jar: OK
[2026-04-06T23:54:24.735+0000] {subprocess.py:93} INFO - [info] [launcher] getting org.scala-sbt sbt 1.9.8  (this may take some time)...
[2026-04-06T23:54:31.731+0000] {subprocess.py:93} INFO - [info] [launcher] getting Scala 2.12.18 (for sbt)...
[2026-04-06T23:54:32.780+0000] {subprocess.py:93} INFO - [info] welcome to sbt 1.9.8 (Debian Java 17.0.18)
[2026-04-06T23:54:35.018+0000] {subprocess.py:93} INFO - [info] loading settings for project project-build from plugins.sbt ...
[2026-04-06T23:54:35.822+0000] {subprocess.py:93} INFO - [info] loading project definition from /opt/project/project
[2026-04-06T23:54:46.042+0000] {subprocess.py:93} INFO - [info] loading settings for project root from build.sbt ...
[2026-04-06T23:54:46.282+0000] {subprocess.py:93} INFO - [info] set current project to project-spark-scala-etl (in build file:/opt/project/)
[2026-04-06T23:55:07.877+0000] {subprocess.py:93} INFO - [info] compiling 22 Scala sources to /opt/project/target/scala-2.12/classes ...
[2026-04-06T23:55:08.094+0000] {subprocess.py:93} INFO - [info] Non-compiled module 'compiler-bridge_2.12' for Scala 2.12.19. Compiling...
[2026-04-06T23:55:18.783+0000] {subprocess.py:93} INFO - [info]   Compilation completed in 10.688s.
[2026-04-06T23:55:21.673+0000] {subprocess.py:93} INFO - [info] done compiling
[2026-04-06T23:55:23.514+0000] {subprocess.py:93} INFO - [info] 1834 file(s) merged using strategy 'First' (Run the task at debug level to see the details)
[2026-04-06T23:55:23.580+0000] {subprocess.py:93} INFO - [info] 962 file(s) merged using strategy 'Discard' (Run the task at debug level to see the details)
[2026-04-06T23:55:23.602+0000] {subprocess.py:93} INFO - [info] 12 file(s) merged using strategy 'Concat' (Run the task at debug level to see the details)
[2026-04-06T23:55:58.823+0000] {subprocess.py:93} INFO - [info] Built: /opt/project/target/scala-2.12/project-spark-scala-etl-assembly-0.1.0-SNAPSHOT.jar
[2026-04-06T23:55:58.845+0000] {subprocess.py:93} INFO - [info] Jar hash: 65751daab68c82df36034929870c200a7b04d7df
[2026-04-06T23:55:58.897+0000] {subprocess.py:93} INFO - [success] Total time: 72 s (01:12), completed Apr 6, 2026, 11:55:58 PM
[2026-04-06T23:56:00.449+0000] {subprocess.py:93} INFO -  Container project-spark-postgres Running
[2026-04-06T23:56:00.466+0000] {subprocess.py:93} INFO -  Container project-spark-namenode Recreate
[2026-04-06T23:56:13.430+0000] {subprocess.py:93} INFO -  Container project-spark-namenode Recreated
[2026-04-06T23:56:13.431+0000] {subprocess.py:93} INFO -  Container project-spark-datanode Running
[2026-04-06T23:56:13.433+0000] {subprocess.py:93} INFO -  Container project-spark-namenode Starting
[2026-04-06T23:56:13.966+0000] {subprocess.py:93} INFO -  Container project-spark-namenode Started
[2026-04-06T23:56:13.966+0000] {subprocess.py:93} INFO -  Container project-spark-namenode Waiting
[2026-04-06T23:56:25.968+0000] {subprocess.py:93} INFO -  Container project-spark-namenode Healthy
[2026-04-06T23:56:26.119+0000] {subprocess.py:93} INFO -  Container project-spark-postgres Waiting
[2026-04-06T23:56:26.119+0000] {subprocess.py:93} INFO -  Container project-spark-namenode Waiting
[2026-04-06T23:56:26.621+0000] {subprocess.py:93} INFO -  Container project-spark-namenode Healthy
[2026-04-06T23:56:26.681+0000] {subprocess.py:93} INFO -  Container project-spark-postgres Healthy
[2026-04-06T23:56:26.682+0000] {subprocess.py:93} INFO -  Container project-spark-scala-etl-master-spark-submit-run-57b4b297bdb1 Creating
[2026-04-06T23:56:28.822+0000] {subprocess.py:93} INFO -  Container project-spark-scala-etl-master-spark-submit-run-57b4b297bdb1 Created
[2026-04-06T23:56:33.665+0000] {subprocess.py:93} INFO - 26/04/06 23:56:33 WARN DependencyUtils: Local jar /opt/project/target/scala-2.12/project-spark-scala-etl-assembly-0.1.0-SNAPSHOT.jar does not exist, skipping.
[2026-04-06T23:56:33.667+0000] {subprocess.py:93} INFO - Error: Failed to load class Main.
[2026-04-06T23:56:33.676+0000] {subprocess.py:93} INFO - 26/04/06 23:56:33 INFO ShutdownHookManager: Shutdown hook called
[2026-04-06T23:56:33.676+0000] {subprocess.py:93} INFO - 26/04/06 23:56:33 INFO ShutdownHookManager: Deleting directory /tmp/spark-4691938b-4d8f-4b68-8dde-079a16a2a603
[2026-04-06T23:56:34.153+0000] {subprocess.py:93} INFO - 
[2026-04-06T23:56:34.165+0000] {subprocess.py:97} INFO - Command exited with return code 101
[2026-04-06T23:56:34.175+0000] {taskinstance.py:441} INFO - ::group::Post task execution logs
[2026-04-06T23:56:34.242+0000] {taskinstance.py:2905} ERROR - Task failed with exception
Traceback (most recent call last):
  File "/home/airflow/.local/lib/python3.12/site-packages/airflow/models/taskinstance.py", line 465, in _execute_task
    result = _execute_callable(context=context, **execute_callable_kwargs)
             ^^^^^^^^^^^^^^^^^^^^^^^^^^^^^^^^^^^^^^^^^^^^^^^^^^^^^^^^^^^^^
  File "/home/airflow/.local/lib/python3.12/site-packages/airflow/models/taskinstance.py", line 432, in _execute_callable
    return execute_callable(context=context, **execute_callable_kwargs)
           ^^^^^^^^^^^^^^^^^^^^^^^^^^^^^^^^^^^^^^^^^^^^^^^^^^^^^^^^^^^^
  File "/home/airflow/.local/lib/python3.12/site-packages/airflow/models/baseoperator.py", line 400, in wrapper
    return func(self, *args, **kwargs)
           ^^^^^^^^^^^^^^^^^^^^^^^^^^^
  File "/home/airflow/.local/lib/python3.12/site-packages/airflow/operators/bash.py", line 243, in execute
    raise AirflowException(
airflow.exceptions.AirflowException: Bash command failed. The command returned a non-zero exit code 101.
[2026-04-06T23:56:34.301+0000] {taskinstance.py:1206} INFO - Marking task as FAILED. dag_id=project_spark_hdfs_pipeline, task_id=run_spark_transform, run_id=scheduled__2026-04-05T01:00:00+00:00, execution_date=20260405T010000, start_date=20260406T235417, end_date=20260406T235634
[2026-04-06T23:56:34.373+0000] {standard_task_runner.py:110} ERROR - Failed to execute job 5 for task run_spark_transform (Bash command failed. The command returned a non-zero exit code 101.; 640)
[2026-04-06T23:56:34.428+0000] {local_task_job_runner.py:240} INFO - Task exited with return code 1
[2026-04-06T23:56:34.583+0000] {taskinstance.py:3498} INFO - 0 downstream tasks scheduled from follow-on schedule check
[2026-04-06T23:56:34.609+0000] {local_task_job_runner.py:222} INFO - ::endgroup::
[2026-04-06T23:58:05.814+0000] {local_task_job_runner.py:120} INFO - ::group::Pre task execution logs
[2026-04-06T23:58:05.853+0000] {taskinstance.py:2076} INFO - Dependencies all met for dep_context=non-requeueable deps ti=<TaskInstance: project_spark_hdfs_pipeline.run_spark_transform scheduled__2026-04-05T01:00:00+00:00 [queued]>
[2026-04-06T23:58:05.861+0000] {taskinstance.py:2076} INFO - Dependencies all met for dep_context=requeueable deps ti=<TaskInstance: project_spark_hdfs_pipeline.run_spark_transform scheduled__2026-04-05T01:00:00+00:00 [queued]>
[2026-04-06T23:58:05.861+0000] {taskinstance.py:2306} INFO - Starting attempt 1 of 1
[2026-04-06T23:58:05.882+0000] {taskinstance.py:2330} INFO - Executing <Task(BashOperator): run_spark_transform> on 2026-04-05 01:00:00+00:00
[2026-04-06T23:58:05.886+0000] {standard_task_runner.py:63} INFO - Started process 651 to run task
[2026-04-06T23:58:05.889+0000] {standard_task_runner.py:90} INFO - Running: ['airflow', 'tasks', 'run', 'project_spark_hdfs_pipeline', 'run_spark_transform', 'scheduled__2026-04-05T01:00:00+00:00', '--job-id', '5', '--raw', '--subdir', 'DAGS_FOLDER/project_spark_hdfs_pipeline.py', '--cfg-path', '/tmp/tmp1yrk0xu9']
[2026-04-06T23:58:05.891+0000] {standard_task_runner.py:91} INFO - Job 5: Subtask run_spark_transform
[2026-04-06T23:58:05.936+0000] {task_command.py:426} INFO - Running <TaskInstance: project_spark_hdfs_pipeline.run_spark_transform scheduled__2026-04-05T01:00:00+00:00 [running]> on host 1d39bff5e3d1
[2026-04-06T23:58:06.031+0000] {taskinstance.py:2648} INFO - Exporting env vars: AIRFLOW_CTX_DAG_OWNER='airflow' AIRFLOW_CTX_DAG_ID='project_spark_hdfs_pipeline' AIRFLOW_CTX_TASK_ID='run_spark_transform' AIRFLOW_CTX_EXECUTION_DATE='2026-04-05T01:00:00+00:00' AIRFLOW_CTX_TRY_NUMBER='1' AIRFLOW_CTX_DAG_RUN_ID='scheduled__2026-04-05T01:00:00+00:00'
[2026-04-06T23:58:06.032+0000] {taskinstance.py:430} INFO - ::endgroup::
[2026-04-06T23:58:06.053+0000] {subprocess.py:63} INFO - Tmp dir root location: /tmp
[2026-04-06T23:58:06.054+0000] {subprocess.py:75} INFO - Running command: ['/usr/bin/bash', '-c', "/bin/bash -lc '/opt/project/scripts/run-hdfs-etl.sh all'"]
[2026-04-06T23:58:06.066+0000] {subprocess.py:86} INFO - Output:
[2026-04-06T23:58:06.233+0000] {subprocess.py:93} INFO - Downloading sbt launcher for 1.9.8:
[2026-04-06T23:58:06.233+0000] {subprocess.py:93} INFO -   From  https://repo1.maven.org/maven2/org/scala-sbt/sbt-launch/1.9.8/sbt-launch-1.9.8.jar
[2026-04-06T23:58:06.233+0000] {subprocess.py:93} INFO -     To  /home/airflow/.sbt/launchers/1.9.8/sbt-launch.jar
[2026-04-06T23:58:08.361+0000] {subprocess.py:93} INFO - Downloading sbt launcher 1.9.8 md5 hash:
[2026-04-06T23:58:08.361+0000] {subprocess.py:93} INFO -   From  https://repo1.maven.org/maven2/org/scala-sbt/sbt-launch/1.9.8/sbt-launch-1.9.8.jar.md5
[2026-04-06T23:58:08.362+0000] {subprocess.py:93} INFO -     To  /home/airflow/.sbt/launchers/1.9.8/sbt-launch.jar.md5
[2026-04-06T23:58:08.544+0000] {subprocess.py:93} INFO - /home/airflow/.sbt/launchers/1.9.8/sbt-launch.jar: OK
[2026-04-06T23:58:09.197+0000] {subprocess.py:93} INFO - [info] [launcher] getting org.scala-sbt sbt 1.9.8  (this may take some time)...
[2026-04-06T23:58:17.655+0000] {subprocess.py:93} INFO - [info] [launcher] getting Scala 2.12.18 (for sbt)...
[2026-04-06T23:58:18.676+0000] {subprocess.py:93} INFO - [info] welcome to sbt 1.9.8 (Debian Java 17.0.18)
[2026-04-06T23:58:21.499+0000] {subprocess.py:93} INFO - [info] loading settings for project project-build from plugins.sbt ...
[2026-04-06T23:58:22.385+0000] {subprocess.py:93} INFO - [info] loading project definition from /opt/project/project
[2026-04-06T23:58:22.786+0000] {subprocess.py:93} INFO - [warn] sbt-assembly_2.12_1.0-2.3.1.jar no longer exists at /home/airflow/.cache/coursier/v1/https/repo1.maven.org/maven2/com/eed3si9n/sbt-assembly_2.12_1.0/2.3.1/sbt-assembly_2.12_1.0-2.3.1.jar
[2026-04-06T23:58:27.748+0000] {subprocess.py:93} INFO - [info] loading settings for project root from build.sbt ...
[2026-04-06T23:58:27.993+0000] {subprocess.py:93} INFO - [info] set current project to project-spark-scala-etl (in build file:/opt/project/)
[2026-04-06T23:58:28.574+0000] {subprocess.py:93} INFO - [warn] scala-library-2.12.19.jar no longer exists at /home/airflow/.cache/coursier/v1/https/repo1.maven.org/maven2/org/scala-lang/scala-library/2.12.19/scala-library-2.12.19.jar
[2026-04-06T23:59:00.451+0000] {subprocess.py:93} INFO - [info] Assembly jar up to date: /opt/project/target/scala-2.12/project-spark-scala-etl-assembly-0.1.0-SNAPSHOT.jar
[2026-04-06T23:59:00.533+0000] {subprocess.py:93} INFO - [success] Total time: 32 s, completed Apr 6, 2026, 11:59:00 PM
[2026-04-06T23:59:01.332+0000] {subprocess.py:93} INFO -  Container project-spark-postgres Running
[2026-04-06T23:59:01.332+0000] {subprocess.py:93} INFO -  Container project-spark-namenode Recreate
[2026-04-06T23:59:11.792+0000] {subprocess.py:93} INFO -  Container project-spark-namenode Recreated
[2026-04-06T23:59:11.793+0000] {subprocess.py:93} INFO -  Container project-spark-datanode Running
[2026-04-06T23:59:11.797+0000] {subprocess.py:93} INFO -  Container project-spark-namenode Starting
[2026-04-06T23:59:12.006+0000] {subprocess.py:93} INFO -  Container project-spark-namenode Started
[2026-04-06T23:59:12.006+0000] {subprocess.py:93} INFO -  Container project-spark-namenode Waiting
[2026-04-06T23:59:22.508+0000] {subprocess.py:93} INFO -  Container project-spark-namenode Healthy
[2026-04-06T23:59:22.514+0000] {subprocess.py:93} INFO -  Container project-spark-namenode Waiting
[2026-04-06T23:59:22.514+0000] {subprocess.py:93} INFO -  Container project-spark-postgres Waiting
[2026-04-06T23:59:23.016+0000] {subprocess.py:93} INFO -  Container project-spark-namenode Healthy
[2026-04-06T23:59:23.016+0000] {subprocess.py:93} INFO -  Container project-spark-postgres Healthy
[2026-04-06T23:59:23.016+0000] {subprocess.py:93} INFO -  Container project-spark-scala-etl-master-spark-submit-run-cdceacec3442 Creating
[2026-04-06T23:59:23.194+0000] {subprocess.py:93} INFO -  Container project-spark-scala-etl-master-spark-submit-run-cdceacec3442 Created
[2026-04-06T23:59:25.034+0000] {subprocess.py:93} INFO - 26/04/06 23:59:25 WARN DependencyUtils: Local jar /opt/project/target/scala-2.12/project-spark-scala-etl-assembly-0.1.0-SNAPSHOT.jar does not exist, skipping.
[2026-04-06T23:59:25.036+0000] {subprocess.py:93} INFO - Error: Failed to load class Main.
[2026-04-06T23:59:25.039+0000] {subprocess.py:93} INFO - 26/04/06 23:59:25 INFO ShutdownHookManager: Shutdown hook called
[2026-04-06T23:59:25.040+0000] {subprocess.py:93} INFO - 26/04/06 23:59:25 INFO ShutdownHookManager: Deleting directory /tmp/spark-d4520717-c188-493f-835b-f66ff9e4eaae
[2026-04-06T23:59:25.204+0000] {subprocess.py:93} INFO - 
[2026-04-06T23:59:25.207+0000] {subprocess.py:97} INFO - Command exited with return code 101
[2026-04-06T23:59:25.209+0000] {taskinstance.py:441} INFO - ::group::Post task execution logs
[2026-04-06T23:59:25.214+0000] {taskinstance.py:2905} ERROR - Task failed with exception
Traceback (most recent call last):
  File "/home/airflow/.local/lib/python3.12/site-packages/airflow/models/taskinstance.py", line 465, in _execute_task
    result = _execute_callable(context=context, **execute_callable_kwargs)
             ^^^^^^^^^^^^^^^^^^^^^^^^^^^^^^^^^^^^^^^^^^^^^^^^^^^^^^^^^^^^^
  File "/home/airflow/.local/lib/python3.12/site-packages/airflow/models/taskinstance.py", line 432, in _execute_callable
    return execute_callable(context=context, **execute_callable_kwargs)
           ^^^^^^^^^^^^^^^^^^^^^^^^^^^^^^^^^^^^^^^^^^^^^^^^^^^^^^^^^^^^
  File "/home/airflow/.local/lib/python3.12/site-packages/airflow/models/baseoperator.py", line 400, in wrapper
    return func(self, *args, **kwargs)
           ^^^^^^^^^^^^^^^^^^^^^^^^^^^
  File "/home/airflow/.local/lib/python3.12/site-packages/airflow/operators/bash.py", line 243, in execute
    raise AirflowException(
airflow.exceptions.AirflowException: Bash command failed. The command returned a non-zero exit code 101.
[2026-04-06T23:59:25.218+0000] {taskinstance.py:1206} INFO - Marking task as FAILED. dag_id=project_spark_hdfs_pipeline, task_id=run_spark_transform, run_id=scheduled__2026-04-05T01:00:00+00:00, execution_date=20260405T010000, start_date=20260406T235805, end_date=20260406T235925
[2026-04-06T23:59:25.238+0000] {standard_task_runner.py:110} ERROR - Failed to execute job 5 for task run_spark_transform (Bash command failed. The command returned a non-zero exit code 101.; 651)
[2026-04-06T23:59:25.254+0000] {local_task_job_runner.py:240} INFO - Task exited with return code 1
[2026-04-06T23:59:25.267+0000] {taskinstance.py:3498} INFO - 0 downstream tasks scheduled from follow-on schedule check
[2026-04-06T23:59:25.279+0000] {local_task_job_runner.py:222} INFO - ::endgroup::
