[2026-04-07T00:39:11.337+0000] {local_task_job_runner.py:120} INFO - ::group::Pre task execution logs
[2026-04-07T00:39:11.356+0000] {taskinstance.py:2076} INFO - Dependencies all met for dep_context=non-requeueable deps ti=<TaskInstance: project_spark_hdfs_pipeline.list_hdfs_results manual__2026-04-07T00:33:49+00:00 [queued]>
[2026-04-07T00:39:11.362+0000] {taskinstance.py:2076} INFO - Dependencies all met for dep_context=requeueable deps ti=<TaskInstance: project_spark_hdfs_pipeline.list_hdfs_results manual__2026-04-07T00:33:49+00:00 [queued]>
[2026-04-07T00:39:11.363+0000] {taskinstance.py:2306} INFO - Starting attempt 1 of 1
[2026-04-07T00:39:11.379+0000] {taskinstance.py:2330} INFO - Executing <Task(BashOperator): list_hdfs_results> on 2026-04-07 00:33:49+00:00
[2026-04-07T00:39:11.383+0000] {standard_task_runner.py:63} INFO - Started process 360 to run task
[2026-04-07T00:39:11.385+0000] {standard_task_runner.py:90} INFO - Running: ['airflow', 'tasks', 'run', 'project_spark_hdfs_pipeline', 'list_hdfs_results', 'manual__2026-04-07T00:33:49+00:00', '--job-id', '32', '--raw', '--subdir', 'DAGS_FOLDER/project_spark_hdfs_pipeline.py', '--cfg-path', '/tmp/tmprjme62t2']
[2026-04-07T00:39:11.386+0000] {standard_task_runner.py:91} INFO - Job 32: Subtask list_hdfs_results
[2026-04-07T00:39:11.419+0000] {task_command.py:426} INFO - Running <TaskInstance: project_spark_hdfs_pipeline.list_hdfs_results manual__2026-04-07T00:33:49+00:00 [running]> on host 5b034116cd08
[2026-04-07T00:39:11.485+0000] {taskinstance.py:2648} INFO - Exporting env vars: AIRFLOW_CTX_DAG_OWNER='airflow' AIRFLOW_CTX_DAG_ID='project_spark_hdfs_pipeline' AIRFLOW_CTX_TASK_ID='list_hdfs_results' AIRFLOW_CTX_EXECUTION_DATE='2026-04-07T00:33:49+00:00' AIRFLOW_CTX_TRY_NUMBER='1' AIRFLOW_CTX_DAG_RUN_ID='manual__2026-04-07T00:33:49+00:00'
[2026-04-07T00:39:11.486+0000] {taskinstance.py:430} INFO - ::endgroup::
[2026-04-07T00:39:11.501+0000] {subprocess.py:63} INFO - Tmp dir root location: /tmp
[2026-04-07T00:39:11.502+0000] {subprocess.py:75} INFO - Running command: ['/usr/bin/bash', '-c', "/bin/bash -lc '/opt/project/scripts/list-hdfs-results.sh'"]
[2026-04-07T00:39:11.511+0000] {subprocess.py:86} INFO - Output:
[2026-04-07T00:39:11.525+0000] {subprocess.py:93} INFO - == HDFS parquet results ==
[2026-04-07T00:39:14.439+0000] {subprocess.py:93} INFO - drwxr-xr-x   - spark supergroup          0 2026-04-07 00:39 /project-spark/curated/parquet/forbes
[2026-04-07T00:39:14.442+0000] {subprocess.py:93} INFO - drwxr-xr-x   - spark supergroup          0 2026-04-07 00:38 /project-spark/curated/parquet/forbes/cleaned_forbes
[2026-04-07T00:39:14.445+0000] {subprocess.py:93} INFO - -rw-r--r--   3 spark supergroup          0 2026-04-07 00:38 /project-spark/curated/parquet/forbes/cleaned_forbes/_SUCCESS
[2026-04-07T00:39:14.446+0000] {subprocess.py:93} INFO - -rw-r--r--   3 spark supergroup     103285 2026-04-07 00:38 /project-spark/curated/parquet/forbes/cleaned_forbes/part-00000-281a3a79-ad3d-40c4-ba3b-98d9248cf760-c000.snappy.parquet
[2026-04-07T00:39:14.446+0000] {subprocess.py:93} INFO - drwxr-xr-x   - spark supergroup          0 2026-04-07 00:39 /project-spark/curated/parquet/forbes/country_counts
[2026-04-07T00:39:14.447+0000] {subprocess.py:93} INFO - -rw-r--r--   3 spark supergroup          0 2026-04-07 00:39 /project-spark/curated/parquet/forbes/country_counts/_SUCCESS
[2026-04-07T00:39:14.448+0000] {subprocess.py:93} INFO - -rw-r--r--   3 spark supergroup       1839 2026-04-07 00:39 /project-spark/curated/parquet/forbes/country_counts/part-00000-ef11555f-fdc0-4651-b49c-ee54132de877-c000.snappy.parquet
[2026-04-07T00:39:14.448+0000] {subprocess.py:93} INFO - drwxr-xr-x   - spark supergroup          0 2026-04-07 00:39 /project-spark/curated/parquet/forbes/top_10_self_made
[2026-04-07T00:39:14.449+0000] {subprocess.py:93} INFO - -rw-r--r--   3 spark supergroup          0 2026-04-07 00:39 /project-spark/curated/parquet/forbes/top_10_self_made/_SUCCESS
[2026-04-07T00:39:14.449+0000] {subprocess.py:93} INFO - -rw-r--r--   3 spark supergroup       1571 2026-04-07 00:39 /project-spark/curated/parquet/forbes/top_10_self_made/part-00000-b5455a80-87b6-4fd4-9772-225a60d72103-c000.snappy.parquet
[2026-04-07T00:39:14.449+0000] {subprocess.py:93} INFO - drwxr-xr-x   - spark supergroup          0 2026-04-07 00:38 /project-spark/curated/parquet/forbes/under_fifty
[2026-04-07T00:39:14.451+0000] {subprocess.py:93} INFO - -rw-r--r--   3 spark supergroup          0 2026-04-07 00:38 /project-spark/curated/parquet/forbes/under_fifty/_SUCCESS
[2026-04-07T00:39:14.451+0000] {subprocess.py:93} INFO - -rw-r--r--   3 spark supergroup      10899 2026-04-07 00:38 /project-spark/curated/parquet/forbes/under_fifty/part-00000-8dbafc24-837a-41be-aa61-0e3e72ae96e6-c000.snappy.parquet
[2026-04-07T00:39:14.451+0000] {subprocess.py:93} INFO - drwxr-xr-x   - spark supergroup          0 2026-04-07 00:38 /project-spark/curated/parquet/transactions
[2026-04-07T00:39:14.453+0000] {subprocess.py:93} INFO - drwxr-xr-x   - spark supergroup          0 2026-04-07 00:38 /project-spark/curated/parquet/transactions/china
[2026-04-07T00:39:14.454+0000] {subprocess.py:93} INFO - -rw-r--r--   3 spark supergroup          0 2026-04-07 00:38 /project-spark/curated/parquet/transactions/china/_SUCCESS
[2026-04-07T00:39:14.455+0000] {subprocess.py:93} INFO - -rw-r--r--   3 spark supergroup      18718 2026-04-07 00:38 /project-spark/curated/parquet/transactions/china/part-00000-6528a95d-26dd-4e8d-af84-600262f95517-c000.snappy.parquet
[2026-04-07T00:39:14.456+0000] {subprocess.py:93} INFO - drwxr-xr-x   - spark supergroup          0 2026-04-07 00:38 /project-spark/curated/parquet/transactions/cleaned_transactions
[2026-04-07T00:39:14.457+0000] {subprocess.py:93} INFO - -rw-r--r--   3 spark supergroup          0 2026-04-07 00:38 /project-spark/curated/parquet/transactions/cleaned_transactions/_SUCCESS
[2026-04-07T00:39:14.457+0000] {subprocess.py:93} INFO - -rw-r--r--   3 spark supergroup      74891 2026-04-07 00:38 /project-spark/curated/parquet/transactions/cleaned_transactions/part-00000-80257bed-f45e-45c1-84a5-83ba8e8b5b93-c000.snappy.parquet
[2026-04-07T00:39:14.457+0000] {subprocess.py:93} INFO - drwxr-xr-x   - spark supergroup          0 2026-04-07 00:38 /project-spark/curated/parquet/transactions/france
[2026-04-07T00:39:14.459+0000] {subprocess.py:93} INFO - -rw-r--r--   3 spark supergroup          0 2026-04-07 00:38 /project-spark/curated/parquet/transactions/france/_SUCCESS
[2026-04-07T00:39:14.459+0000] {subprocess.py:93} INFO - -rw-r--r--   3 spark supergroup       7284 2026-04-07 00:38 /project-spark/curated/parquet/transactions/france/part-00000-4b5fe9d5-fea7-4c65-bc52-4c4722ff7b45-c000.snappy.parquet
[2026-04-07T00:39:14.459+0000] {subprocess.py:93} INFO - drwxr-xr-x   - spark supergroup          0 2026-04-07 00:38 /project-spark/curated/parquet/transactions/poland
[2026-04-07T00:39:14.460+0000] {subprocess.py:93} INFO - -rw-r--r--   3 spark supergroup          0 2026-04-07 00:38 /project-spark/curated/parquet/transactions/poland/_SUCCESS
[2026-04-07T00:39:14.461+0000] {subprocess.py:93} INFO - -rw-r--r--   3 spark supergroup       7135 2026-04-07 00:38 /project-spark/curated/parquet/transactions/poland/part-00000-f0a4a0e1-23ba-40c7-a09b-ae251a888f18-c000.snappy.parquet
[2026-04-07T00:39:14.461+0000] {subprocess.py:93} INFO - drwxr-xr-x   - spark supergroup          0 2026-04-07 00:38 /project-spark/curated/parquet/transactions/top_10_countries
[2026-04-07T00:39:14.462+0000] {subprocess.py:93} INFO - -rw-r--r--   3 spark supergroup          0 2026-04-07 00:38 /project-spark/curated/parquet/transactions/top_10_countries/_SUCCESS
[2026-04-07T00:39:14.462+0000] {subprocess.py:93} INFO - -rw-r--r--   3 spark supergroup       1026 2026-04-07 00:38 /project-spark/curated/parquet/transactions/top_10_countries/part-00000-d0c5ab2a-40f1-49bf-8d2a-0c1514f6ec47-c000.snappy.parquet
[2026-04-07T00:39:14.462+0000] {subprocess.py:93} INFO - drwxr-xr-x   - spark supergroup          0 2026-04-07 00:38 /project-spark/curated/parquet/transactions/usa
[2026-04-07T00:39:14.463+0000] {subprocess.py:93} INFO - -rw-r--r--   3 spark supergroup          0 2026-04-07 00:38 /project-spark/curated/parquet/transactions/usa/_SUCCESS
[2026-04-07T00:39:14.463+0000] {subprocess.py:93} INFO - -rw-r--r--   3 spark supergroup       6410 2026-04-07 00:38 /project-spark/curated/parquet/transactions/usa/part-00000-3d5edddd-f5eb-42a6-9b4b-7138fe51e8cb-c000.snappy.parquet
[2026-04-07T00:39:14.463+0000] {subprocess.py:93} INFO - drwxr-xr-x   - spark supergroup          0 2026-04-07 00:38 /project-spark/curated/parquet/tweets
[2026-04-07T00:39:14.464+0000] {subprocess.py:93} INFO - drwxr-xr-x   - spark supergroup          0 2026-04-07 00:38 /project-spark/curated/parquet/tweets/cleaned_tweets
[2026-04-07T00:39:14.470+0000] {subprocess.py:93} INFO - -rw-r--r--   3 spark supergroup          0 2026-04-07 00:38 /project-spark/curated/parquet/tweets/cleaned_tweets/_SUCCESS
[2026-04-07T00:39:14.471+0000] {subprocess.py:93} INFO - -rw-r--r--   3 spark supergroup    1510081 2026-04-07 00:38 /project-spark/curated/parquet/tweets/cleaned_tweets/part-00000-35d4bbd0-cbf1-41d2-8faa-e22987a3b126-c000.snappy.parquet
[2026-04-07T00:39:14.471+0000] {subprocess.py:93} INFO - -rw-r--r--   3 spark supergroup    1670441 2026-04-07 00:38 /project-spark/curated/parquet/tweets/cleaned_tweets/part-00001-35d4bbd0-cbf1-41d2-8faa-e22987a3b126-c000.snappy.parquet
[2026-04-07T00:39:14.471+0000] {subprocess.py:93} INFO - -rw-r--r--   3 spark supergroup    1749910 2026-04-07 00:38 /project-spark/curated/parquet/tweets/cleaned_tweets/part-00002-35d4bbd0-cbf1-41d2-8faa-e22987a3b126-c000.snappy.parquet
[2026-04-07T00:39:14.471+0000] {subprocess.py:93} INFO - -rw-r--r--   3 spark supergroup    1661587 2026-04-07 00:38 /project-spark/curated/parquet/tweets/cleaned_tweets/part-00003-35d4bbd0-cbf1-41d2-8faa-e22987a3b126-c000.snappy.parquet
[2026-04-07T00:39:14.472+0000] {subprocess.py:93} INFO - -rw-r--r--   3 spark supergroup    1590645 2026-04-07 00:38 /project-spark/curated/parquet/tweets/cleaned_tweets/part-00004-35d4bbd0-cbf1-41d2-8faa-e22987a3b126-c000.snappy.parquet
[2026-04-07T00:39:14.472+0000] {subprocess.py:93} INFO - -rw-r--r--   3 spark supergroup    1512056 2026-04-07 00:38 /project-spark/curated/parquet/tweets/cleaned_tweets/part-00005-35d4bbd0-cbf1-41d2-8faa-e22987a3b126-c000.snappy.parquet
[2026-04-07T00:39:14.472+0000] {subprocess.py:93} INFO - -rw-r--r--   3 spark supergroup    1586974 2026-04-07 00:38 /project-spark/curated/parquet/tweets/cleaned_tweets/part-00006-35d4bbd0-cbf1-41d2-8faa-e22987a3b126-c000.snappy.parquet
[2026-04-07T00:39:14.472+0000] {subprocess.py:93} INFO - -rw-r--r--   3 spark supergroup     832330 2026-04-07 00:38 /project-spark/curated/parquet/tweets/cleaned_tweets/part-00007-35d4bbd0-cbf1-41d2-8faa-e22987a3b126-c000.snappy.parquet
[2026-04-07T00:39:14.472+0000] {subprocess.py:93} INFO - -rw-r--r--   3 spark supergroup    1650830 2026-04-07 00:38 /project-spark/curated/parquet/tweets/cleaned_tweets/part-00008-35d4bbd0-cbf1-41d2-8faa-e22987a3b126-c000.snappy.parquet
[2026-04-07T00:39:14.473+0000] {subprocess.py:93} INFO - -rw-r--r--   3 spark supergroup    1261212 2026-04-07 00:38 /project-spark/curated/parquet/tweets/cleaned_tweets/part-00009-35d4bbd0-cbf1-41d2-8faa-e22987a3b126-c000.snappy.parquet
[2026-04-07T00:39:14.473+0000] {subprocess.py:93} INFO - -rw-r--r--   3 spark supergroup     375428 2026-04-07 00:38 /project-spark/curated/parquet/tweets/cleaned_tweets/part-00010-35d4bbd0-cbf1-41d2-8faa-e22987a3b126-c000.snappy.parquet
[2026-04-07T00:39:14.473+0000] {subprocess.py:93} INFO - drwxr-xr-x   - spark supergroup          0 2026-04-07 00:38 /project-spark/curated/parquet/tweets/hashtag_count
[2026-04-07T00:39:14.475+0000] {subprocess.py:93} INFO - -rw-r--r--   3 spark supergroup          0 2026-04-07 00:38 /project-spark/curated/parquet/tweets/hashtag_count/_SUCCESS
[2026-04-07T00:39:14.475+0000] {subprocess.py:93} INFO - -rw-r--r--   3 spark supergroup       2513 2026-04-07 00:38 /project-spark/curated/parquet/tweets/hashtag_count/part-00000-1a406b39-b602-48fd-9057-1f9c97000aef-c000.snappy.parquet
[2026-04-07T00:39:14.475+0000] {subprocess.py:93} INFO - drwxr-xr-x   - spark supergroup          0 2026-04-07 00:38 /project-spark/curated/parquet/tweets/source_count
[2026-04-07T00:39:14.477+0000] {subprocess.py:93} INFO - -rw-r--r--   3 spark supergroup          0 2026-04-07 00:38 /project-spark/curated/parquet/tweets/source_count/_SUCCESS
[2026-04-07T00:39:14.477+0000] {subprocess.py:93} INFO - -rw-r--r--   3 spark supergroup        968 2026-04-07 00:38 /project-spark/curated/parquet/tweets/source_count/part-00000-95362ad5-556f-4be0-96fa-d2283bc7fde9-c000.snappy.parquet
[2026-04-07T00:39:14.477+0000] {subprocess.py:93} INFO - drwxr-xr-x   - spark supergroup          0 2026-04-07 00:38 /project-spark/curated/parquet/tweets/trump_tweets_us
[2026-04-07T00:39:14.479+0000] {subprocess.py:93} INFO - -rw-r--r--   3 spark supergroup          0 2026-04-07 00:38 /project-spark/curated/parquet/tweets/trump_tweets_us/_SUCCESS
[2026-04-07T00:39:14.480+0000] {subprocess.py:93} INFO - -rw-r--r--   3 spark supergroup      10811 2026-04-07 00:38 /project-spark/curated/parquet/tweets/trump_tweets_us/part-00000-51c66a5f-1275-4c42-9e32-488e2fbb7161-c000.snappy.parquet
[2026-04-07T00:39:14.480+0000] {subprocess.py:93} INFO - -rw-r--r--   3 spark supergroup      11199 2026-04-07 00:38 /project-spark/curated/parquet/tweets/trump_tweets_us/part-00001-51c66a5f-1275-4c42-9e32-488e2fbb7161-c000.snappy.parquet
[2026-04-07T00:39:14.480+0000] {subprocess.py:93} INFO - -rw-r--r--   3 spark supergroup      12953 2026-04-07 00:38 /project-spark/curated/parquet/tweets/trump_tweets_us/part-00002-51c66a5f-1275-4c42-9e32-488e2fbb7161-c000.snappy.parquet
[2026-04-07T00:39:14.480+0000] {subprocess.py:93} INFO - -rw-r--r--   3 spark supergroup      12027 2026-04-07 00:38 /project-spark/curated/parquet/tweets/trump_tweets_us/part-00003-51c66a5f-1275-4c42-9e32-488e2fbb7161-c000.snappy.parquet
[2026-04-07T00:39:14.480+0000] {subprocess.py:93} INFO - -rw-r--r--   3 spark supergroup      10523 2026-04-07 00:38 /project-spark/curated/parquet/tweets/trump_tweets_us/part-00004-51c66a5f-1275-4c42-9e32-488e2fbb7161-c000.snappy.parquet
[2026-04-07T00:39:14.480+0000] {subprocess.py:93} INFO - -rw-r--r--   3 spark supergroup      10750 2026-04-07 00:38 /project-spark/curated/parquet/tweets/trump_tweets_us/part-00005-51c66a5f-1275-4c42-9e32-488e2fbb7161-c000.snappy.parquet
[2026-04-07T00:39:14.481+0000] {subprocess.py:93} INFO - -rw-r--r--   3 spark supergroup      12661 2026-04-07 00:38 /project-spark/curated/parquet/tweets/trump_tweets_us/part-00006-51c66a5f-1275-4c42-9e32-488e2fbb7161-c000.snappy.parquet
[2026-04-07T00:39:14.481+0000] {subprocess.py:93} INFO - -rw-r--r--   3 spark supergroup       8295 2026-04-07 00:38 /project-spark/curated/parquet/tweets/trump_tweets_us/part-00007-51c66a5f-1275-4c42-9e32-488e2fbb7161-c000.snappy.parquet
[2026-04-07T00:39:14.481+0000] {subprocess.py:93} INFO - drwxr-xr-x   - spark supergroup          0 2026-04-07 00:39 /project-spark/curated/parquet/tweets-user
[2026-04-07T00:39:14.482+0000] {subprocess.py:93} INFO - drwxr-xr-x   - spark supergroup          0 2026-04-07 00:39 /project-spark/curated/parquet/tweets-user/cleaned_tweets_user
[2026-04-07T00:39:14.483+0000] {subprocess.py:93} INFO - -rw-r--r--   3 spark supergroup          0 2026-04-07 00:39 /project-spark/curated/parquet/tweets-user/cleaned_tweets_user/_SUCCESS
[2026-04-07T00:39:14.483+0000] {subprocess.py:93} INFO - -rw-r--r--   3 spark supergroup     795222 2026-04-07 00:39 /project-spark/curated/parquet/tweets-user/cleaned_tweets_user/part-00000-fad81cf7-9769-41bb-a66a-5bbda4ec753d-c000.snappy.parquet
[2026-04-07T00:39:14.483+0000] {subprocess.py:93} INFO - drwxr-xr-x   - spark supergroup          0 2026-04-07 00:39 /project-spark/curated/parquet/tweets-user/top_10_liked_posts
[2026-04-07T00:39:14.484+0000] {subprocess.py:93} INFO - -rw-r--r--   3 spark supergroup          0 2026-04-07 00:39 /project-spark/curated/parquet/tweets-user/top_10_liked_posts/_SUCCESS
[2026-04-07T00:39:14.484+0000] {subprocess.py:93} INFO - -rw-r--r--   3 spark supergroup       4373 2026-04-07 00:39 /project-spark/curated/parquet/tweets-user/top_10_liked_posts/part-00000-235e0692-6e8e-4895-9677-8451200c53bd-c000.snappy.parquet
[2026-04-07T00:39:14.484+0000] {subprocess.py:93} INFO - drwxr-xr-x   - spark supergroup          0 2026-04-07 00:39 /project-spark/curated/parquet/tweets-user/top_10_retweeted_posts
[2026-04-07T00:39:14.485+0000] {subprocess.py:93} INFO - -rw-r--r--   3 spark supergroup          0 2026-04-07 00:39 /project-spark/curated/parquet/tweets-user/top_10_retweeted_posts/_SUCCESS
[2026-04-07T00:39:14.485+0000] {subprocess.py:93} INFO - -rw-r--r--   3 spark supergroup       4146 2026-04-07 00:39 /project-spark/curated/parquet/tweets-user/top_10_retweeted_posts/part-00000-4ed71282-0d31-44bd-8b79-8e2cce9747b5-c000.snappy.parquet
[2026-04-07T00:39:14.485+0000] {subprocess.py:93} INFO - drwxr-xr-x   - spark supergroup          0 2026-04-07 00:39 /project-spark/curated/parquet/tweets-user/user_post_count
[2026-04-07T00:39:14.486+0000] {subprocess.py:93} INFO - -rw-r--r--   3 spark supergroup          0 2026-04-07 00:39 /project-spark/curated/parquet/tweets-user/user_post_count/_SUCCESS
[2026-04-07T00:39:14.487+0000] {subprocess.py:93} INFO - -rw-r--r--   3 spark supergroup      81853 2026-04-07 00:39 /project-spark/curated/parquet/tweets-user/user_post_count/part-00000-53f8f05a-4836-4f08-a770-252615abf98e-c000.snappy.parquet
[2026-04-07T00:39:14.487+0000] {subprocess.py:93} INFO - drwxr-xr-x   - spark supergroup          0 2026-04-07 00:39 /project-spark/curated/parquet/tweets-user/word_count
[2026-04-07T00:39:14.488+0000] {subprocess.py:93} INFO - -rw-r--r--   3 spark supergroup          0 2026-04-07 00:39 /project-spark/curated/parquet/tweets-user/word_count/_SUCCESS
[2026-04-07T00:39:14.488+0000] {subprocess.py:93} INFO - -rw-r--r--   3 spark supergroup      21976 2026-04-07 00:39 /project-spark/curated/parquet/tweets-user/word_count/part-00000-5923bb14-76ca-4cb5-94e2-89e41c7b8016-c000.snappy.parquet
[2026-04-07T00:39:14.932+0000] {subprocess.py:93} INFO - 
[2026-04-07T00:39:14.932+0000] {subprocess.py:93} INFO - == HDFS csv results ==
[2026-04-07T00:39:17.497+0000] {subprocess.py:93} INFO - drwxr-xr-x   - spark supergroup          0 2026-04-07 00:39 /project-spark/curated/csv/forbes
[2026-04-07T00:39:17.499+0000] {subprocess.py:93} INFO - drwxr-xr-x   - spark supergroup          0 2026-04-07 00:38 /project-spark/curated/csv/forbes/cleaned_forbes
[2026-04-07T00:39:17.502+0000] {subprocess.py:93} INFO - -rw-r--r--   3 spark supergroup          0 2026-04-07 00:38 /project-spark/curated/csv/forbes/cleaned_forbes/_SUCCESS
[2026-04-07T00:39:17.503+0000] {subprocess.py:93} INFO - -rw-r--r--   3 spark supergroup     354283 2026-04-07 00:38 /project-spark/curated/csv/forbes/cleaned_forbes/part-00000-e56a1402-9a39-4ae6-bd07-4b72abaf8cb7-c000.csv
[2026-04-07T00:39:17.503+0000] {subprocess.py:93} INFO - drwxr-xr-x   - spark supergroup          0 2026-04-07 00:39 /project-spark/curated/csv/forbes/country_counts
[2026-04-07T00:39:17.504+0000] {subprocess.py:93} INFO - -rw-r--r--   3 spark supergroup          0 2026-04-07 00:39 /project-spark/curated/csv/forbes/country_counts/_SUCCESS
[2026-04-07T00:39:17.505+0000] {subprocess.py:93} INFO - -rw-r--r--   3 spark supergroup        886 2026-04-07 00:39 /project-spark/curated/csv/forbes/country_counts/part-00000-decfd930-6028-4300-bce4-9a07b9b7588d-c000.csv
[2026-04-07T00:39:17.505+0000] {subprocess.py:93} INFO - drwxr-xr-x   - spark supergroup          0 2026-04-07 00:39 /project-spark/curated/csv/forbes/top_10_self_made
[2026-04-07T00:39:17.506+0000] {subprocess.py:93} INFO - -rw-r--r--   3 spark supergroup          0 2026-04-07 00:39 /project-spark/curated/csv/forbes/top_10_self_made/_SUCCESS
[2026-04-07T00:39:17.506+0000] {subprocess.py:93} INFO - -rw-r--r--   3 spark supergroup        288 2026-04-07 00:39 /project-spark/curated/csv/forbes/top_10_self_made/part-00000-7c1f847c-3731-4ad7-abf6-fa3392b15f9d-c000.csv
[2026-04-07T00:39:17.506+0000] {subprocess.py:93} INFO - drwxr-xr-x   - spark supergroup          0 2026-04-07 00:38 /project-spark/curated/csv/forbes/under_fifty
[2026-04-07T00:39:17.507+0000] {subprocess.py:93} INFO - -rw-r--r--   3 spark supergroup          0 2026-04-07 00:38 /project-spark/curated/csv/forbes/under_fifty/_SUCCESS
[2026-04-07T00:39:17.507+0000] {subprocess.py:93} INFO - -rw-r--r--   3 spark supergroup      16824 2026-04-07 00:38 /project-spark/curated/csv/forbes/under_fifty/part-00000-8f2e1473-07ea-43d3-8a47-3f3cc7403d4d-c000.csv
[2026-04-07T00:39:17.508+0000] {subprocess.py:93} INFO - drwxr-xr-x   - spark supergroup          0 2026-04-07 00:38 /project-spark/curated/csv/transactions
[2026-04-07T00:39:17.509+0000] {subprocess.py:93} INFO - drwxr-xr-x   - spark supergroup          0 2026-04-07 00:38 /project-spark/curated/csv/transactions/china
[2026-04-07T00:39:17.510+0000] {subprocess.py:93} INFO - -rw-r--r--   3 spark supergroup          0 2026-04-07 00:38 /project-spark/curated/csv/transactions/china/_SUCCESS
[2026-04-07T00:39:17.510+0000] {subprocess.py:93} INFO - -rw-r--r--   3 spark supergroup      24432 2026-04-07 00:38 /project-spark/curated/csv/transactions/china/part-00000-bb96f5df-e9b7-4b59-94aa-9f66ee1ce20a-c000.csv
[2026-04-07T00:39:17.511+0000] {subprocess.py:93} INFO - drwxr-xr-x   - spark supergroup          0 2026-04-07 00:38 /project-spark/curated/csv/transactions/cleaned_transactions
[2026-04-07T00:39:17.511+0000] {subprocess.py:93} INFO - -rw-r--r--   3 spark supergroup          0 2026-04-07 00:38 /project-spark/curated/csv/transactions/cleaned_transactions/_SUCCESS
[2026-04-07T00:39:17.512+0000] {subprocess.py:93} INFO - -rw-r--r--   3 spark supergroup     122668 2026-04-07 00:38 /project-spark/curated/csv/transactions/cleaned_transactions/part-00000-f5f01852-ca80-4c7e-90cb-ac33cfa824c0-c000.csv
[2026-04-07T00:39:17.512+0000] {subprocess.py:93} INFO - drwxr-xr-x   - spark supergroup          0 2026-04-07 00:38 /project-spark/curated/csv/transactions/france
[2026-04-07T00:39:17.512+0000] {subprocess.py:93} INFO - -rw-r--r--   3 spark supergroup          0 2026-04-07 00:38 /project-spark/curated/csv/transactions/france/_SUCCESS
[2026-04-07T00:39:17.513+0000] {subprocess.py:93} INFO - -rw-r--r--   3 spark supergroup       4641 2026-04-07 00:38 /project-spark/curated/csv/transactions/france/part-00000-9708ff42-feb9-4538-bb7e-4079d0a626f3-c000.csv
[2026-04-07T00:39:17.513+0000] {subprocess.py:93} INFO - drwxr-xr-x   - spark supergroup          0 2026-04-07 00:38 /project-spark/curated/csv/transactions/poland
[2026-04-07T00:39:17.514+0000] {subprocess.py:93} INFO - -rw-r--r--   3 spark supergroup          0 2026-04-07 00:38 /project-spark/curated/csv/transactions/poland/_SUCCESS
[2026-04-07T00:39:17.514+0000] {subprocess.py:93} INFO - -rw-r--r--   3 spark supergroup       4308 2026-04-07 00:38 /project-spark/curated/csv/transactions/poland/part-00000-f1be52c1-3118-4ccf-a429-a8b33cda87e2-c000.csv
[2026-04-07T00:39:17.514+0000] {subprocess.py:93} INFO - drwxr-xr-x   - spark supergroup          0 2026-04-07 00:38 /project-spark/curated/csv/transactions/top_10_countries
[2026-04-07T00:39:17.516+0000] {subprocess.py:93} INFO - -rw-r--r--   3 spark supergroup          0 2026-04-07 00:38 /project-spark/curated/csv/transactions/top_10_countries/_SUCCESS
[2026-04-07T00:39:17.516+0000] {subprocess.py:93} INFO - -rw-r--r--   3 spark supergroup        132 2026-04-07 00:38 /project-spark/curated/csv/transactions/top_10_countries/part-00000-8d8e9b94-9619-4b57-b350-243a67d730c8-c000.csv
[2026-04-07T00:39:17.516+0000] {subprocess.py:93} INFO - drwxr-xr-x   - spark supergroup          0 2026-04-07 00:38 /project-spark/curated/csv/transactions/usa
[2026-04-07T00:39:17.517+0000] {subprocess.py:93} INFO - -rw-r--r--   3 spark supergroup          0 2026-04-07 00:38 /project-spark/curated/csv/transactions/usa/_SUCCESS
[2026-04-07T00:39:17.518+0000] {subprocess.py:93} INFO - -rw-r--r--   3 spark supergroup       3406 2026-04-07 00:38 /project-spark/curated/csv/transactions/usa/part-00000-f07ca547-0ae7-4c93-aa60-9a38ad2bb7f8-c000.csv
[2026-04-07T00:39:17.518+0000] {subprocess.py:93} INFO - drwxr-xr-x   - spark supergroup          0 2026-04-07 00:38 /project-spark/curated/csv/tweets
[2026-04-07T00:39:17.519+0000] {subprocess.py:93} INFO - drwxr-xr-x   - spark supergroup          0 2026-04-07 00:38 /project-spark/curated/csv/tweets/cleaned_tweets
[2026-04-07T00:39:17.523+0000] {subprocess.py:93} INFO - -rw-r--r--   3 spark supergroup          0 2026-04-07 00:38 /project-spark/curated/csv/tweets/cleaned_tweets/_SUCCESS
[2026-04-07T00:39:17.523+0000] {subprocess.py:93} INFO - -rw-r--r--   3 spark supergroup   31582133 2026-04-07 00:38 /project-spark/curated/csv/tweets/cleaned_tweets/part-00000-098d67db-dcc3-4387-9013-8360aa2e5cf5-c000.csv
[2026-04-07T00:39:17.523+0000] {subprocess.py:93} INFO - drwxr-xr-x   - spark supergroup          0 2026-04-07 00:38 /project-spark/curated/csv/tweets/hashtag_count
[2026-04-07T00:39:17.525+0000] {subprocess.py:93} INFO - -rw-r--r--   3 spark supergroup          0 2026-04-07 00:38 /project-spark/curated/csv/tweets/hashtag_count/_SUCCESS
[2026-04-07T00:39:17.525+0000] {subprocess.py:93} INFO - -rw-r--r--   3 spark supergroup       1805 2026-04-07 00:38 /project-spark/curated/csv/tweets/hashtag_count/part-00000-eda3e532-a481-4865-80d5-323d33f68611-c000.csv
[2026-04-07T00:39:17.525+0000] {subprocess.py:93} INFO - drwxr-xr-x   - spark supergroup          0 2026-04-07 00:38 /project-spark/curated/csv/tweets/source_count
[2026-04-07T00:39:17.527+0000] {subprocess.py:93} INFO - -rw-r--r--   3 spark supergroup          0 2026-04-07 00:38 /project-spark/curated/csv/tweets/source_count/_SUCCESS
[2026-04-07T00:39:17.527+0000] {subprocess.py:93} INFO - -rw-r--r--   3 spark supergroup        130 2026-04-07 00:38 /project-spark/curated/csv/tweets/source_count/part-00000-755a27c0-34e3-48d0-a0bc-c9e9830fa60c-c000.csv
[2026-04-07T00:39:17.527+0000] {subprocess.py:93} INFO - drwxr-xr-x   - spark supergroup          0 2026-04-07 00:38 /project-spark/curated/csv/tweets/trump_tweets_us
[2026-04-07T00:39:17.529+0000] {subprocess.py:93} INFO - -rw-r--r--   3 spark supergroup          0 2026-04-07 00:38 /project-spark/curated/csv/tweets/trump_tweets_us/_SUCCESS
[2026-04-07T00:39:17.529+0000] {subprocess.py:93} INFO - -rw-r--r--   3 spark supergroup      74909 2026-04-07 00:38 /project-spark/curated/csv/tweets/trump_tweets_us/part-00000-69214c39-a038-4e59-b6c8-266f38a376e6-c000.csv
[2026-04-07T00:39:17.529+0000] {subprocess.py:93} INFO - drwxr-xr-x   - spark supergroup          0 2026-04-07 00:39 /project-spark/curated/csv/tweets-user
[2026-04-07T00:39:17.530+0000] {subprocess.py:93} INFO - drwxr-xr-x   - spark supergroup          0 2026-04-07 00:39 /project-spark/curated/csv/tweets-user/cleaned_tweets_user
[2026-04-07T00:39:17.532+0000] {subprocess.py:93} INFO - -rw-r--r--   3 spark supergroup          0 2026-04-07 00:39 /project-spark/curated/csv/tweets-user/cleaned_tweets_user/_SUCCESS
[2026-04-07T00:39:17.532+0000] {subprocess.py:93} INFO - -rw-r--r--   3 spark supergroup    1478635 2026-04-07 00:39 /project-spark/curated/csv/tweets-user/cleaned_tweets_user/part-00000-843faf88-8365-4742-8b92-9fb830430485-c000.csv
[2026-04-07T00:39:17.533+0000] {subprocess.py:93} INFO - drwxr-xr-x   - spark supergroup          0 2026-04-07 00:39 /project-spark/curated/csv/tweets-user/top_10_liked_posts
[2026-04-07T00:39:17.535+0000] {subprocess.py:93} INFO - -rw-r--r--   3 spark supergroup          0 2026-04-07 00:39 /project-spark/curated/csv/tweets-user/top_10_liked_posts/_SUCCESS
[2026-04-07T00:39:17.536+0000] {subprocess.py:93} INFO - -rw-r--r--   3 spark supergroup       2338 2026-04-07 00:39 /project-spark/curated/csv/tweets-user/top_10_liked_posts/part-00000-ebfb49e7-61d4-469d-a17c-d4f866878d5e-c000.csv
[2026-04-07T00:39:17.536+0000] {subprocess.py:93} INFO - drwxr-xr-x   - spark supergroup          0 2026-04-07 00:39 /project-spark/curated/csv/tweets-user/top_10_retweeted_posts
[2026-04-07T00:39:17.537+0000] {subprocess.py:93} INFO - -rw-r--r--   3 spark supergroup          0 2026-04-07 00:39 /project-spark/curated/csv/tweets-user/top_10_retweeted_posts/_SUCCESS
[2026-04-07T00:39:17.537+0000] {subprocess.py:93} INFO - -rw-r--r--   3 spark supergroup       2127 2026-04-07 00:39 /project-spark/curated/csv/tweets-user/top_10_retweeted_posts/part-00000-b86ac7aa-cf0a-4a89-9bb8-1bb8bae2e7e7-c000.csv
[2026-04-07T00:39:17.538+0000] {subprocess.py:93} INFO - drwxr-xr-x   - spark supergroup          0 2026-04-07 00:39 /project-spark/curated/csv/tweets-user/user_post_count
[2026-04-07T00:39:17.539+0000] {subprocess.py:93} INFO - -rw-r--r--   3 spark supergroup          0 2026-04-07 00:39 /project-spark/curated/csv/tweets-user/user_post_count/_SUCCESS
[2026-04-07T00:39:17.539+0000] {subprocess.py:93} INFO - -rw-r--r--   3 spark supergroup     122572 2026-04-07 00:39 /project-spark/curated/csv/tweets-user/user_post_count/part-00000-5d46932f-01aa-4219-8207-c5ecc35eb38e-c000.csv
[2026-04-07T00:39:17.539+0000] {subprocess.py:93} INFO - drwxr-xr-x   - spark supergroup          0 2026-04-07 00:39 /project-spark/curated/csv/tweets-user/word_count
[2026-04-07T00:39:17.540+0000] {subprocess.py:93} INFO - -rw-r--r--   3 spark supergroup          0 2026-04-07 00:39 /project-spark/curated/csv/tweets-user/word_count/_SUCCESS
[2026-04-07T00:39:17.540+0000] {subprocess.py:93} INFO - -rw-r--r--   3 spark supergroup      32422 2026-04-07 00:39 /project-spark/curated/csv/tweets-user/word_count/part-00000-a7d6d98e-da61-4c59-9716-0654651a8db0-c000.csv
[2026-04-07T00:39:17.978+0000] {subprocess.py:93} INFO - 
[2026-04-07T00:39:17.978+0000] {subprocess.py:97} INFO - Command exited with return code 0
[2026-04-07T00:39:17.978+0000] {taskinstance.py:441} INFO - ::group::Post task execution logs
[2026-04-07T00:39:17.995+0000] {taskinstance.py:1206} INFO - Marking task as SUCCESS. dag_id=project_spark_hdfs_pipeline, task_id=list_hdfs_results, run_id=manual__2026-04-07T00:33:49+00:00, execution_date=20260407T003349, start_date=20260407T003911, end_date=20260407T003917
[2026-04-07T00:39:18.051+0000] {local_task_job_runner.py:240} INFO - Task exited with return code 0
[2026-04-07T00:39:18.060+0000] {taskinstance.py:3498} INFO - 1 downstream tasks scheduled from follow-on schedule check
[2026-04-07T00:39:18.068+0000] {local_task_job_runner.py:222} INFO - ::endgroup::
