[2026-04-06T23:59:37.376+0000] {local_task_job_runner.py:120} INFO - ::group::Pre task execution logs
[2026-04-06T23:59:37.397+0000] {taskinstance.py:2076} INFO - Dependencies all met for dep_context=non-requeueable deps ti=<TaskInstance: project_spark_hdfs_pipeline.upload_raw_to_hdfs manual__2026-04-06T23:58:09+00:00 [queued]>
[2026-04-06T23:59:37.402+0000] {taskinstance.py:2076} INFO - Dependencies all met for dep_context=requeueable deps ti=<TaskInstance: project_spark_hdfs_pipeline.upload_raw_to_hdfs manual__2026-04-06T23:58:09+00:00 [queued]>
[2026-04-06T23:59:37.402+0000] {taskinstance.py:2306} INFO - Starting attempt 1 of 1
[2026-04-06T23:59:37.420+0000] {taskinstance.py:2330} INFO - Executing <Task(BashOperator): upload_raw_to_hdfs> on 2026-04-06 23:58:09+00:00
[2026-04-06T23:59:37.424+0000] {standard_task_runner.py:63} INFO - Started process 1137 to run task
[2026-04-06T23:59:37.426+0000] {standard_task_runner.py:90} INFO - Running: ['airflow', 'tasks', 'run', 'project_spark_hdfs_pipeline', 'upload_raw_to_hdfs', 'manual__2026-04-06T23:58:09+00:00', '--job-id', '7', '--raw', '--subdir', 'DAGS_FOLDER/project_spark_hdfs_pipeline.py', '--cfg-path', '/tmp/tmp5qtica6n']
[2026-04-06T23:59:37.427+0000] {standard_task_runner.py:91} INFO - Job 7: Subtask upload_raw_to_hdfs
[2026-04-06T23:59:37.464+0000] {task_command.py:426} INFO - Running <TaskInstance: project_spark_hdfs_pipeline.upload_raw_to_hdfs manual__2026-04-06T23:58:09+00:00 [running]> on host 1d39bff5e3d1
[2026-04-06T23:59:37.529+0000] {taskinstance.py:2648} INFO - Exporting env vars: AIRFLOW_CTX_DAG_OWNER='airflow' AIRFLOW_CTX_DAG_ID='project_spark_hdfs_pipeline' AIRFLOW_CTX_TASK_ID='upload_raw_to_hdfs' AIRFLOW_CTX_EXECUTION_DATE='2026-04-06T23:58:09+00:00' AIRFLOW_CTX_TRY_NUMBER='1' AIRFLOW_CTX_DAG_RUN_ID='manual__2026-04-06T23:58:09+00:00'
[2026-04-06T23:59:37.530+0000] {taskinstance.py:430} INFO - ::endgroup::
[2026-04-06T23:59:37.543+0000] {subprocess.py:63} INFO - Tmp dir root location: /tmp
[2026-04-06T23:59:37.543+0000] {subprocess.py:75} INFO - Running command: ['/usr/bin/bash', '-c', "/bin/bash -lc '/opt/project/scripts/upload-hdfs-inputs.sh'"]
[2026-04-06T23:59:37.552+0000] {subprocess.py:86} INFO - Output:
[2026-04-06T23:59:40.283+0000] {subprocess.py:93} INFO - put: `/project/input/*.csv': No such file or directory
[2026-04-06T23:59:40.724+0000] {subprocess.py:97} INFO - Command exited with return code 1
[2026-04-06T23:59:40.724+0000] {taskinstance.py:441} INFO - ::group::Post task execution logs
[2026-04-06T23:59:40.729+0000] {taskinstance.py:2905} ERROR - Task failed with exception
Traceback (most recent call last):
  File "/home/airflow/.local/lib/python3.12/site-packages/airflow/models/taskinstance.py", line 465, in _execute_task
    result = _execute_callable(context=context, **execute_callable_kwargs)
             ^^^^^^^^^^^^^^^^^^^^^^^^^^^^^^^^^^^^^^^^^^^^^^^^^^^^^^^^^^^^^
  File "/home/airflow/.local/lib/python3.12/site-packages/airflow/models/taskinstance.py", line 432, in _execute_callable
    return execute_callable(context=context, **execute_callable_kwargs)
           ^^^^^^^^^^^^^^^^^^^^^^^^^^^^^^^^^^^^^^^^^^^^^^^^^^^^^^^^^^^^
  File "/home/airflow/.local/lib/python3.12/site-packages/airflow/models/baseoperator.py", line 400, in wrapper
    return func(self, *args, **kwargs)
           ^^^^^^^^^^^^^^^^^^^^^^^^^^^
  File "/home/airflow/.local/lib/python3.12/site-packages/airflow/operators/bash.py", line 243, in execute
    raise AirflowException(
airflow.exceptions.AirflowException: Bash command failed. The command returned a non-zero exit code 1.
[2026-04-06T23:59:40.732+0000] {taskinstance.py:1206} INFO - Marking task as FAILED. dag_id=project_spark_hdfs_pipeline, task_id=upload_raw_to_hdfs, run_id=manual__2026-04-06T23:58:09+00:00, execution_date=20260406T235809, start_date=20260406T235937, end_date=20260406T235940
[2026-04-06T23:59:40.751+0000] {standard_task_runner.py:110} ERROR - Failed to execute job 7 for task upload_raw_to_hdfs (Bash command failed. The command returned a non-zero exit code 1.; 1137)
[2026-04-06T23:59:40.767+0000] {local_task_job_runner.py:240} INFO - Task exited with return code 1
[2026-04-06T23:59:40.781+0000] {taskinstance.py:3498} INFO - 0 downstream tasks scheduled from follow-on schedule check
[2026-04-06T23:59:40.792+0000] {local_task_job_runner.py:222} INFO - ::endgroup::
