[2026-04-07T01:00:12.073+0000] {local_task_job_runner.py:120} INFO - ::group::Pre task execution logs
[2026-04-07T01:00:12.089+0000] {taskinstance.py:2076} INFO - Dependencies all met for dep_context=non-requeueable deps ti=<TaskInstance: project_spark_hdfs_pipeline.upload_raw_to_hdfs scheduled__2026-04-06T01:00:00+00:00 [queued]>
[2026-04-07T01:00:12.093+0000] {taskinstance.py:2076} INFO - Dependencies all met for dep_context=requeueable deps ti=<TaskInstance: project_spark_hdfs_pipeline.upload_raw_to_hdfs scheduled__2026-04-06T01:00:00+00:00 [queued]>
[2026-04-07T01:00:12.093+0000] {taskinstance.py:2306} INFO - Starting attempt 1 of 1
[2026-04-07T01:00:12.114+0000] {taskinstance.py:2330} INFO - Executing <Task(BashOperator): upload_raw_to_hdfs> on 2026-04-06 01:00:00+00:00
[2026-04-07T01:00:12.118+0000] {standard_task_runner.py:63} INFO - Started process 1703 to run task
[2026-04-07T01:00:12.119+0000] {standard_task_runner.py:90} INFO - Running: ['airflow', 'tasks', 'run', 'project_spark_hdfs_pipeline', 'upload_raw_to_hdfs', 'scheduled__2026-04-06T01:00:00+00:00', '--job-id', '35', '--raw', '--subdir', 'DAGS_FOLDER/project_spark_hdfs_pipeline.py', '--cfg-path', '/tmp/tmpiwannwc6']
[2026-04-07T01:00:12.120+0000] {standard_task_runner.py:91} INFO - Job 35: Subtask upload_raw_to_hdfs
[2026-04-07T01:00:12.146+0000] {task_command.py:426} INFO - Running <TaskInstance: project_spark_hdfs_pipeline.upload_raw_to_hdfs scheduled__2026-04-06T01:00:00+00:00 [running]> on host 5b034116cd08
[2026-04-07T01:00:12.196+0000] {taskinstance.py:2648} INFO - Exporting env vars: AIRFLOW_CTX_DAG_OWNER='airflow' AIRFLOW_CTX_DAG_ID='project_spark_hdfs_pipeline' AIRFLOW_CTX_TASK_ID='upload_raw_to_hdfs' AIRFLOW_CTX_EXECUTION_DATE='2026-04-06T01:00:00+00:00' AIRFLOW_CTX_TRY_NUMBER='1' AIRFLOW_CTX_DAG_RUN_ID='scheduled__2026-04-06T01:00:00+00:00'
[2026-04-07T01:00:12.197+0000] {taskinstance.py:430} INFO - ::endgroup::
[2026-04-07T01:00:12.206+0000] {subprocess.py:63} INFO - Tmp dir root location: /tmp
[2026-04-07T01:00:12.207+0000] {subprocess.py:75} INFO - Running command: ['/usr/bin/bash', '-c', "/bin/bash -lc '/opt/project/scripts/upload-hdfs-inputs.sh'"]
[2026-04-07T01:00:12.214+0000] {subprocess.py:86} INFO - Output:
[2026-04-07T01:00:14.429+0000] {subprocess.py:93} INFO - 2026-04-07 01:00:14,428 INFO sasl.SaslDataTransferClient: SASL encryption trust check: localHostTrusted = false, remoteHostTrusted = false
[2026-04-07T01:00:14.913+0000] {subprocess.py:93} INFO - 2026-04-07 01:00:14,913 INFO sasl.SaslDataTransferClient: SASL encryption trust check: localHostTrusted = false, remoteHostTrusted = false
[2026-04-07T01:00:15.460+0000] {subprocess.py:93} INFO - 2026-04-07 01:00:15,460 INFO sasl.SaslDataTransferClient: SASL encryption trust check: localHostTrusted = false, remoteHostTrusted = false
[2026-04-07T01:00:15.890+0000] {subprocess.py:93} INFO - 2026-04-07 01:00:15,889 INFO sasl.SaslDataTransferClient: SASL encryption trust check: localHostTrusted = false, remoteHostTrusted = false
[2026-04-07T01:00:15.913+0000] {subprocess.py:93} INFO - 2026-04-07 01:00:15,913 INFO sasl.SaslDataTransferClient: SASL encryption trust check: localHostTrusted = false, remoteHostTrusted = false
[2026-04-07T01:00:17.627+0000] {subprocess.py:93} INFO - Found 5 items
[2026-04-07T01:00:17.628+0000] {subprocess.py:93} INFO - -rw-r--r--   1 root supergroup    3904639 2026-04-07 01:00 /project-spark/raw/input/GRAMMYs_tweets.csv
[2026-04-07T01:00:17.628+0000] {subprocess.py:93} INFO - -rw-r--r--   1 root supergroup   68713814 2026-04-07 01:00 /project-spark/raw/input/covid19_tweets.csv
[2026-04-07T01:00:17.628+0000] {subprocess.py:93} INFO - -rw-r--r--   1 root supergroup    7277599 2026-04-07 01:00 /project-spark/raw/input/financial.csv
[2026-04-07T01:00:17.628+0000] {subprocess.py:93} INFO - -rw-r--r--   1 root supergroup    1992566 2026-04-07 01:00 /project-spark/raw/input/forbes_2022_billionaires.csv
[2026-04-07T01:00:17.628+0000] {subprocess.py:93} INFO - -rw-r--r--   1 root supergroup    2713677 2026-04-07 01:00 /project-spark/raw/input/twitter_dataset.csv
[2026-04-07T01:00:18.060+0000] {subprocess.py:97} INFO - Command exited with return code 0
[2026-04-07T01:00:18.060+0000] {taskinstance.py:441} INFO - ::group::Post task execution logs
[2026-04-07T01:00:18.076+0000] {taskinstance.py:1206} INFO - Marking task as SUCCESS. dag_id=project_spark_hdfs_pipeline, task_id=upload_raw_to_hdfs, run_id=scheduled__2026-04-06T01:00:00+00:00, execution_date=20260406T010000, start_date=20260407T010012, end_date=20260407T010018
[2026-04-07T01:00:18.102+0000] {local_task_job_runner.py:240} INFO - Task exited with return code 0
[2026-04-07T01:00:18.115+0000] {taskinstance.py:3498} INFO - 1 downstream tasks scheduled from follow-on schedule check
[2026-04-07T01:00:18.123+0000] {local_task_job_runner.py:222} INFO - ::endgroup::
