[2026-04-07T00:31:44.465+0000] {local_task_job_runner.py:120} INFO - ::group::Pre task execution logs
[2026-04-07T00:31:44.488+0000] {taskinstance.py:2076} INFO - Dependencies all met for dep_context=non-requeueable deps ti=<TaskInstance: project_spark_hdfs_pipeline.clean_workspace manual__2026-04-07T00:31:41+00:00 [queued]>
[2026-04-07T00:31:44.493+0000] {taskinstance.py:2076} INFO - Dependencies all met for dep_context=requeueable deps ti=<TaskInstance: project_spark_hdfs_pipeline.clean_workspace manual__2026-04-07T00:31:41+00:00 [queued]>
[2026-04-07T00:31:44.494+0000] {taskinstance.py:2306} INFO - Starting attempt 1 of 1
[2026-04-07T00:31:44.514+0000] {taskinstance.py:2330} INFO - Executing <Task(BashOperator): clean_workspace> on 2026-04-07 00:31:41+00:00
[2026-04-07T00:31:44.519+0000] {standard_task_runner.py:63} INFO - Started process 2819 to run task
[2026-04-07T00:31:44.521+0000] {standard_task_runner.py:90} INFO - Running: ['airflow', 'tasks', 'run', 'project_spark_hdfs_pipeline', 'clean_workspace', 'manual__2026-04-07T00:31:41+00:00', '--job-id', '23', '--raw', '--subdir', 'DAGS_FOLDER/project_spark_hdfs_pipeline.py', '--cfg-path', '/tmp/tmp2q85b70p']
[2026-04-07T00:31:44.522+0000] {standard_task_runner.py:91} INFO - Job 23: Subtask clean_workspace
[2026-04-07T00:31:44.550+0000] {task_command.py:426} INFO - Running <TaskInstance: project_spark_hdfs_pipeline.clean_workspace manual__2026-04-07T00:31:41+00:00 [running]> on host 5b034116cd08
[2026-04-07T00:31:44.615+0000] {taskinstance.py:2648} INFO - Exporting env vars: AIRFLOW_CTX_DAG_OWNER='airflow' AIRFLOW_CTX_DAG_ID='project_spark_hdfs_pipeline' AIRFLOW_CTX_TASK_ID='clean_workspace' AIRFLOW_CTX_EXECUTION_DATE='2026-04-07T00:31:41+00:00' AIRFLOW_CTX_TRY_NUMBER='1' AIRFLOW_CTX_DAG_RUN_ID='manual__2026-04-07T00:31:41+00:00'
[2026-04-07T00:31:44.616+0000] {taskinstance.py:430} INFO - ::endgroup::
[2026-04-07T00:31:44.631+0000] {subprocess.py:63} INFO - Tmp dir root location: /tmp
[2026-04-07T00:31:44.631+0000] {subprocess.py:75} INFO - Running command: ['/usr/bin/bash', '-c', "/bin/bash -lc '/opt/project/scripts/clean-hdfs-workspace.sh'"]
[2026-04-07T00:31:44.640+0000] {subprocess.py:86} INFO - Output:
[2026-04-07T00:31:46.165+0000] {subprocess.py:93} INFO - rm: Cannot delete /project-spark/raw/input. Name node is in safe mode.
[2026-04-07T00:31:47.521+0000] {subprocess.py:93} INFO - rm: Cannot delete /project-spark/curated/parquet. Name node is in safe mode.
[2026-04-07T00:31:50.717+0000] {subprocess.py:97} INFO - Command exited with return code 0
[2026-04-07T00:31:50.717+0000] {taskinstance.py:441} INFO - ::group::Post task execution logs
[2026-04-07T00:31:50.738+0000] {taskinstance.py:1206} INFO - Marking task as SUCCESS. dag_id=project_spark_hdfs_pipeline, task_id=clean_workspace, run_id=manual__2026-04-07T00:31:41+00:00, execution_date=20260407T003141, start_date=20260407T003144, end_date=20260407T003150
[2026-04-07T00:31:50.782+0000] {local_task_job_runner.py:240} INFO - Task exited with return code 0
[2026-04-07T00:31:50.795+0000] {taskinstance.py:3498} INFO - 1 downstream tasks scheduled from follow-on schedule check
[2026-04-07T00:31:50.804+0000] {local_task_job_runner.py:222} INFO - ::endgroup::
