[2026-04-06T23:59:28.973+0000] {local_task_job_runner.py:120} INFO - ::group::Pre task execution logs
[2026-04-06T23:59:28.997+0000] {taskinstance.py:2076} INFO - Dependencies all met for dep_context=non-requeueable deps ti=<TaskInstance: project_spark_hdfs_pipeline.clean_workspace manual__2026-04-06T23:58:09+00:00 [queued]>
[2026-04-06T23:59:29.001+0000] {taskinstance.py:2076} INFO - Dependencies all met for dep_context=requeueable deps ti=<TaskInstance: project_spark_hdfs_pipeline.clean_workspace manual__2026-04-06T23:58:09+00:00 [queued]>
[2026-04-06T23:59:29.001+0000] {taskinstance.py:2306} INFO - Starting attempt 1 of 1
[2026-04-06T23:59:29.017+0000] {taskinstance.py:2330} INFO - Executing <Task(BashOperator): clean_workspace> on 2026-04-06 23:58:09+00:00
[2026-04-06T23:59:29.021+0000] {standard_task_runner.py:63} INFO - Started process 1027 to run task
[2026-04-06T23:59:29.022+0000] {standard_task_runner.py:90} INFO - Running: ['airflow', 'tasks', 'run', 'project_spark_hdfs_pipeline', 'clean_workspace', 'manual__2026-04-06T23:58:09+00:00', '--job-id', '6', '--raw', '--subdir', 'DAGS_FOLDER/project_spark_hdfs_pipeline.py', '--cfg-path', '/tmp/tmp51oppdiw']
[2026-04-06T23:59:29.024+0000] {standard_task_runner.py:91} INFO - Job 6: Subtask clean_workspace
[2026-04-06T23:59:29.060+0000] {task_command.py:426} INFO - Running <TaskInstance: project_spark_hdfs_pipeline.clean_workspace manual__2026-04-06T23:58:09+00:00 [running]> on host 1d39bff5e3d1
[2026-04-06T23:59:29.133+0000] {taskinstance.py:2648} INFO - Exporting env vars: AIRFLOW_CTX_DAG_OWNER='airflow' AIRFLOW_CTX_DAG_ID='project_spark_hdfs_pipeline' AIRFLOW_CTX_TASK_ID='clean_workspace' AIRFLOW_CTX_EXECUTION_DATE='2026-04-06T23:58:09+00:00' AIRFLOW_CTX_TRY_NUMBER='1' AIRFLOW_CTX_DAG_RUN_ID='manual__2026-04-06T23:58:09+00:00'
[2026-04-06T23:59:29.133+0000] {taskinstance.py:430} INFO - ::endgroup::
[2026-04-06T23:59:29.154+0000] {subprocess.py:63} INFO - Tmp dir root location: /tmp
[2026-04-06T23:59:29.154+0000] {subprocess.py:75} INFO - Running command: ['/usr/bin/bash', '-c', "/bin/bash -lc '/opt/project/scripts/clean-hdfs-workspace.sh'"]
[2026-04-06T23:59:29.164+0000] {subprocess.py:86} INFO - Output:
[2026-04-06T23:59:30.484+0000] {subprocess.py:93} INFO - rm: Cannot delete /project-spark/raw/input. Name node is in safe mode.
[2026-04-06T23:59:33.994+0000] {subprocess.py:97} INFO - Command exited with return code 0
[2026-04-06T23:59:33.995+0000] {taskinstance.py:441} INFO - ::group::Post task execution logs
[2026-04-06T23:59:34.019+0000] {taskinstance.py:1206} INFO - Marking task as SUCCESS. dag_id=project_spark_hdfs_pipeline, task_id=clean_workspace, run_id=manual__2026-04-06T23:58:09+00:00, execution_date=20260406T235809, start_date=20260406T235928, end_date=20260406T235934
[2026-04-06T23:59:34.046+0000] {local_task_job_runner.py:240} INFO - Task exited with return code 0
[2026-04-06T23:59:34.062+0000] {taskinstance.py:3498} INFO - 1 downstream tasks scheduled from follow-on schedule check
[2026-04-06T23:59:34.075+0000] {local_task_job_runner.py:222} INFO - ::endgroup::
