[2026-04-06T23:46:50.144+0000] {processor.py:161} INFO - Started process (PID=73) to work on /opt/airflow/dags/project_spark_hdfs_pipeline.py
[2026-04-06T23:46:50.145+0000] {processor.py:830} INFO - Processing file /opt/airflow/dags/project_spark_hdfs_pipeline.py for tasks to queue
[2026-04-06T23:46:50.147+0000] {logging_mixin.py:188} INFO - [2026-04-06T23:46:50.147+0000] {dagbag.py:545} INFO - Filling up the DagBag from /opt/airflow/dags/project_spark_hdfs_pipeline.py
[2026-04-06T23:46:50.165+0000] {logging_mixin.py:188} INFO - [2026-04-06T23:46:50.162+0000] {templater.py:93} ERROR - Failed to resolve template field 'bash_command'
Traceback (most recent call last):
  File "/home/airflow/.local/lib/python3.12/site-packages/airflow/template/templater.py", line 91, in resolve_template_files
    setattr(self, field, env.loader.get_source(env, content)[0])  # type: ignore
                         ^^^^^^^^^^^^^^^^^^^^^^^^^^^^^^^^^^^
  File "/home/airflow/.local/lib/python3.12/site-packages/jinja2/loaders.py", line 204, in get_source
    raise TemplateNotFound(template)
jinja2.exceptions.TemplateNotFound: bash /opt/project/scripts/clean-hdfs-workspace.sh
[2026-04-06T23:46:50.166+0000] {logging_mixin.py:188} INFO - [2026-04-06T23:46:50.166+0000] {templater.py:93} ERROR - Failed to resolve template field 'bash_command'
Traceback (most recent call last):
  File "/home/airflow/.local/lib/python3.12/site-packages/airflow/template/templater.py", line 91, in resolve_template_files
    setattr(self, field, env.loader.get_source(env, content)[0])  # type: ignore
                         ^^^^^^^^^^^^^^^^^^^^^^^^^^^^^^^^^^^
  File "/home/airflow/.local/lib/python3.12/site-packages/jinja2/loaders.py", line 204, in get_source
    raise TemplateNotFound(template)
jinja2.exceptions.TemplateNotFound: bash /opt/project/scripts/upload-hdfs-inputs.sh
[2026-04-06T23:46:50.167+0000] {logging_mixin.py:188} INFO - [2026-04-06T23:46:50.167+0000] {templater.py:93} ERROR - Failed to resolve template field 'bash_command'
Traceback (most recent call last):
  File "/home/airflow/.local/lib/python3.12/site-packages/airflow/template/templater.py", line 91, in resolve_template_files
    setattr(self, field, env.loader.get_source(env, content)[0])  # type: ignore
                         ^^^^^^^^^^^^^^^^^^^^^^^^^^^^^^^^^^^
  File "/home/airflow/.local/lib/python3.12/site-packages/jinja2/loaders.py", line 204, in get_source
    raise TemplateNotFound(template)
jinja2.exceptions.TemplateNotFound: bash /opt/project/scripts/list-hdfs-results.sh
[2026-04-06T23:46:50.168+0000] {logging_mixin.py:188} INFO - [2026-04-06T23:46:50.168+0000] {templater.py:93} ERROR - Failed to resolve template field 'bash_command'
Traceback (most recent call last):
  File "/home/airflow/.local/lib/python3.12/site-packages/airflow/template/templater.py", line 91, in resolve_template_files
    setattr(self, field, env.loader.get_source(env, content)[0])  # type: ignore
                         ^^^^^^^^^^^^^^^^^^^^^^^^^^^^^^^^^^^
  File "/home/airflow/.local/lib/python3.12/site-packages/jinja2/loaders.py", line 204, in get_source
    raise TemplateNotFound(template)
jinja2.exceptions.TemplateNotFound: bash /opt/project/scripts/download-hdfs-parquet.sh
[2026-04-06T23:46:50.174+0000] {processor.py:840} INFO - DAG(s) 'project_spark_hdfs_pipeline' retrieved from /opt/airflow/dags/project_spark_hdfs_pipeline.py
[2026-04-06T23:46:50.378+0000] {logging_mixin.py:188} INFO - [2026-04-06T23:46:50.377+0000] {override.py:1829} INFO - Created Permission View: can delete on DAG:project_spark_hdfs_pipeline
[2026-04-06T23:46:50.405+0000] {logging_mixin.py:188} INFO - [2026-04-06T23:46:50.405+0000] {override.py:1829} INFO - Created Permission View: can read on DAG:project_spark_hdfs_pipeline
[2026-04-06T23:46:50.425+0000] {logging_mixin.py:188} INFO - [2026-04-06T23:46:50.424+0000] {override.py:1829} INFO - Created Permission View: can edit on DAG:project_spark_hdfs_pipeline
[2026-04-06T23:46:50.426+0000] {logging_mixin.py:188} INFO - [2026-04-06T23:46:50.425+0000] {dag.py:3096} INFO - Sync 1 DAGs
[2026-04-06T23:46:50.446+0000] {logging_mixin.py:188} INFO - [2026-04-06T23:46:50.445+0000] {dag.py:3118} INFO - Creating ORM DAG for project_spark_hdfs_pipeline
[2026-04-06T23:46:50.465+0000] {logging_mixin.py:188} INFO - [2026-04-06T23:46:50.465+0000] {dag.py:3954} INFO - Setting next_dagrun for project_spark_hdfs_pipeline to 2026-04-05 01:00:00+00:00, run_after=2026-04-06 01:00:00+00:00
[2026-04-06T23:46:50.508+0000] {processor.py:183} INFO - Processing /opt/airflow/dags/project_spark_hdfs_pipeline.py took 0.373 seconds
[2026-04-06T23:47:21.358+0000] {processor.py:161} INFO - Started process (PID=114) to work on /opt/airflow/dags/project_spark_hdfs_pipeline.py
[2026-04-06T23:47:21.359+0000] {processor.py:830} INFO - Processing file /opt/airflow/dags/project_spark_hdfs_pipeline.py for tasks to queue
[2026-04-06T23:47:21.360+0000] {logging_mixin.py:188} INFO - [2026-04-06T23:47:21.360+0000] {dagbag.py:545} INFO - Filling up the DagBag from /opt/airflow/dags/project_spark_hdfs_pipeline.py
[2026-04-06T23:47:21.368+0000] {logging_mixin.py:188} INFO - [2026-04-06T23:47:21.368+0000] {templater.py:93} ERROR - Failed to resolve template field 'bash_command'
Traceback (most recent call last):
  File "/home/airflow/.local/lib/python3.12/site-packages/airflow/template/templater.py", line 91, in resolve_template_files
    setattr(self, field, env.loader.get_source(env, content)[0])  # type: ignore
                         ^^^^^^^^^^^^^^^^^^^^^^^^^^^^^^^^^^^
  File "/home/airflow/.local/lib/python3.12/site-packages/jinja2/loaders.py", line 204, in get_source
    raise TemplateNotFound(template)
jinja2.exceptions.TemplateNotFound: bash /opt/project/scripts/clean-hdfs-workspace.sh
[2026-04-06T23:47:21.369+0000] {logging_mixin.py:188} INFO - [2026-04-06T23:47:21.369+0000] {templater.py:93} ERROR - Failed to resolve template field 'bash_command'
Traceback (most recent call last):
  File "/home/airflow/.local/lib/python3.12/site-packages/airflow/template/templater.py", line 91, in resolve_template_files
    setattr(self, field, env.loader.get_source(env, content)[0])  # type: ignore
                         ^^^^^^^^^^^^^^^^^^^^^^^^^^^^^^^^^^^
  File "/home/airflow/.local/lib/python3.12/site-packages/jinja2/loaders.py", line 204, in get_source
    raise TemplateNotFound(template)
jinja2.exceptions.TemplateNotFound: bash /opt/project/scripts/upload-hdfs-inputs.sh
[2026-04-06T23:47:21.369+0000] {logging_mixin.py:188} INFO - [2026-04-06T23:47:21.369+0000] {templater.py:93} ERROR - Failed to resolve template field 'bash_command'
Traceback (most recent call last):
  File "/home/airflow/.local/lib/python3.12/site-packages/airflow/template/templater.py", line 91, in resolve_template_files
    setattr(self, field, env.loader.get_source(env, content)[0])  # type: ignore
                         ^^^^^^^^^^^^^^^^^^^^^^^^^^^^^^^^^^^
  File "/home/airflow/.local/lib/python3.12/site-packages/jinja2/loaders.py", line 204, in get_source
    raise TemplateNotFound(template)
jinja2.exceptions.TemplateNotFound: bash /opt/project/scripts/list-hdfs-results.sh
[2026-04-06T23:47:21.370+0000] {logging_mixin.py:188} INFO - [2026-04-06T23:47:21.369+0000] {templater.py:93} ERROR - Failed to resolve template field 'bash_command'
Traceback (most recent call last):
  File "/home/airflow/.local/lib/python3.12/site-packages/airflow/template/templater.py", line 91, in resolve_template_files
    setattr(self, field, env.loader.get_source(env, content)[0])  # type: ignore
                         ^^^^^^^^^^^^^^^^^^^^^^^^^^^^^^^^^^^
  File "/home/airflow/.local/lib/python3.12/site-packages/jinja2/loaders.py", line 204, in get_source
    raise TemplateNotFound(template)
jinja2.exceptions.TemplateNotFound: bash /opt/project/scripts/download-hdfs-parquet.sh
[2026-04-06T23:47:21.372+0000] {processor.py:840} INFO - DAG(s) 'project_spark_hdfs_pipeline' retrieved from /opt/airflow/dags/project_spark_hdfs_pipeline.py
[2026-04-06T23:47:21.388+0000] {logging_mixin.py:188} INFO - [2026-04-06T23:47:21.388+0000] {dag.py:3096} INFO - Sync 1 DAGs
[2026-04-06T23:47:21.402+0000] {logging_mixin.py:188} INFO - [2026-04-06T23:47:21.402+0000] {dag.py:3954} INFO - Setting next_dagrun for project_spark_hdfs_pipeline to 2026-04-06 01:00:00+00:00, run_after=2026-04-07 01:00:00+00:00
[2026-04-06T23:47:21.430+0000] {processor.py:183} INFO - Processing /opt/airflow/dags/project_spark_hdfs_pipeline.py took 0.076 seconds
[2026-04-06T23:47:52.473+0000] {processor.py:161} INFO - Started process (PID=156) to work on /opt/airflow/dags/project_spark_hdfs_pipeline.py
[2026-04-06T23:47:52.475+0000] {processor.py:830} INFO - Processing file /opt/airflow/dags/project_spark_hdfs_pipeline.py for tasks to queue
[2026-04-06T23:47:52.478+0000] {logging_mixin.py:188} INFO - [2026-04-06T23:47:52.476+0000] {dagbag.py:545} INFO - Filling up the DagBag from /opt/airflow/dags/project_spark_hdfs_pipeline.py
[2026-04-06T23:47:52.494+0000] {logging_mixin.py:188} INFO - [2026-04-06T23:47:52.493+0000] {templater.py:93} ERROR - Failed to resolve template field 'bash_command'
Traceback (most recent call last):
  File "/home/airflow/.local/lib/python3.12/site-packages/airflow/template/templater.py", line 91, in resolve_template_files
    setattr(self, field, env.loader.get_source(env, content)[0])  # type: ignore
                         ^^^^^^^^^^^^^^^^^^^^^^^^^^^^^^^^^^^
  File "/home/airflow/.local/lib/python3.12/site-packages/jinja2/loaders.py", line 204, in get_source
    raise TemplateNotFound(template)
jinja2.exceptions.TemplateNotFound: bash /opt/project/scripts/clean-hdfs-workspace.sh
[2026-04-06T23:47:52.494+0000] {logging_mixin.py:188} INFO - [2026-04-06T23:47:52.494+0000] {templater.py:93} ERROR - Failed to resolve template field 'bash_command'
Traceback (most recent call last):
  File "/home/airflow/.local/lib/python3.12/site-packages/airflow/template/templater.py", line 91, in resolve_template_files
    setattr(self, field, env.loader.get_source(env, content)[0])  # type: ignore
                         ^^^^^^^^^^^^^^^^^^^^^^^^^^^^^^^^^^^
  File "/home/airflow/.local/lib/python3.12/site-packages/jinja2/loaders.py", line 204, in get_source
    raise TemplateNotFound(template)
jinja2.exceptions.TemplateNotFound: bash /opt/project/scripts/upload-hdfs-inputs.sh
[2026-04-06T23:47:52.495+0000] {logging_mixin.py:188} INFO - [2026-04-06T23:47:52.494+0000] {templater.py:93} ERROR - Failed to resolve template field 'bash_command'
Traceback (most recent call last):
  File "/home/airflow/.local/lib/python3.12/site-packages/airflow/template/templater.py", line 91, in resolve_template_files
    setattr(self, field, env.loader.get_source(env, content)[0])  # type: ignore
                         ^^^^^^^^^^^^^^^^^^^^^^^^^^^^^^^^^^^
  File "/home/airflow/.local/lib/python3.12/site-packages/jinja2/loaders.py", line 204, in get_source
    raise TemplateNotFound(template)
jinja2.exceptions.TemplateNotFound: bash /opt/project/scripts/list-hdfs-results.sh
[2026-04-06T23:47:52.495+0000] {logging_mixin.py:188} INFO - [2026-04-06T23:47:52.495+0000] {templater.py:93} ERROR - Failed to resolve template field 'bash_command'
Traceback (most recent call last):
  File "/home/airflow/.local/lib/python3.12/site-packages/airflow/template/templater.py", line 91, in resolve_template_files
    setattr(self, field, env.loader.get_source(env, content)[0])  # type: ignore
                         ^^^^^^^^^^^^^^^^^^^^^^^^^^^^^^^^^^^
  File "/home/airflow/.local/lib/python3.12/site-packages/jinja2/loaders.py", line 204, in get_source
    raise TemplateNotFound(template)
jinja2.exceptions.TemplateNotFound: bash /opt/project/scripts/download-hdfs-parquet.sh
[2026-04-06T23:47:52.503+0000] {processor.py:840} INFO - DAG(s) 'project_spark_hdfs_pipeline' retrieved from /opt/airflow/dags/project_spark_hdfs_pipeline.py
[2026-04-06T23:47:52.523+0000] {logging_mixin.py:188} INFO - [2026-04-06T23:47:52.523+0000] {dag.py:3096} INFO - Sync 1 DAGs
[2026-04-06T23:47:52.551+0000] {logging_mixin.py:188} INFO - [2026-04-06T23:47:52.551+0000] {dag.py:3954} INFO - Setting next_dagrun for project_spark_hdfs_pipeline to 2026-04-06 01:00:00+00:00, run_after=2026-04-07 01:00:00+00:00
[2026-04-06T23:47:52.579+0000] {processor.py:183} INFO - Processing /opt/airflow/dags/project_spark_hdfs_pipeline.py took 0.110 seconds
[2026-04-06T23:48:23.605+0000] {processor.py:161} INFO - Started process (PID=214) to work on /opt/airflow/dags/project_spark_hdfs_pipeline.py
[2026-04-06T23:48:23.613+0000] {processor.py:830} INFO - Processing file /opt/airflow/dags/project_spark_hdfs_pipeline.py for tasks to queue
[2026-04-06T23:48:23.614+0000] {logging_mixin.py:188} INFO - [2026-04-06T23:48:23.614+0000] {dagbag.py:545} INFO - Filling up the DagBag from /opt/airflow/dags/project_spark_hdfs_pipeline.py
[2026-04-06T23:48:23.623+0000] {logging_mixin.py:188} INFO - [2026-04-06T23:48:23.622+0000] {templater.py:93} ERROR - Failed to resolve template field 'bash_command'
Traceback (most recent call last):
  File "/home/airflow/.local/lib/python3.12/site-packages/airflow/template/templater.py", line 91, in resolve_template_files
    setattr(self, field, env.loader.get_source(env, content)[0])  # type: ignore
                         ^^^^^^^^^^^^^^^^^^^^^^^^^^^^^^^^^^^
  File "/home/airflow/.local/lib/python3.12/site-packages/jinja2/loaders.py", line 204, in get_source
    raise TemplateNotFound(template)
jinja2.exceptions.TemplateNotFound: bash /opt/project/scripts/clean-hdfs-workspace.sh
[2026-04-06T23:48:23.623+0000] {logging_mixin.py:188} INFO - [2026-04-06T23:48:23.623+0000] {templater.py:93} ERROR - Failed to resolve template field 'bash_command'
Traceback (most recent call last):
  File "/home/airflow/.local/lib/python3.12/site-packages/airflow/template/templater.py", line 91, in resolve_template_files
    setattr(self, field, env.loader.get_source(env, content)[0])  # type: ignore
                         ^^^^^^^^^^^^^^^^^^^^^^^^^^^^^^^^^^^
  File "/home/airflow/.local/lib/python3.12/site-packages/jinja2/loaders.py", line 204, in get_source
    raise TemplateNotFound(template)
jinja2.exceptions.TemplateNotFound: bash /opt/project/scripts/upload-hdfs-inputs.sh
[2026-04-06T23:48:23.624+0000] {logging_mixin.py:188} INFO - [2026-04-06T23:48:23.623+0000] {templater.py:93} ERROR - Failed to resolve template field 'bash_command'
Traceback (most recent call last):
  File "/home/airflow/.local/lib/python3.12/site-packages/airflow/template/templater.py", line 91, in resolve_template_files
    setattr(self, field, env.loader.get_source(env, content)[0])  # type: ignore
                         ^^^^^^^^^^^^^^^^^^^^^^^^^^^^^^^^^^^
  File "/home/airflow/.local/lib/python3.12/site-packages/jinja2/loaders.py", line 204, in get_source
    raise TemplateNotFound(template)
jinja2.exceptions.TemplateNotFound: bash /opt/project/scripts/list-hdfs-results.sh
[2026-04-06T23:48:23.624+0000] {logging_mixin.py:188} INFO - [2026-04-06T23:48:23.624+0000] {templater.py:93} ERROR - Failed to resolve template field 'bash_command'
Traceback (most recent call last):
  File "/home/airflow/.local/lib/python3.12/site-packages/airflow/template/templater.py", line 91, in resolve_template_files
    setattr(self, field, env.loader.get_source(env, content)[0])  # type: ignore
                         ^^^^^^^^^^^^^^^^^^^^^^^^^^^^^^^^^^^
  File "/home/airflow/.local/lib/python3.12/site-packages/jinja2/loaders.py", line 204, in get_source
    raise TemplateNotFound(template)
jinja2.exceptions.TemplateNotFound: bash /opt/project/scripts/download-hdfs-parquet.sh
[2026-04-06T23:48:23.627+0000] {processor.py:840} INFO - DAG(s) 'project_spark_hdfs_pipeline' retrieved from /opt/airflow/dags/project_spark_hdfs_pipeline.py
[2026-04-06T23:48:23.643+0000] {logging_mixin.py:188} INFO - [2026-04-06T23:48:23.643+0000] {dag.py:3096} INFO - Sync 1 DAGs
[2026-04-06T23:48:23.660+0000] {logging_mixin.py:188} INFO - [2026-04-06T23:48:23.660+0000] {dag.py:3954} INFO - Setting next_dagrun for project_spark_hdfs_pipeline to 2026-04-06 01:00:00+00:00, run_after=2026-04-07 01:00:00+00:00
[2026-04-06T23:48:23.681+0000] {processor.py:183} INFO - Processing /opt/airflow/dags/project_spark_hdfs_pipeline.py took 0.080 seconds
[2026-04-06T23:48:54.700+0000] {processor.py:161} INFO - Started process (PID=248) to work on /opt/airflow/dags/project_spark_hdfs_pipeline.py
[2026-04-06T23:48:54.701+0000] {processor.py:830} INFO - Processing file /opt/airflow/dags/project_spark_hdfs_pipeline.py for tasks to queue
[2026-04-06T23:48:54.703+0000] {logging_mixin.py:188} INFO - [2026-04-06T23:48:54.702+0000] {dagbag.py:545} INFO - Filling up the DagBag from /opt/airflow/dags/project_spark_hdfs_pipeline.py
[2026-04-06T23:48:54.720+0000] {logging_mixin.py:188} INFO - [2026-04-06T23:48:54.719+0000] {templater.py:93} ERROR - Failed to resolve template field 'bash_command'
Traceback (most recent call last):
  File "/home/airflow/.local/lib/python3.12/site-packages/airflow/template/templater.py", line 91, in resolve_template_files
    setattr(self, field, env.loader.get_source(env, content)[0])  # type: ignore
                         ^^^^^^^^^^^^^^^^^^^^^^^^^^^^^^^^^^^
  File "/home/airflow/.local/lib/python3.12/site-packages/jinja2/loaders.py", line 204, in get_source
    raise TemplateNotFound(template)
jinja2.exceptions.TemplateNotFound: bash /opt/project/scripts/clean-hdfs-workspace.sh
[2026-04-06T23:48:54.721+0000] {logging_mixin.py:188} INFO - [2026-04-06T23:48:54.721+0000] {templater.py:93} ERROR - Failed to resolve template field 'bash_command'
Traceback (most recent call last):
  File "/home/airflow/.local/lib/python3.12/site-packages/airflow/template/templater.py", line 91, in resolve_template_files
    setattr(self, field, env.loader.get_source(env, content)[0])  # type: ignore
                         ^^^^^^^^^^^^^^^^^^^^^^^^^^^^^^^^^^^
  File "/home/airflow/.local/lib/python3.12/site-packages/jinja2/loaders.py", line 204, in get_source
    raise TemplateNotFound(template)
jinja2.exceptions.TemplateNotFound: bash /opt/project/scripts/upload-hdfs-inputs.sh
[2026-04-06T23:48:54.722+0000] {logging_mixin.py:188} INFO - [2026-04-06T23:48:54.722+0000] {templater.py:93} ERROR - Failed to resolve template field 'bash_command'
Traceback (most recent call last):
  File "/home/airflow/.local/lib/python3.12/site-packages/airflow/template/templater.py", line 91, in resolve_template_files
    setattr(self, field, env.loader.get_source(env, content)[0])  # type: ignore
                         ^^^^^^^^^^^^^^^^^^^^^^^^^^^^^^^^^^^
  File "/home/airflow/.local/lib/python3.12/site-packages/jinja2/loaders.py", line 204, in get_source
    raise TemplateNotFound(template)
jinja2.exceptions.TemplateNotFound: bash /opt/project/scripts/list-hdfs-results.sh
[2026-04-06T23:48:54.723+0000] {logging_mixin.py:188} INFO - [2026-04-06T23:48:54.723+0000] {templater.py:93} ERROR - Failed to resolve template field 'bash_command'
Traceback (most recent call last):
  File "/home/airflow/.local/lib/python3.12/site-packages/airflow/template/templater.py", line 91, in resolve_template_files
    setattr(self, field, env.loader.get_source(env, content)[0])  # type: ignore
                         ^^^^^^^^^^^^^^^^^^^^^^^^^^^^^^^^^^^
  File "/home/airflow/.local/lib/python3.12/site-packages/jinja2/loaders.py", line 204, in get_source
    raise TemplateNotFound(template)
jinja2.exceptions.TemplateNotFound: bash /opt/project/scripts/download-hdfs-parquet.sh
[2026-04-06T23:48:54.729+0000] {processor.py:840} INFO - DAG(s) 'project_spark_hdfs_pipeline' retrieved from /opt/airflow/dags/project_spark_hdfs_pipeline.py
[2026-04-06T23:48:54.752+0000] {logging_mixin.py:188} INFO - [2026-04-06T23:48:54.751+0000] {dag.py:3096} INFO - Sync 1 DAGs
[2026-04-06T23:48:54.773+0000] {logging_mixin.py:188} INFO - [2026-04-06T23:48:54.773+0000] {dag.py:3954} INFO - Setting next_dagrun for project_spark_hdfs_pipeline to 2026-04-06 01:00:00+00:00, run_after=2026-04-07 01:00:00+00:00
[2026-04-06T23:48:54.803+0000] {processor.py:183} INFO - Processing /opt/airflow/dags/project_spark_hdfs_pipeline.py took 0.109 seconds
[2026-04-06T23:49:01.663+0000] {processor.py:161} INFO - Started process (PID=249) to work on /opt/airflow/dags/project_spark_hdfs_pipeline.py
[2026-04-06T23:49:01.664+0000] {processor.py:830} INFO - Processing file /opt/airflow/dags/project_spark_hdfs_pipeline.py for tasks to queue
[2026-04-06T23:49:01.665+0000] {logging_mixin.py:188} INFO - [2026-04-06T23:49:01.665+0000] {dagbag.py:545} INFO - Filling up the DagBag from /opt/airflow/dags/project_spark_hdfs_pipeline.py
[2026-04-06T23:49:01.675+0000] {processor.py:840} INFO - DAG(s) 'project_spark_hdfs_pipeline' retrieved from /opt/airflow/dags/project_spark_hdfs_pipeline.py
[2026-04-06T23:49:01.824+0000] {logging_mixin.py:188} INFO - [2026-04-06T23:49:01.823+0000] {dag.py:3096} INFO - Sync 1 DAGs
[2026-04-06T23:49:01.844+0000] {logging_mixin.py:188} INFO - [2026-04-06T23:49:01.843+0000] {dag.py:3954} INFO - Setting next_dagrun for project_spark_hdfs_pipeline to 2026-04-06 01:00:00+00:00, run_after=2026-04-07 01:00:00+00:00
[2026-04-06T23:49:01.878+0000] {processor.py:183} INFO - Processing /opt/airflow/dags/project_spark_hdfs_pipeline.py took 0.219 seconds
[2026-04-06T23:49:32.775+0000] {processor.py:161} INFO - Started process (PID=310) to work on /opt/airflow/dags/project_spark_hdfs_pipeline.py
[2026-04-06T23:49:32.775+0000] {processor.py:830} INFO - Processing file /opt/airflow/dags/project_spark_hdfs_pipeline.py for tasks to queue
[2026-04-06T23:49:32.777+0000] {logging_mixin.py:188} INFO - [2026-04-06T23:49:32.777+0000] {dagbag.py:545} INFO - Filling up the DagBag from /opt/airflow/dags/project_spark_hdfs_pipeline.py
[2026-04-06T23:49:32.786+0000] {processor.py:840} INFO - DAG(s) 'project_spark_hdfs_pipeline' retrieved from /opt/airflow/dags/project_spark_hdfs_pipeline.py
[2026-04-06T23:49:32.802+0000] {logging_mixin.py:188} INFO - [2026-04-06T23:49:32.802+0000] {dag.py:3096} INFO - Sync 1 DAGs
[2026-04-06T23:49:32.821+0000] {logging_mixin.py:188} INFO - [2026-04-06T23:49:32.820+0000] {dag.py:3954} INFO - Setting next_dagrun for project_spark_hdfs_pipeline to 2026-04-06 01:00:00+00:00, run_after=2026-04-07 01:00:00+00:00
[2026-04-06T23:49:32.842+0000] {processor.py:183} INFO - Processing /opt/airflow/dags/project_spark_hdfs_pipeline.py took 0.070 seconds
[2026-04-06T23:50:03.886+0000] {processor.py:161} INFO - Started process (PID=444) to work on /opt/airflow/dags/project_spark_hdfs_pipeline.py
[2026-04-06T23:50:03.887+0000] {processor.py:830} INFO - Processing file /opt/airflow/dags/project_spark_hdfs_pipeline.py for tasks to queue
[2026-04-06T23:50:03.889+0000] {logging_mixin.py:188} INFO - [2026-04-06T23:50:03.888+0000] {dagbag.py:545} INFO - Filling up the DagBag from /opt/airflow/dags/project_spark_hdfs_pipeline.py
[2026-04-06T23:50:03.901+0000] {processor.py:840} INFO - DAG(s) 'project_spark_hdfs_pipeline' retrieved from /opt/airflow/dags/project_spark_hdfs_pipeline.py
[2026-04-06T23:50:03.927+0000] {logging_mixin.py:188} INFO - [2026-04-06T23:50:03.927+0000] {dag.py:3096} INFO - Sync 1 DAGs
[2026-04-06T23:50:03.943+0000] {logging_mixin.py:188} INFO - [2026-04-06T23:50:03.943+0000] {dag.py:3954} INFO - Setting next_dagrun for project_spark_hdfs_pipeline to 2026-04-06 01:00:00+00:00, run_after=2026-04-07 01:00:00+00:00
[2026-04-06T23:50:03.968+0000] {processor.py:183} INFO - Processing /opt/airflow/dags/project_spark_hdfs_pipeline.py took 0.087 seconds
[2026-04-06T23:50:34.978+0000] {processor.py:161} INFO - Started process (PID=556) to work on /opt/airflow/dags/project_spark_hdfs_pipeline.py
[2026-04-06T23:50:34.978+0000] {processor.py:830} INFO - Processing file /opt/airflow/dags/project_spark_hdfs_pipeline.py for tasks to queue
[2026-04-06T23:50:34.980+0000] {logging_mixin.py:188} INFO - [2026-04-06T23:50:34.979+0000] {dagbag.py:545} INFO - Filling up the DagBag from /opt/airflow/dags/project_spark_hdfs_pipeline.py
[2026-04-06T23:50:34.988+0000] {processor.py:840} INFO - DAG(s) 'project_spark_hdfs_pipeline' retrieved from /opt/airflow/dags/project_spark_hdfs_pipeline.py
[2026-04-06T23:50:35.006+0000] {logging_mixin.py:188} INFO - [2026-04-06T23:50:35.006+0000] {dag.py:3096} INFO - Sync 1 DAGs
[2026-04-06T23:50:35.021+0000] {logging_mixin.py:188} INFO - [2026-04-06T23:50:35.021+0000] {dag.py:3954} INFO - Setting next_dagrun for project_spark_hdfs_pipeline to 2026-04-06 01:00:00+00:00, run_after=2026-04-07 01:00:00+00:00
[2026-04-06T23:50:35.043+0000] {processor.py:183} INFO - Processing /opt/airflow/dags/project_spark_hdfs_pipeline.py took 0.069 seconds
[2026-04-06T23:51:05.106+0000] {processor.py:161} INFO - Started process (PID=578) to work on /opt/airflow/dags/project_spark_hdfs_pipeline.py
[2026-04-06T23:51:05.106+0000] {processor.py:830} INFO - Processing file /opt/airflow/dags/project_spark_hdfs_pipeline.py for tasks to queue
[2026-04-06T23:51:05.108+0000] {logging_mixin.py:188} INFO - [2026-04-06T23:51:05.107+0000] {dagbag.py:545} INFO - Filling up the DagBag from /opt/airflow/dags/project_spark_hdfs_pipeline.py
[2026-04-06T23:51:05.117+0000] {processor.py:840} INFO - DAG(s) 'project_spark_hdfs_pipeline' retrieved from /opt/airflow/dags/project_spark_hdfs_pipeline.py
[2026-04-06T23:51:05.134+0000] {logging_mixin.py:188} INFO - [2026-04-06T23:51:05.133+0000] {dag.py:3096} INFO - Sync 1 DAGs
[2026-04-06T23:51:05.150+0000] {logging_mixin.py:188} INFO - [2026-04-06T23:51:05.150+0000] {dag.py:3954} INFO - Setting next_dagrun for project_spark_hdfs_pipeline to 2026-04-06 01:00:00+00:00, run_after=2026-04-07 01:00:00+00:00
[2026-04-06T23:51:05.171+0000] {processor.py:183} INFO - Processing /opt/airflow/dags/project_spark_hdfs_pipeline.py took 0.070 seconds
[2026-04-06T23:51:35.379+0000] {processor.py:161} INFO - Started process (PID=600) to work on /opt/airflow/dags/project_spark_hdfs_pipeline.py
[2026-04-06T23:51:35.387+0000] {processor.py:830} INFO - Processing file /opt/airflow/dags/project_spark_hdfs_pipeline.py for tasks to queue
[2026-04-06T23:51:35.388+0000] {logging_mixin.py:188} INFO - [2026-04-06T23:51:35.388+0000] {dagbag.py:545} INFO - Filling up the DagBag from /opt/airflow/dags/project_spark_hdfs_pipeline.py
[2026-04-06T23:51:35.397+0000] {processor.py:840} INFO - DAG(s) 'project_spark_hdfs_pipeline' retrieved from /opt/airflow/dags/project_spark_hdfs_pipeline.py
[2026-04-06T23:51:35.411+0000] {logging_mixin.py:188} INFO - [2026-04-06T23:51:35.411+0000] {dag.py:3096} INFO - Sync 1 DAGs
[2026-04-06T23:51:35.427+0000] {logging_mixin.py:188} INFO - [2026-04-06T23:51:35.427+0000] {dag.py:3954} INFO - Setting next_dagrun for project_spark_hdfs_pipeline to 2026-04-06 01:00:00+00:00, run_after=2026-04-07 01:00:00+00:00
[2026-04-06T23:51:35.450+0000] {processor.py:183} INFO - Processing /opt/airflow/dags/project_spark_hdfs_pipeline.py took 0.075 seconds
[2026-04-06T23:52:05.652+0000] {processor.py:161} INFO - Started process (PID=622) to work on /opt/airflow/dags/project_spark_hdfs_pipeline.py
[2026-04-06T23:52:05.652+0000] {processor.py:830} INFO - Processing file /opt/airflow/dags/project_spark_hdfs_pipeline.py for tasks to queue
[2026-04-06T23:52:05.653+0000] {logging_mixin.py:188} INFO - [2026-04-06T23:52:05.653+0000] {dagbag.py:545} INFO - Filling up the DagBag from /opt/airflow/dags/project_spark_hdfs_pipeline.py
[2026-04-06T23:52:05.661+0000] {processor.py:840} INFO - DAG(s) 'project_spark_hdfs_pipeline' retrieved from /opt/airflow/dags/project_spark_hdfs_pipeline.py
[2026-04-06T23:52:05.679+0000] {logging_mixin.py:188} INFO - [2026-04-06T23:52:05.678+0000] {dag.py:3096} INFO - Sync 1 DAGs
[2026-04-06T23:52:05.703+0000] {logging_mixin.py:188} INFO - [2026-04-06T23:52:05.703+0000] {dag.py:3954} INFO - Setting next_dagrun for project_spark_hdfs_pipeline to 2026-04-06 01:00:00+00:00, run_after=2026-04-07 01:00:00+00:00
[2026-04-06T23:52:05.725+0000] {processor.py:183} INFO - Processing /opt/airflow/dags/project_spark_hdfs_pipeline.py took 0.079 seconds
[2026-04-06T23:52:35.804+0000] {processor.py:161} INFO - Started process (PID=644) to work on /opt/airflow/dags/project_spark_hdfs_pipeline.py
[2026-04-06T23:52:35.805+0000] {processor.py:830} INFO - Processing file /opt/airflow/dags/project_spark_hdfs_pipeline.py for tasks to queue
[2026-04-06T23:52:35.806+0000] {logging_mixin.py:188} INFO - [2026-04-06T23:52:35.805+0000] {dagbag.py:545} INFO - Filling up the DagBag from /opt/airflow/dags/project_spark_hdfs_pipeline.py
[2026-04-06T23:52:35.814+0000] {processor.py:840} INFO - DAG(s) 'project_spark_hdfs_pipeline' retrieved from /opt/airflow/dags/project_spark_hdfs_pipeline.py
[2026-04-06T23:52:35.832+0000] {logging_mixin.py:188} INFO - [2026-04-06T23:52:35.832+0000] {dag.py:3096} INFO - Sync 1 DAGs
[2026-04-06T23:52:35.849+0000] {logging_mixin.py:188} INFO - [2026-04-06T23:52:35.848+0000] {dag.py:3954} INFO - Setting next_dagrun for project_spark_hdfs_pipeline to 2026-04-06 01:00:00+00:00, run_after=2026-04-07 01:00:00+00:00
[2026-04-06T23:52:35.875+0000] {processor.py:183} INFO - Processing /opt/airflow/dags/project_spark_hdfs_pipeline.py took 0.075 seconds
[2026-04-06T23:53:06.012+0000] {processor.py:161} INFO - Started process (PID=666) to work on /opt/airflow/dags/project_spark_hdfs_pipeline.py
[2026-04-06T23:53:06.012+0000] {processor.py:830} INFO - Processing file /opt/airflow/dags/project_spark_hdfs_pipeline.py for tasks to queue
[2026-04-06T23:53:06.025+0000] {logging_mixin.py:188} INFO - [2026-04-06T23:53:06.014+0000] {dagbag.py:545} INFO - Filling up the DagBag from /opt/airflow/dags/project_spark_hdfs_pipeline.py
[2026-04-06T23:53:06.052+0000] {processor.py:840} INFO - DAG(s) 'project_spark_hdfs_pipeline' retrieved from /opt/airflow/dags/project_spark_hdfs_pipeline.py
[2026-04-06T23:53:06.082+0000] {logging_mixin.py:188} INFO - [2026-04-06T23:53:06.082+0000] {dag.py:3096} INFO - Sync 1 DAGs
[2026-04-06T23:53:06.102+0000] {logging_mixin.py:188} INFO - [2026-04-06T23:53:06.101+0000] {dag.py:3954} INFO - Setting next_dagrun for project_spark_hdfs_pipeline to 2026-04-06 01:00:00+00:00, run_after=2026-04-07 01:00:00+00:00
[2026-04-06T23:53:06.146+0000] {processor.py:183} INFO - Processing /opt/airflow/dags/project_spark_hdfs_pipeline.py took 0.174 seconds
[2026-04-06T23:53:50.995+0000] {processor.py:161} INFO - Started process (PID=73) to work on /opt/airflow/dags/project_spark_hdfs_pipeline.py
[2026-04-06T23:53:50.996+0000] {processor.py:830} INFO - Processing file /opt/airflow/dags/project_spark_hdfs_pipeline.py for tasks to queue
[2026-04-06T23:53:50.997+0000] {logging_mixin.py:188} INFO - [2026-04-06T23:53:50.996+0000] {dagbag.py:545} INFO - Filling up the DagBag from /opt/airflow/dags/project_spark_hdfs_pipeline.py
[2026-04-06T23:53:51.005+0000] {processor.py:840} INFO - DAG(s) 'project_spark_hdfs_pipeline' retrieved from /opt/airflow/dags/project_spark_hdfs_pipeline.py
[2026-04-06T23:53:51.147+0000] {logging_mixin.py:188} INFO - [2026-04-06T23:53:51.146+0000] {override.py:1829} INFO - Created Permission View: can read on DAG:project_spark_hdfs_pipeline
[2026-04-06T23:53:51.168+0000] {logging_mixin.py:188} INFO - [2026-04-06T23:53:51.168+0000] {override.py:1829} INFO - Created Permission View: can edit on DAG:project_spark_hdfs_pipeline
[2026-04-06T23:53:51.181+0000] {logging_mixin.py:188} INFO - [2026-04-06T23:53:51.181+0000] {override.py:1829} INFO - Created Permission View: can delete on DAG:project_spark_hdfs_pipeline
[2026-04-06T23:53:51.182+0000] {logging_mixin.py:188} INFO - [2026-04-06T23:53:51.181+0000] {dag.py:3096} INFO - Sync 1 DAGs
[2026-04-06T23:53:51.190+0000] {logging_mixin.py:188} INFO - [2026-04-06T23:53:51.190+0000] {dag.py:3118} INFO - Creating ORM DAG for project_spark_hdfs_pipeline
[2026-04-06T23:53:51.198+0000] {logging_mixin.py:188} INFO - [2026-04-06T23:53:51.197+0000] {dag.py:3954} INFO - Setting next_dagrun for project_spark_hdfs_pipeline to 2026-04-05 01:00:00+00:00, run_after=2026-04-06 01:00:00+00:00
[2026-04-06T23:53:51.230+0000] {processor.py:183} INFO - Processing /opt/airflow/dags/project_spark_hdfs_pipeline.py took 0.239 seconds
[2026-04-06T23:56:41.501+0000] {processor.py:161} INFO - Started process (PID=1024) to work on /opt/airflow/dags/project_spark_hdfs_pipeline.py
[2026-04-06T23:56:41.504+0000] {processor.py:830} INFO - Processing file /opt/airflow/dags/project_spark_hdfs_pipeline.py for tasks to queue
[2026-04-06T23:56:41.506+0000] {logging_mixin.py:188} INFO - [2026-04-06T23:56:41.504+0000] {dagbag.py:545} INFO - Filling up the DagBag from /opt/airflow/dags/project_spark_hdfs_pipeline.py
[2026-04-06T23:56:41.579+0000] {processor.py:840} INFO - DAG(s) 'project_spark_hdfs_pipeline' retrieved from /opt/airflow/dags/project_spark_hdfs_pipeline.py
[2026-04-06T23:56:41.680+0000] {logging_mixin.py:188} INFO - [2026-04-06T23:56:41.680+0000] {dag.py:3096} INFO - Sync 1 DAGs
[2026-04-06T23:56:41.720+0000] {logging_mixin.py:188} INFO - [2026-04-06T23:56:41.720+0000] {dag.py:3954} INFO - Setting next_dagrun for project_spark_hdfs_pipeline to 2026-04-06 01:00:00+00:00, run_after=2026-04-07 01:00:00+00:00
[2026-04-06T23:56:41.773+0000] {processor.py:183} INFO - Processing /opt/airflow/dags/project_spark_hdfs_pipeline.py took 0.277 seconds
[2026-04-06T23:57:36.851+0000] {processor.py:161} INFO - Started process (PID=71) to work on /opt/airflow/dags/project_spark_hdfs_pipeline.py
[2026-04-06T23:57:36.852+0000] {processor.py:830} INFO - Processing file /opt/airflow/dags/project_spark_hdfs_pipeline.py for tasks to queue
[2026-04-06T23:57:36.853+0000] {logging_mixin.py:188} INFO - [2026-04-06T23:57:36.853+0000] {dagbag.py:545} INFO - Filling up the DagBag from /opt/airflow/dags/project_spark_hdfs_pipeline.py
[2026-04-06T23:57:36.864+0000] {processor.py:840} INFO - DAG(s) 'project_spark_hdfs_pipeline' retrieved from /opt/airflow/dags/project_spark_hdfs_pipeline.py
[2026-04-06T23:57:36.993+0000] {logging_mixin.py:188} INFO - [2026-04-06T23:57:36.992+0000] {override.py:1829} INFO - Created Permission View: can delete on DAG:project_spark_hdfs_pipeline
[2026-04-06T23:57:37.007+0000] {logging_mixin.py:188} INFO - [2026-04-06T23:57:37.007+0000] {override.py:1829} INFO - Created Permission View: can read on DAG:project_spark_hdfs_pipeline
[2026-04-06T23:57:37.019+0000] {logging_mixin.py:188} INFO - [2026-04-06T23:57:37.019+0000] {override.py:1829} INFO - Created Permission View: can edit on DAG:project_spark_hdfs_pipeline
[2026-04-06T23:57:37.020+0000] {logging_mixin.py:188} INFO - [2026-04-06T23:57:37.020+0000] {dag.py:3096} INFO - Sync 1 DAGs
[2026-04-06T23:57:37.028+0000] {logging_mixin.py:188} INFO - [2026-04-06T23:57:37.028+0000] {dag.py:3118} INFO - Creating ORM DAG for project_spark_hdfs_pipeline
[2026-04-06T23:57:37.037+0000] {logging_mixin.py:188} INFO - [2026-04-06T23:57:37.037+0000] {dag.py:3954} INFO - Setting next_dagrun for project_spark_hdfs_pipeline to 2026-04-05 01:00:00+00:00, run_after=2026-04-06 01:00:00+00:00
[2026-04-06T23:57:37.059+0000] {processor.py:183} INFO - Processing /opt/airflow/dags/project_spark_hdfs_pipeline.py took 0.212 seconds
[2026-04-06T23:59:25.982+0000] {processor.py:161} INFO - Started process (PID=1018) to work on /opt/airflow/dags/project_spark_hdfs_pipeline.py
[2026-04-06T23:59:25.983+0000] {processor.py:830} INFO - Processing file /opt/airflow/dags/project_spark_hdfs_pipeline.py for tasks to queue
[2026-04-06T23:59:25.985+0000] {logging_mixin.py:188} INFO - [2026-04-06T23:59:25.984+0000] {dagbag.py:545} INFO - Filling up the DagBag from /opt/airflow/dags/project_spark_hdfs_pipeline.py
[2026-04-06T23:59:25.995+0000] {processor.py:840} INFO - DAG(s) 'project_spark_hdfs_pipeline' retrieved from /opt/airflow/dags/project_spark_hdfs_pipeline.py
[2026-04-06T23:59:26.022+0000] {logging_mixin.py:188} INFO - [2026-04-06T23:59:26.021+0000] {dag.py:3096} INFO - Sync 1 DAGs
[2026-04-06T23:59:26.034+0000] {logging_mixin.py:188} INFO - [2026-04-06T23:59:26.034+0000] {dag.py:3954} INFO - Setting next_dagrun for project_spark_hdfs_pipeline to 2026-04-06 01:00:00+00:00, run_after=2026-04-07 01:00:00+00:00
[2026-04-06T23:59:26.055+0000] {processor.py:183} INFO - Processing /opt/airflow/dags/project_spark_hdfs_pipeline.py took 0.077 seconds
[2026-04-06T23:59:56.198+0000] {processor.py:161} INFO - Started process (PID=1296) to work on /opt/airflow/dags/project_spark_hdfs_pipeline.py
[2026-04-06T23:59:56.199+0000] {processor.py:830} INFO - Processing file /opt/airflow/dags/project_spark_hdfs_pipeline.py for tasks to queue
[2026-04-06T23:59:56.199+0000] {logging_mixin.py:188} INFO - [2026-04-06T23:59:56.199+0000] {dagbag.py:545} INFO - Filling up the DagBag from /opt/airflow/dags/project_spark_hdfs_pipeline.py
[2026-04-06T23:59:56.204+0000] {processor.py:840} INFO - DAG(s) 'project_spark_hdfs_pipeline' retrieved from /opt/airflow/dags/project_spark_hdfs_pipeline.py
[2026-04-06T23:59:56.226+0000] {logging_mixin.py:188} INFO - [2026-04-06T23:59:56.226+0000] {dag.py:3096} INFO - Sync 1 DAGs
[2026-04-06T23:59:56.241+0000] {logging_mixin.py:188} INFO - [2026-04-06T23:59:56.241+0000] {dag.py:3954} INFO - Setting next_dagrun for project_spark_hdfs_pipeline to 2026-04-06 01:00:00+00:00, run_after=2026-04-07 01:00:00+00:00
[2026-04-06T23:59:56.266+0000] {processor.py:183} INFO - Processing /opt/airflow/dags/project_spark_hdfs_pipeline.py took 0.073 seconds
