[2026-04-07T00:11:12.606+0000] {local_task_job_runner.py:120} INFO - ::group::Pre task execution logs
[2026-04-07T00:11:12.624+0000] {taskinstance.py:2076} INFO - Dependencies all met for dep_context=non-requeueable deps ti=<TaskInstance: project_spark_hdfs_pipeline.export_parquet_locally manual__2026-04-07T00:03:15+00:00 [queued]>
[2026-04-07T00:11:12.628+0000] {taskinstance.py:2076} INFO - Dependencies all met for dep_context=requeueable deps ti=<TaskInstance: project_spark_hdfs_pipeline.export_parquet_locally manual__2026-04-07T00:03:15+00:00 [queued]>
[2026-04-07T00:11:12.628+0000] {taskinstance.py:2306} INFO - Starting attempt 1 of 1
[2026-04-07T00:11:12.644+0000] {taskinstance.py:2330} INFO - Executing <Task(BashOperator): export_parquet_locally> on 2026-04-07 00:03:15+00:00
[2026-04-07T00:11:12.647+0000] {standard_task_runner.py:63} INFO - Started process 420 to run task
[2026-04-07T00:11:12.649+0000] {standard_task_runner.py:90} INFO - Running: ['airflow', 'tasks', 'run', 'project_spark_hdfs_pipeline', 'export_parquet_locally', 'manual__2026-04-07T00:03:15+00:00', '--job-id', '12', '--raw', '--subdir', 'DAGS_FOLDER/project_spark_hdfs_pipeline.py', '--cfg-path', '/tmp/tmpes1_4zqi']
[2026-04-07T00:11:12.650+0000] {standard_task_runner.py:91} INFO - Job 12: Subtask export_parquet_locally
[2026-04-07T00:11:12.677+0000] {task_command.py:426} INFO - Running <TaskInstance: project_spark_hdfs_pipeline.export_parquet_locally manual__2026-04-07T00:03:15+00:00 [running]> on host 5b034116cd08
[2026-04-07T00:11:12.732+0000] {taskinstance.py:2648} INFO - Exporting env vars: AIRFLOW_CTX_DAG_OWNER='airflow' AIRFLOW_CTX_DAG_ID='project_spark_hdfs_pipeline' AIRFLOW_CTX_TASK_ID='export_parquet_locally' AIRFLOW_CTX_EXECUTION_DATE='2026-04-07T00:03:15+00:00' AIRFLOW_CTX_TRY_NUMBER='1' AIRFLOW_CTX_DAG_RUN_ID='manual__2026-04-07T00:03:15+00:00'
[2026-04-07T00:11:12.732+0000] {taskinstance.py:430} INFO - ::endgroup::
[2026-04-07T00:11:12.743+0000] {subprocess.py:63} INFO - Tmp dir root location: /tmp
[2026-04-07T00:11:12.744+0000] {subprocess.py:75} INFO - Running command: ['/usr/bin/bash', '-c', "/bin/bash -lc '/opt/project/scripts/download-hdfs-parquet.sh'"]
[2026-04-07T00:11:12.751+0000] {subprocess.py:86} INFO - Output:
[2026-04-07T00:11:13.876+0000] {subprocess.py:93} INFO - 2026-04-07 00:11:13,875 INFO sasl.SaslDataTransferClient: SASL encryption trust check: localHostTrusted = false, remoteHostTrusted = false
[2026-04-07T00:11:14.686+0000] {subprocess.py:93} INFO - /opt/project/data/output/hdfs-parquet
[2026-04-07T00:11:14.687+0000] {subprocess.py:93} INFO - /opt/project/data/output/hdfs-parquet/forbes
[2026-04-07T00:11:14.687+0000] {subprocess.py:93} INFO - /opt/project/data/output/hdfs-parquet/forbes/cleaned_forbes
[2026-04-07T00:11:14.687+0000] {subprocess.py:93} INFO - /opt/project/data/output/hdfs-parquet/forbes/country_counts
[2026-04-07T00:11:14.687+0000] {subprocess.py:93} INFO - /opt/project/data/output/hdfs-parquet/forbes/top_10_self_made
[2026-04-07T00:11:14.687+0000] {subprocess.py:93} INFO - /opt/project/data/output/hdfs-parquet/forbes/under_fifty
[2026-04-07T00:11:14.687+0000] {subprocess.py:93} INFO - /opt/project/data/output/hdfs-parquet/transactions
[2026-04-07T00:11:14.687+0000] {subprocess.py:93} INFO - /opt/project/data/output/hdfs-parquet/transactions/china
[2026-04-07T00:11:14.687+0000] {subprocess.py:93} INFO - /opt/project/data/output/hdfs-parquet/transactions/cleaned_transactions
[2026-04-07T00:11:14.687+0000] {subprocess.py:93} INFO - /opt/project/data/output/hdfs-parquet/transactions/france
[2026-04-07T00:11:14.688+0000] {subprocess.py:93} INFO - /opt/project/data/output/hdfs-parquet/transactions/poland
[2026-04-07T00:11:14.688+0000] {subprocess.py:93} INFO - /opt/project/data/output/hdfs-parquet/transactions/top_10_countries
[2026-04-07T00:11:14.688+0000] {subprocess.py:93} INFO - /opt/project/data/output/hdfs-parquet/transactions/usa
[2026-04-07T00:11:14.688+0000] {subprocess.py:93} INFO - /opt/project/data/output/hdfs-parquet/tweets
[2026-04-07T00:11:14.688+0000] {subprocess.py:93} INFO - /opt/project/data/output/hdfs-parquet/tweets-user
[2026-04-07T00:11:14.688+0000] {subprocess.py:93} INFO - /opt/project/data/output/hdfs-parquet/tweets-user/cleaned_tweets_user
[2026-04-07T00:11:14.688+0000] {subprocess.py:93} INFO - /opt/project/data/output/hdfs-parquet/tweets-user/top_10_liked_posts
[2026-04-07T00:11:14.688+0000] {subprocess.py:93} INFO - /opt/project/data/output/hdfs-parquet/tweets-user/top_10_retweeted_posts
[2026-04-07T00:11:14.688+0000] {subprocess.py:93} INFO - /opt/project/data/output/hdfs-parquet/tweets-user/user_post_count
[2026-04-07T00:11:14.689+0000] {subprocess.py:93} INFO - /opt/project/data/output/hdfs-parquet/tweets-user/word_count
[2026-04-07T00:11:14.689+0000] {subprocess.py:93} INFO - /opt/project/data/output/hdfs-parquet/tweets/cleaned_tweets
[2026-04-07T00:11:14.689+0000] {subprocess.py:93} INFO - /opt/project/data/output/hdfs-parquet/tweets/hashtag_count
[2026-04-07T00:11:14.689+0000] {subprocess.py:93} INFO - /opt/project/data/output/hdfs-parquet/tweets/source_count
[2026-04-07T00:11:14.689+0000] {subprocess.py:93} INFO - /opt/project/data/output/hdfs-parquet/tweets/trump_tweets_us
[2026-04-07T00:11:14.689+0000] {subprocess.py:97} INFO - Command exited with return code 0
[2026-04-07T00:11:14.689+0000] {taskinstance.py:441} INFO - ::group::Post task execution logs
[2026-04-07T00:11:14.709+0000] {taskinstance.py:1206} INFO - Marking task as SUCCESS. dag_id=project_spark_hdfs_pipeline, task_id=export_parquet_locally, run_id=manual__2026-04-07T00:03:15+00:00, execution_date=20260407T000315, start_date=20260407T001112, end_date=20260407T001114
[2026-04-07T00:11:14.746+0000] {local_task_job_runner.py:240} INFO - Task exited with return code 0
[2026-04-07T00:11:14.754+0000] {taskinstance.py:3498} INFO - 0 downstream tasks scheduled from follow-on schedule check
[2026-04-07T00:11:14.755+0000] {local_task_job_runner.py:222} INFO - ::endgroup::
