[2026-04-07T00:03:38.171+0000] {local_task_job_runner.py:120} INFO - ::group::Pre task execution logs
[2026-04-07T00:03:38.198+0000] {taskinstance.py:2076} INFO - Dependencies all met for dep_context=non-requeueable deps ti=<TaskInstance: project_spark_hdfs_pipeline.run_spark_transform manual__2026-04-07T00:03:15+00:00 [queued]>
[2026-04-07T00:03:38.205+0000] {taskinstance.py:2076} INFO - Dependencies all met for dep_context=requeueable deps ti=<TaskInstance: project_spark_hdfs_pipeline.run_spark_transform manual__2026-04-07T00:03:15+00:00 [queued]>
[2026-04-07T00:03:38.206+0000] {taskinstance.py:2306} INFO - Starting attempt 1 of 1
[2026-04-07T00:03:38.224+0000] {taskinstance.py:2330} INFO - Executing <Task(BashOperator): run_spark_transform> on 2026-04-07 00:03:15+00:00
[2026-04-07T00:03:38.228+0000] {standard_task_runner.py:63} INFO - Started process 935 to run task
[2026-04-07T00:03:38.231+0000] {standard_task_runner.py:90} INFO - Running: ['airflow', 'tasks', 'run', 'project_spark_hdfs_pipeline', 'run_spark_transform', 'manual__2026-04-07T00:03:15+00:00', '--job-id', '7', '--raw', '--subdir', 'DAGS_FOLDER/project_spark_hdfs_pipeline.py', '--cfg-path', '/tmp/tmpq0l39ipk']
[2026-04-07T00:03:38.232+0000] {standard_task_runner.py:91} INFO - Job 7: Subtask run_spark_transform
[2026-04-07T00:03:38.268+0000] {task_command.py:426} INFO - Running <TaskInstance: project_spark_hdfs_pipeline.run_spark_transform manual__2026-04-07T00:03:15+00:00 [running]> on host 5b034116cd08
[2026-04-07T00:03:38.334+0000] {taskinstance.py:2648} INFO - Exporting env vars: AIRFLOW_CTX_DAG_OWNER='airflow' AIRFLOW_CTX_DAG_ID='project_spark_hdfs_pipeline' AIRFLOW_CTX_TASK_ID='run_spark_transform' AIRFLOW_CTX_EXECUTION_DATE='2026-04-07T00:03:15+00:00' AIRFLOW_CTX_TRY_NUMBER='1' AIRFLOW_CTX_DAG_RUN_ID='manual__2026-04-07T00:03:15+00:00'
[2026-04-07T00:03:38.335+0000] {taskinstance.py:430} INFO - ::endgroup::
[2026-04-07T00:03:38.351+0000] {subprocess.py:63} INFO - Tmp dir root location: /tmp
[2026-04-07T00:03:38.351+0000] {subprocess.py:75} INFO - Running command: ['/usr/bin/bash', '-c', "/bin/bash -lc '/opt/project/scripts/run-hdfs-etl.sh all'"]
[2026-04-07T00:03:38.360+0000] {subprocess.py:86} INFO - Output:
[2026-04-07T00:03:38.398+0000] {subprocess.py:93} INFO - Downloading sbt launcher for 1.9.8:
[2026-04-07T00:03:38.398+0000] {subprocess.py:93} INFO -   From  https://repo1.maven.org/maven2/org/scala-sbt/sbt-launch/1.9.8/sbt-launch-1.9.8.jar
[2026-04-07T00:03:38.398+0000] {subprocess.py:93} INFO -     To  /home/airflow/.sbt/launchers/1.9.8/sbt-launch.jar
[2026-04-07T00:03:39.329+0000] {subprocess.py:93} INFO - Downloading sbt launcher 1.9.8 md5 hash:
[2026-04-07T00:03:39.329+0000] {subprocess.py:93} INFO -   From  https://repo1.maven.org/maven2/org/scala-sbt/sbt-launch/1.9.8/sbt-launch-1.9.8.jar.md5
[2026-04-07T00:03:39.329+0000] {subprocess.py:93} INFO -     To  /home/airflow/.sbt/launchers/1.9.8/sbt-launch.jar.md5
[2026-04-07T00:03:39.503+0000] {subprocess.py:93} INFO - /home/airflow/.sbt/launchers/1.9.8/sbt-launch.jar: OK
[2026-04-07T00:03:39.797+0000] {subprocess.py:93} INFO - [info] [launcher] getting org.scala-sbt sbt 1.9.8  (this may take some time)...
[2026-04-07T00:03:46.199+0000] {subprocess.py:93} INFO - [info] [launcher] getting Scala 2.12.18 (for sbt)...
[2026-04-07T00:03:47.493+0000] {subprocess.py:93} INFO - [info] welcome to sbt 1.9.8 (Debian Java 17.0.18)
[2026-04-07T00:03:51.753+0000] {subprocess.py:93} INFO - [info] loading settings for project project-build from plugins.sbt ...
[2026-04-07T00:03:53.245+0000] {subprocess.py:93} INFO - [info] loading project definition from /opt/project/project
[2026-04-07T00:03:53.751+0000] {subprocess.py:93} INFO - [warn] sbt-assembly_2.12_1.0-2.3.1.jar no longer exists at /home/airflow/.cache/coursier/v1/https/repo1.maven.org/maven2/com/eed3si9n/sbt-assembly_2.12_1.0/2.3.1/sbt-assembly_2.12_1.0-2.3.1.jar
[2026-04-07T00:04:00.961+0000] {subprocess.py:93} INFO - [info] loading settings for project root from build.sbt ...
[2026-04-07T00:04:01.176+0000] {subprocess.py:93} INFO - [info] set current project to project-spark-scala-etl (in build file:/opt/project/)
[2026-04-07T00:04:01.898+0000] {subprocess.py:93} INFO - [warn] scala-library-2.12.19.jar no longer exists at /home/airflow/.cache/coursier/v1/https/repo1.maven.org/maven2/org/scala-lang/scala-library/2.12.19/scala-library-2.12.19.jar
[2026-04-07T00:04:44.242+0000] {subprocess.py:93} INFO - [info] Assembly jar up to date: /opt/project/target/scala-2.12/project-spark-scala-etl-assembly-0.1.0-SNAPSHOT.jar
[2026-04-07T00:04:44.407+0000] {subprocess.py:93} INFO - [success] Total time: 43 s, completed Apr 7, 2026, 12:04:44 AM
[2026-04-07T00:04:46.100+0000] {subprocess.py:93} INFO -  Container project-spark-namenode Running
[2026-04-07T00:04:46.102+0000] {subprocess.py:93} INFO -  Container project-spark-datanode Running
[2026-04-07T00:04:46.102+0000] {subprocess.py:93} INFO -  Container project-spark-postgres Running
[2026-04-07T00:04:46.103+0000] {subprocess.py:93} INFO -  Container project-spark-namenode Waiting
[2026-04-07T00:04:46.606+0000] {subprocess.py:93} INFO -  Container project-spark-namenode Healthy
[2026-04-07T00:04:46.613+0000] {subprocess.py:93} INFO -  Container project-spark-postgres Waiting
[2026-04-07T00:04:46.613+0000] {subprocess.py:93} INFO -  Container project-spark-namenode Waiting
[2026-04-07T00:04:47.115+0000] {subprocess.py:93} INFO -  Container project-spark-namenode Healthy
[2026-04-07T00:04:47.116+0000] {subprocess.py:93} INFO -  Container project-spark-postgres Healthy
[2026-04-07T00:04:47.116+0000] {subprocess.py:93} INFO -  Container project-spark-scala-etl-master-spark-submit-run-eec910871d52 Creating
[2026-04-07T00:04:47.683+0000] {subprocess.py:93} INFO -  Container project-spark-scala-etl-master-spark-submit-run-eec910871d52 Created
[2026-04-07T00:04:51.382+0000] {subprocess.py:93} INFO - 26/04/07 00:04:51 INFO SparkContext: Running Spark version 3.5.1
[2026-04-07T00:04:51.389+0000] {subprocess.py:93} INFO - 26/04/07 00:04:51 INFO SparkContext: OS info Linux, 6.17.0-20-generic, amd64
[2026-04-07T00:04:51.393+0000] {subprocess.py:93} INFO - 26/04/07 00:04:51 INFO SparkContext: Java version 17.0.12
[2026-04-07T00:04:51.578+0000] {subprocess.py:93} INFO - 26/04/07 00:04:51 WARN NativeCodeLoader: Unable to load native-hadoop library for your platform... using builtin-java classes where applicable
[2026-04-07T00:04:51.715+0000] {subprocess.py:93} INFO - 26/04/07 00:04:51 INFO ResourceUtils: ==============================================================
[2026-04-07T00:04:51.715+0000] {subprocess.py:93} INFO - 26/04/07 00:04:51 INFO ResourceUtils: No custom resources configured for spark.driver.
[2026-04-07T00:04:51.716+0000] {subprocess.py:93} INFO - 26/04/07 00:04:51 INFO ResourceUtils: ==============================================================
[2026-04-07T00:04:51.716+0000] {subprocess.py:93} INFO - 26/04/07 00:04:51 INFO SparkContext: Submitted application: project-spark-scala-etl
[2026-04-07T00:04:51.781+0000] {subprocess.py:93} INFO - 26/04/07 00:04:51 INFO ResourceProfile: Default ResourceProfile created, executor resources: Map(cores -> name: cores, amount: 1, script: , vendor: , memory -> name: memory, amount: 1024, script: , vendor: , offHeap -> name: offHeap, amount: 0, script: , vendor: ), task resources: Map(cpus -> name: cpus, amount: 1.0)
[2026-04-07T00:04:51.791+0000] {subprocess.py:93} INFO - 26/04/07 00:04:51 INFO ResourceProfile: Limiting resource is cpu
[2026-04-07T00:04:51.792+0000] {subprocess.py:93} INFO - 26/04/07 00:04:51 INFO ResourceProfileManager: Added ResourceProfile id: 0
[2026-04-07T00:04:51.909+0000] {subprocess.py:93} INFO - 26/04/07 00:04:51 INFO SecurityManager: Changing view acls to: spark
[2026-04-07T00:04:51.910+0000] {subprocess.py:93} INFO - 26/04/07 00:04:51 INFO SecurityManager: Changing modify acls to: spark
[2026-04-07T00:04:51.910+0000] {subprocess.py:93} INFO - 26/04/07 00:04:51 INFO SecurityManager: Changing view acls groups to:
[2026-04-07T00:04:51.910+0000] {subprocess.py:93} INFO - 26/04/07 00:04:51 INFO SecurityManager: Changing modify acls groups to:
[2026-04-07T00:04:51.911+0000] {subprocess.py:93} INFO - 26/04/07 00:04:51 INFO SecurityManager: SecurityManager: authentication disabled; ui acls disabled; users with view permissions: spark; groups with view permissions: EMPTY; users with modify permissions: spark; groups with modify permissions: EMPTY
[2026-04-07T00:04:52.356+0000] {subprocess.py:93} INFO - 26/04/07 00:04:52 INFO Utils: Successfully started service 'sparkDriver' on port 37239.
[2026-04-07T00:04:52.434+0000] {subprocess.py:93} INFO - 26/04/07 00:04:52 INFO SparkEnv: Registering MapOutputTracker
[2026-04-07T00:04:52.518+0000] {subprocess.py:93} INFO - 26/04/07 00:04:52 INFO SparkEnv: Registering BlockManagerMaster
[2026-04-07T00:04:52.556+0000] {subprocess.py:93} INFO - 26/04/07 00:04:52 INFO BlockManagerMasterEndpoint: Using org.apache.spark.storage.DefaultTopologyMapper for getting topology information
[2026-04-07T00:04:52.557+0000] {subprocess.py:93} INFO - 26/04/07 00:04:52 INFO BlockManagerMasterEndpoint: BlockManagerMasterEndpoint up
[2026-04-07T00:04:52.563+0000] {subprocess.py:93} INFO - 26/04/07 00:04:52 INFO SparkEnv: Registering BlockManagerMasterHeartbeat
[2026-04-07T00:04:52.600+0000] {subprocess.py:93} INFO - 26/04/07 00:04:52 INFO DiskBlockManager: Created local directory at /tmp/blockmgr-37da0028-6064-4ff9-b73d-01343dafd537
[2026-04-07T00:04:52.638+0000] {subprocess.py:93} INFO - 26/04/07 00:04:52 INFO MemoryStore: MemoryStore started with capacity 434.4 MiB
[2026-04-07T00:04:52.657+0000] {subprocess.py:93} INFO - 26/04/07 00:04:52 INFO SparkEnv: Registering OutputCommitCoordinator
[2026-04-07T00:04:52.976+0000] {subprocess.py:93} INFO - 26/04/07 00:04:52 INFO JettyUtils: Start Jetty 0.0.0.0:4040 for SparkUI
[2026-04-07T00:04:53.185+0000] {subprocess.py:93} INFO - 26/04/07 00:04:53 INFO Utils: Successfully started service 'SparkUI' on port 4040.
[2026-04-07T00:04:53.256+0000] {subprocess.py:93} INFO - 26/04/07 00:04:53 INFO SparkContext: Added JAR file:/opt/project/target/scala-2.12/project-spark-scala-etl-assembly-0.1.0-SNAPSHOT.jar at spark://6dd2a9b421a9:37239/jars/project-spark-scala-etl-assembly-0.1.0-SNAPSHOT.jar with timestamp 1775520291347
[2026-04-07T00:04:53.409+0000] {subprocess.py:93} INFO - 26/04/07 00:04:53 INFO Executor: Starting executor ID driver on host 6dd2a9b421a9
[2026-04-07T00:04:53.409+0000] {subprocess.py:93} INFO - 26/04/07 00:04:53 INFO Executor: OS info Linux, 6.17.0-20-generic, amd64
[2026-04-07T00:04:53.410+0000] {subprocess.py:93} INFO - 26/04/07 00:04:53 INFO Executor: Java version 17.0.12
[2026-04-07T00:04:53.418+0000] {subprocess.py:93} INFO - 26/04/07 00:04:53 INFO Executor: Starting executor with user classpath (userClassPathFirst = false): ''
[2026-04-07T00:04:53.419+0000] {subprocess.py:93} INFO - 26/04/07 00:04:53 INFO Executor: Created or updated repl class loader org.apache.spark.util.MutableURLClassLoader@6e4599c0 for default.
[2026-04-07T00:04:53.435+0000] {subprocess.py:93} INFO - 26/04/07 00:04:53 INFO Executor: Fetching spark://6dd2a9b421a9:37239/jars/project-spark-scala-etl-assembly-0.1.0-SNAPSHOT.jar with timestamp 1775520291347
[2026-04-07T00:04:53.561+0000] {subprocess.py:93} INFO - 26/04/07 00:04:53 INFO TransportClientFactory: Successfully created connection to 6dd2a9b421a9/172.21.0.6:37239 after 84 ms (0 ms spent in bootstraps)
[2026-04-07T00:04:53.577+0000] {subprocess.py:93} INFO - 26/04/07 00:04:53 INFO Utils: Fetching spark://6dd2a9b421a9:37239/jars/project-spark-scala-etl-assembly-0.1.0-SNAPSHOT.jar to /tmp/spark-243219ef-9a73-4cd1-a38a-bcf95aea9f08/userFiles-2007ac62-e5a4-433c-b159-5f7a79ab05d4/fetchFileTemp4118846436619551927.tmp
[2026-04-07T00:04:57.503+0000] {subprocess.py:93} INFO - 26/04/07 00:04:57 INFO Executor: Adding file:/tmp/spark-243219ef-9a73-4cd1-a38a-bcf95aea9f08/userFiles-2007ac62-e5a4-433c-b159-5f7a79ab05d4/project-spark-scala-etl-assembly-0.1.0-SNAPSHOT.jar to class loader default
[2026-04-07T00:04:57.536+0000] {subprocess.py:93} INFO - 26/04/07 00:04:57 INFO Utils: Successfully started service 'org.apache.spark.network.netty.NettyBlockTransferService' on port 43981.
[2026-04-07T00:04:57.537+0000] {subprocess.py:93} INFO - 26/04/07 00:04:57 INFO NettyBlockTransferService: Server created on 6dd2a9b421a9:43981
[2026-04-07T00:04:57.540+0000] {subprocess.py:93} INFO - 26/04/07 00:04:57 INFO BlockManager: Using org.apache.spark.storage.RandomBlockReplicationPolicy for block replication policy
[2026-04-07T00:04:57.576+0000] {subprocess.py:93} INFO - 26/04/07 00:04:57 INFO BlockManagerMaster: Registering BlockManager BlockManagerId(driver, 6dd2a9b421a9, 43981, None)
[2026-04-07T00:04:57.586+0000] {subprocess.py:93} INFO - 26/04/07 00:04:57 INFO BlockManagerMasterEndpoint: Registering block manager 6dd2a9b421a9:43981 with 434.4 MiB RAM, BlockManagerId(driver, 6dd2a9b421a9, 43981, None)
[2026-04-07T00:04:57.595+0000] {subprocess.py:93} INFO - 26/04/07 00:04:57 INFO BlockManagerMaster: Registered BlockManager BlockManagerId(driver, 6dd2a9b421a9, 43981, None)
[2026-04-07T00:04:57.596+0000] {subprocess.py:93} INFO - 26/04/07 00:04:57 INFO BlockManager: Initialized BlockManager: BlockManagerId(driver, 6dd2a9b421a9, 43981, None)
[2026-04-07T00:04:58.118+0000] {subprocess.py:93} INFO - Running pipelines: forbes, transactions, tweets, tweets-user
[2026-04-07T00:04:58.119+0000] {subprocess.py:93} INFO - Input directory: /opt/project/data/input
[2026-04-07T00:04:58.119+0000] {subprocess.py:93} INFO - Output directory: /opt/project/data/output
[2026-04-07T00:05:07.416+0000] {subprocess.py:93} INFO - [Stage 0:>                                                          (0 + 1) / 1][Stage 2:>                                                          (0 + 1) / 1]                                                                                26/04/07 00:05:07 WARN SparkStringUtils: Truncated the string representation of a plan since it was too large. This behavior can be adjusted by setting 'spark.sql.debug.maxToStringFields'.
[2026-04-07T00:05:09.348+0000] {subprocess.py:93} INFO - [Stage 10:>                                                         (0 + 1) / 1]                                                                                Transactions pipeline completed.
