[2026-04-06T23:46:54.882+0000] {local_task_job_runner.py:120} INFO - ::group::Pre task execution logs
[2026-04-06T23:46:54.925+0000] {taskinstance.py:2076} INFO - Dependencies all met for dep_context=non-requeueable deps ti=<TaskInstance: project_spark_hdfs_pipeline.clean_workspace scheduled__2026-04-05T01:00:00+00:00 [queued]>
[2026-04-06T23:46:54.953+0000] {taskinstance.py:2076} INFO - Dependencies all met for dep_context=requeueable deps ti=<TaskInstance: project_spark_hdfs_pipeline.clean_workspace scheduled__2026-04-05T01:00:00+00:00 [queued]>
[2026-04-06T23:46:54.953+0000] {taskinstance.py:2306} INFO - Starting attempt 1 of 1
[2026-04-06T23:46:54.973+0000] {taskinstance.py:2330} INFO - Executing <Task(BashOperator): clean_workspace> on 2026-04-05 01:00:00+00:00
[2026-04-06T23:46:54.978+0000] {standard_task_runner.py:63} INFO - Started process 90 to run task
[2026-04-06T23:46:54.980+0000] {standard_task_runner.py:90} INFO - Running: ['airflow', 'tasks', 'run', 'project_spark_hdfs_pipeline', 'clean_workspace', 'scheduled__2026-04-05T01:00:00+00:00', '--job-id', '3', '--raw', '--subdir', 'DAGS_FOLDER/project_spark_hdfs_pipeline.py', '--cfg-path', '/tmp/tmph_9h3xna']
[2026-04-06T23:46:54.982+0000] {standard_task_runner.py:91} INFO - Job 3: Subtask clean_workspace
[2026-04-06T23:46:55.045+0000] {task_command.py:426} INFO - Running <TaskInstance: project_spark_hdfs_pipeline.clean_workspace scheduled__2026-04-05T01:00:00+00:00 [running]> on host fe70974b3708
[2026-04-06T23:46:55.120+0000] {abstractoperator.py:725} ERROR - Exception rendering Jinja template for task 'clean_workspace', field 'bash_command'. Template: 'bash /opt/project/scripts/clean-hdfs-workspace.sh'
Traceback (most recent call last):
  File "/home/airflow/.local/lib/python3.12/site-packages/airflow/models/abstractoperator.py", line 717, in _do_render_template_fields
    rendered_content = self.render_template(
                       ^^^^^^^^^^^^^^^^^^^^^
  File "/home/airflow/.local/lib/python3.12/site-packages/airflow/template/templater.py", line 166, in render_template
    template = jinja_env.get_template(value)
               ^^^^^^^^^^^^^^^^^^^^^^^^^^^^^
  File "/home/airflow/.local/lib/python3.12/site-packages/jinja2/environment.py", line 1010, in get_template
    return self._load_template(name, globals)
           ^^^^^^^^^^^^^^^^^^^^^^^^^^^^^^^^^^
  File "/home/airflow/.local/lib/python3.12/site-packages/jinja2/environment.py", line 969, in _load_template
    template = self.loader.load(self, name, self.make_globals(globals))
               ^^^^^^^^^^^^^^^^^^^^^^^^^^^^^^^^^^^^^^^^^^^^^^^^^^^^^^^^
  File "/home/airflow/.local/lib/python3.12/site-packages/jinja2/loaders.py", line 125, in load
    source, filename, uptodate = self.get_source(environment, name)
                                 ^^^^^^^^^^^^^^^^^^^^^^^^^^^^^^^^^^
  File "/home/airflow/.local/lib/python3.12/site-packages/jinja2/loaders.py", line 204, in get_source
    raise TemplateNotFound(template)
jinja2.exceptions.TemplateNotFound: bash /opt/project/scripts/clean-hdfs-workspace.sh
[2026-04-06T23:46:55.124+0000] {taskinstance.py:2905} ERROR - Task failed with exception
Traceback (most recent call last):
  File "/home/airflow/.local/lib/python3.12/site-packages/airflow/models/taskinstance.py", line 2479, in _run_raw_task
    self._execute_task_with_callbacks(context, test_mode, session=session)
  File "/home/airflow/.local/lib/python3.12/site-packages/airflow/models/taskinstance.py", line 2633, in _execute_task_with_callbacks
    task_orig = self.render_templates(context=context, jinja_env=jinja_env)
                ^^^^^^^^^^^^^^^^^^^^^^^^^^^^^^^^^^^^^^^^^^^^^^^^^^^^^^^^^^^
  File "/home/airflow/.local/lib/python3.12/site-packages/airflow/models/taskinstance.py", line 3094, in render_templates
    original_task.render_template_fields(context, jinja_env)
  File "/home/airflow/.local/lib/python3.12/site-packages/airflow/models/baseoperator.py", line 1336, in render_template_fields
    self._do_render_template_fields(self, self.template_fields, context, jinja_env, set())
  File "/home/airflow/.local/lib/python3.12/site-packages/airflow/models/abstractoperator.py", line 717, in _do_render_template_fields
    rendered_content = self.render_template(
                       ^^^^^^^^^^^^^^^^^^^^^
  File "/home/airflow/.local/lib/python3.12/site-packages/airflow/template/templater.py", line 166, in render_template
    template = jinja_env.get_template(value)
               ^^^^^^^^^^^^^^^^^^^^^^^^^^^^^
  File "/home/airflow/.local/lib/python3.12/site-packages/jinja2/environment.py", line 1010, in get_template
    return self._load_template(name, globals)
           ^^^^^^^^^^^^^^^^^^^^^^^^^^^^^^^^^^
  File "/home/airflow/.local/lib/python3.12/site-packages/jinja2/environment.py", line 969, in _load_template
    template = self.loader.load(self, name, self.make_globals(globals))
               ^^^^^^^^^^^^^^^^^^^^^^^^^^^^^^^^^^^^^^^^^^^^^^^^^^^^^^^^
  File "/home/airflow/.local/lib/python3.12/site-packages/jinja2/loaders.py", line 125, in load
    source, filename, uptodate = self.get_source(environment, name)
                                 ^^^^^^^^^^^^^^^^^^^^^^^^^^^^^^^^^^
  File "/home/airflow/.local/lib/python3.12/site-packages/jinja2/loaders.py", line 204, in get_source
    raise TemplateNotFound(template)
jinja2.exceptions.TemplateNotFound: bash /opt/project/scripts/clean-hdfs-workspace.sh
[2026-04-06T23:46:55.140+0000] {taskinstance.py:1206} INFO - Marking task as FAILED. dag_id=project_spark_hdfs_pipeline, task_id=clean_workspace, run_id=scheduled__2026-04-05T01:00:00+00:00, execution_date=20260405T010000, start_date=20260406T234654, end_date=20260406T234655
[2026-04-06T23:46:55.197+0000] {standard_task_runner.py:110} ERROR - Failed to execute job 3 for task clean_workspace (bash /opt/project/scripts/clean-hdfs-workspace.sh; 90)
[2026-04-06T23:46:55.233+0000] {local_task_job_runner.py:240} INFO - Task exited with return code 1
[2026-04-06T23:46:55.268+0000] {taskinstance.py:3498} INFO - 0 downstream tasks scheduled from follow-on schedule check
[2026-04-06T23:46:55.281+0000] {local_task_job_runner.py:222} INFO - ::endgroup::
[2026-04-06T23:53:54.339+0000] {local_task_job_runner.py:120} INFO - ::group::Pre task execution logs
[2026-04-06T23:53:54.419+0000] {taskinstance.py:2076} INFO - Dependencies all met for dep_context=non-requeueable deps ti=<TaskInstance: project_spark_hdfs_pipeline.clean_workspace scheduled__2026-04-05T01:00:00+00:00 [queued]>
[2026-04-06T23:53:54.429+0000] {taskinstance.py:2076} INFO - Dependencies all met for dep_context=requeueable deps ti=<TaskInstance: project_spark_hdfs_pipeline.clean_workspace scheduled__2026-04-05T01:00:00+00:00 [queued]>
[2026-04-06T23:53:54.429+0000] {taskinstance.py:2306} INFO - Starting attempt 1 of 1
[2026-04-06T23:53:54.467+0000] {taskinstance.py:2330} INFO - Executing <Task(BashOperator): clean_workspace> on 2026-04-05 01:00:00+00:00
[2026-04-06T23:53:54.471+0000] {standard_task_runner.py:63} INFO - Started process 193 to run task
[2026-04-06T23:53:54.473+0000] {standard_task_runner.py:90} INFO - Running: ['airflow', 'tasks', 'run', 'project_spark_hdfs_pipeline', 'clean_workspace', 'scheduled__2026-04-05T01:00:00+00:00', '--job-id', '3', '--raw', '--subdir', 'DAGS_FOLDER/project_spark_hdfs_pipeline.py', '--cfg-path', '/tmp/tmp7qv7h1x4']
[2026-04-06T23:53:54.474+0000] {standard_task_runner.py:91} INFO - Job 3: Subtask clean_workspace
[2026-04-06T23:53:54.918+0000] {task_command.py:426} INFO - Running <TaskInstance: project_spark_hdfs_pipeline.clean_workspace scheduled__2026-04-05T01:00:00+00:00 [running]> on host 523c55d787ed
[2026-04-06T23:53:55.196+0000] {taskinstance.py:2648} INFO - Exporting env vars: AIRFLOW_CTX_DAG_OWNER='airflow' AIRFLOW_CTX_DAG_ID='project_spark_hdfs_pipeline' AIRFLOW_CTX_TASK_ID='clean_workspace' AIRFLOW_CTX_EXECUTION_DATE='2026-04-05T01:00:00+00:00' AIRFLOW_CTX_TRY_NUMBER='1' AIRFLOW_CTX_DAG_RUN_ID='scheduled__2026-04-05T01:00:00+00:00'
[2026-04-06T23:53:55.197+0000] {taskinstance.py:430} INFO - ::endgroup::
[2026-04-06T23:53:55.260+0000] {subprocess.py:63} INFO - Tmp dir root location: /tmp
[2026-04-06T23:53:55.261+0000] {subprocess.py:75} INFO - Running command: ['/usr/bin/bash', '-c', "/bin/bash -lc '/opt/project/scripts/clean-hdfs-workspace.sh'"]
[2026-04-06T23:53:55.273+0000] {subprocess.py:86} INFO - Output:
[2026-04-06T23:54:00.069+0000] {subprocess.py:97} INFO - Command exited with return code 0
[2026-04-06T23:54:00.070+0000] {taskinstance.py:441} INFO - ::group::Post task execution logs
[2026-04-06T23:54:00.096+0000] {taskinstance.py:1206} INFO - Marking task as SUCCESS. dag_id=project_spark_hdfs_pipeline, task_id=clean_workspace, run_id=scheduled__2026-04-05T01:00:00+00:00, execution_date=20260405T010000, start_date=20260406T235354, end_date=20260406T235400
[2026-04-06T23:54:00.142+0000] {local_task_job_runner.py:240} INFO - Task exited with return code 0
[2026-04-06T23:54:00.157+0000] {taskinstance.py:3498} INFO - 1 downstream tasks scheduled from follow-on schedule check
[2026-04-06T23:54:00.170+0000] {local_task_job_runner.py:222} INFO - ::endgroup::
[2026-04-06T23:57:40.155+0000] {local_task_job_runner.py:120} INFO - ::group::Pre task execution logs
[2026-04-06T23:57:40.190+0000] {taskinstance.py:2076} INFO - Dependencies all met for dep_context=non-requeueable deps ti=<TaskInstance: project_spark_hdfs_pipeline.clean_workspace scheduled__2026-04-05T01:00:00+00:00 [queued]>
[2026-04-06T23:57:40.196+0000] {taskinstance.py:2076} INFO - Dependencies all met for dep_context=requeueable deps ti=<TaskInstance: project_spark_hdfs_pipeline.clean_workspace scheduled__2026-04-05T01:00:00+00:00 [queued]>
[2026-04-06T23:57:40.196+0000] {taskinstance.py:2306} INFO - Starting attempt 1 of 1
[2026-04-06T23:57:40.216+0000] {taskinstance.py:2330} INFO - Executing <Task(BashOperator): clean_workspace> on 2026-04-05 01:00:00+00:00
[2026-04-06T23:57:40.221+0000] {standard_task_runner.py:63} INFO - Started process 90 to run task
[2026-04-06T23:57:40.223+0000] {standard_task_runner.py:90} INFO - Running: ['airflow', 'tasks', 'run', 'project_spark_hdfs_pipeline', 'clean_workspace', 'scheduled__2026-04-05T01:00:00+00:00', '--job-id', '3', '--raw', '--subdir', 'DAGS_FOLDER/project_spark_hdfs_pipeline.py', '--cfg-path', '/tmp/tmpww9c4ur3']
[2026-04-06T23:57:40.225+0000] {standard_task_runner.py:91} INFO - Job 3: Subtask clean_workspace
[2026-04-06T23:57:40.392+0000] {task_command.py:426} INFO - Running <TaskInstance: project_spark_hdfs_pipeline.clean_workspace scheduled__2026-04-05T01:00:00+00:00 [running]> on host 1d39bff5e3d1
[2026-04-06T23:57:40.706+0000] {taskinstance.py:2648} INFO - Exporting env vars: AIRFLOW_CTX_DAG_OWNER='airflow' AIRFLOW_CTX_DAG_ID='project_spark_hdfs_pipeline' AIRFLOW_CTX_TASK_ID='clean_workspace' AIRFLOW_CTX_EXECUTION_DATE='2026-04-05T01:00:00+00:00' AIRFLOW_CTX_TRY_NUMBER='1' AIRFLOW_CTX_DAG_RUN_ID='scheduled__2026-04-05T01:00:00+00:00'
[2026-04-06T23:57:40.707+0000] {taskinstance.py:430} INFO - ::endgroup::
[2026-04-06T23:57:40.752+0000] {subprocess.py:63} INFO - Tmp dir root location: /tmp
[2026-04-06T23:57:40.752+0000] {subprocess.py:75} INFO - Running command: ['/usr/bin/bash', '-c', "/bin/bash -lc '/opt/project/scripts/clean-hdfs-workspace.sh'"]
[2026-04-06T23:57:40.760+0000] {subprocess.py:86} INFO - Output:
[2026-04-06T23:57:42.853+0000] {subprocess.py:93} INFO - Deleted /project-spark/raw/input
[2026-04-06T23:57:46.758+0000] {subprocess.py:97} INFO - Command exited with return code 0
[2026-04-06T23:57:46.759+0000] {taskinstance.py:441} INFO - ::group::Post task execution logs
[2026-04-06T23:57:46.810+0000] {taskinstance.py:1206} INFO - Marking task as SUCCESS. dag_id=project_spark_hdfs_pipeline, task_id=clean_workspace, run_id=scheduled__2026-04-05T01:00:00+00:00, execution_date=20260405T010000, start_date=20260406T235740, end_date=20260406T235746
[2026-04-06T23:57:46.883+0000] {local_task_job_runner.py:240} INFO - Task exited with return code 0
[2026-04-06T23:57:46.901+0000] {taskinstance.py:3498} INFO - 1 downstream tasks scheduled from follow-on schedule check
[2026-04-06T23:57:46.914+0000] {local_task_job_runner.py:222} INFO - ::endgroup::
[2026-04-07T00:02:36.711+0000] {local_task_job_runner.py:120} INFO - ::group::Pre task execution logs
[2026-04-07T00:02:36.732+0000] {taskinstance.py:2076} INFO - Dependencies all met for dep_context=non-requeueable deps ti=<TaskInstance: project_spark_hdfs_pipeline.clean_workspace scheduled__2026-04-05T01:00:00+00:00 [queued]>
[2026-04-07T00:02:36.739+0000] {taskinstance.py:2076} INFO - Dependencies all met for dep_context=requeueable deps ti=<TaskInstance: project_spark_hdfs_pipeline.clean_workspace scheduled__2026-04-05T01:00:00+00:00 [queued]>
[2026-04-07T00:02:36.740+0000] {taskinstance.py:2306} INFO - Starting attempt 1 of 1
[2026-04-07T00:02:36.758+0000] {taskinstance.py:2330} INFO - Executing <Task(BashOperator): clean_workspace> on 2026-04-05 01:00:00+00:00
[2026-04-07T00:02:36.763+0000] {standard_task_runner.py:63} INFO - Started process 83 to run task
[2026-04-07T00:02:36.765+0000] {standard_task_runner.py:90} INFO - Running: ['airflow', 'tasks', 'run', 'project_spark_hdfs_pipeline', 'clean_workspace', 'scheduled__2026-04-05T01:00:00+00:00', '--job-id', '3', '--raw', '--subdir', 'DAGS_FOLDER/project_spark_hdfs_pipeline.py', '--cfg-path', '/tmp/tmpfmjxbykt']
[2026-04-07T00:02:36.766+0000] {standard_task_runner.py:91} INFO - Job 3: Subtask clean_workspace
[2026-04-07T00:02:36.834+0000] {task_command.py:426} INFO - Running <TaskInstance: project_spark_hdfs_pipeline.clean_workspace scheduled__2026-04-05T01:00:00+00:00 [running]> on host 5b034116cd08
[2026-04-07T00:02:37.510+0000] {taskinstance.py:2648} INFO - Exporting env vars: AIRFLOW_CTX_DAG_OWNER='airflow' AIRFLOW_CTX_DAG_ID='project_spark_hdfs_pipeline' AIRFLOW_CTX_TASK_ID='clean_workspace' AIRFLOW_CTX_EXECUTION_DATE='2026-04-05T01:00:00+00:00' AIRFLOW_CTX_TRY_NUMBER='1' AIRFLOW_CTX_DAG_RUN_ID='scheduled__2026-04-05T01:00:00+00:00'
[2026-04-07T00:02:37.510+0000] {taskinstance.py:430} INFO - ::endgroup::
[2026-04-07T00:02:37.558+0000] {subprocess.py:63} INFO - Tmp dir root location: /tmp
[2026-04-07T00:02:37.558+0000] {subprocess.py:75} INFO - Running command: ['/usr/bin/bash', '-c', "/bin/bash -lc '/opt/project/scripts/clean-hdfs-workspace.sh'"]
[2026-04-07T00:02:37.567+0000] {subprocess.py:86} INFO - Output:
[2026-04-07T00:02:40.572+0000] {subprocess.py:93} INFO - Deleted /project-spark/raw/input
[2026-04-07T00:02:43.939+0000] {subprocess.py:97} INFO - Command exited with return code 0
[2026-04-07T00:02:43.939+0000] {taskinstance.py:441} INFO - ::group::Post task execution logs
[2026-04-07T00:02:43.964+0000] {taskinstance.py:1206} INFO - Marking task as SUCCESS. dag_id=project_spark_hdfs_pipeline, task_id=clean_workspace, run_id=scheduled__2026-04-05T01:00:00+00:00, execution_date=20260405T010000, start_date=20260407T000236, end_date=20260407T000243
[2026-04-07T00:02:44.005+0000] {local_task_job_runner.py:240} INFO - Task exited with return code 0
[2026-04-07T00:02:44.022+0000] {taskinstance.py:3498} INFO - 1 downstream tasks scheduled from follow-on schedule check
[2026-04-07T00:02:44.139+0000] {local_task_job_runner.py:222} INFO - ::endgroup::
