[2026-04-07T00:32:03.769+0000] {local_task_job_runner.py:120} INFO - ::group::Pre task execution logs
[2026-04-07T00:32:03.788+0000] {taskinstance.py:2076} INFO - Dependencies all met for dep_context=non-requeueable deps ti=<TaskInstance: project_spark_hdfs_pipeline.run_spark_transform manual__2026-04-07T00:31:41+00:00 [queued]>
[2026-04-07T00:32:03.793+0000] {taskinstance.py:2076} INFO - Dependencies all met for dep_context=requeueable deps ti=<TaskInstance: project_spark_hdfs_pipeline.run_spark_transform manual__2026-04-07T00:31:41+00:00 [queued]>
[2026-04-07T00:32:03.793+0000] {taskinstance.py:2306} INFO - Starting attempt 1 of 1
[2026-04-07T00:32:03.817+0000] {taskinstance.py:2330} INFO - Executing <Task(BashOperator): run_spark_transform> on 2026-04-07 00:31:41+00:00
[2026-04-07T00:32:03.822+0000] {standard_task_runner.py:63} INFO - Started process 3110 to run task
[2026-04-07T00:32:03.824+0000] {standard_task_runner.py:90} INFO - Running: ['airflow', 'tasks', 'run', 'project_spark_hdfs_pipeline', 'run_spark_transform', 'manual__2026-04-07T00:31:41+00:00', '--job-id', '25', '--raw', '--subdir', 'DAGS_FOLDER/project_spark_hdfs_pipeline.py', '--cfg-path', '/tmp/tmpqsizvy2l']
[2026-04-07T00:32:03.825+0000] {standard_task_runner.py:91} INFO - Job 25: Subtask run_spark_transform
[2026-04-07T00:32:03.854+0000] {task_command.py:426} INFO - Running <TaskInstance: project_spark_hdfs_pipeline.run_spark_transform manual__2026-04-07T00:31:41+00:00 [running]> on host 5b034116cd08
[2026-04-07T00:32:03.916+0000] {taskinstance.py:2648} INFO - Exporting env vars: AIRFLOW_CTX_DAG_OWNER='airflow' AIRFLOW_CTX_DAG_ID='project_spark_hdfs_pipeline' AIRFLOW_CTX_TASK_ID='run_spark_transform' AIRFLOW_CTX_EXECUTION_DATE='2026-04-07T00:31:41+00:00' AIRFLOW_CTX_TRY_NUMBER='1' AIRFLOW_CTX_DAG_RUN_ID='manual__2026-04-07T00:31:41+00:00'
[2026-04-07T00:32:03.917+0000] {taskinstance.py:430} INFO - ::endgroup::
[2026-04-07T00:32:03.929+0000] {subprocess.py:63} INFO - Tmp dir root location: /tmp
[2026-04-07T00:32:03.929+0000] {subprocess.py:75} INFO - Running command: ['/usr/bin/bash', '-c', "/bin/bash -lc '/opt/project/scripts/run-hdfs-etl.sh all'"]
[2026-04-07T00:32:03.938+0000] {subprocess.py:86} INFO - Output:
[2026-04-07T00:32:05.303+0000] {subprocess.py:93} INFO - [info] welcome to sbt 1.9.8 (Debian Java 17.0.18)
[2026-04-07T00:32:06.098+0000] {subprocess.py:93} INFO - [info] loading settings for project project-build from plugins.sbt ...
[2026-04-07T00:32:06.837+0000] {subprocess.py:93} INFO - [info] loading project definition from /opt/project/project
[2026-04-07T00:32:07.799+0000] {subprocess.py:93} INFO - [info] loading settings for project root from build.sbt ...
[2026-04-07T00:32:08.000+0000] {subprocess.py:93} INFO - [info] set current project to project-spark-scala-etl (in build file:/opt/project/)
[2026-04-07T00:32:09.723+0000] {subprocess.py:93} INFO - [info] compiling 1 Scala source to /opt/project/target/scala-2.12/classes ...
[2026-04-07T00:32:11.536+0000] {subprocess.py:93} INFO - [info] Non-compiled module 'compiler-bridge_2.12' for Scala 2.12.19. Compiling...
[2026-04-07T00:32:19.341+0000] {subprocess.py:93} INFO - [info]   Compilation completed in 7.803s.
[2026-04-07T00:32:20.604+0000] {subprocess.py:93} INFO - [info] done compiling
[2026-04-07T00:32:20.611+0000] {subprocess.py:93} INFO - [info] compiling 1 Scala source to /opt/project/target/scala-2.12/classes ...
[2026-04-07T00:32:20.950+0000] {subprocess.py:93} INFO - [info] done compiling
[2026-04-07T00:32:22.836+0000] {subprocess.py:93} INFO - [info] 1834 file(s) merged using strategy 'First' (Run the task at debug level to see the details)
[2026-04-07T00:32:22.960+0000] {subprocess.py:93} INFO - [info] 962 file(s) merged using strategy 'Discard' (Run the task at debug level to see the details)
[2026-04-07T00:32:22.995+0000] {subprocess.py:93} INFO - [info] 12 file(s) merged using strategy 'Concat' (Run the task at debug level to see the details)
[2026-04-07T00:32:48.270+0000] {subprocess.py:93} INFO - [info] Built: /opt/project/target/scala-2.12/project-spark-scala-etl-assembly-0.1.0-SNAPSHOT.jar
[2026-04-07T00:32:48.271+0000] {subprocess.py:93} INFO - [info] Jar hash: 557e60b691f9d62c89765b9565e8389870560994
[2026-04-07T00:32:48.293+0000] {subprocess.py:93} INFO - [success] Total time: 40 s, completed Apr 7, 2026, 12:32:48 AM
[2026-04-07T00:32:48.889+0000] {subprocess.py:93} INFO -  Container project-spark-postgres Running
[2026-04-07T00:32:48.890+0000] {subprocess.py:93} INFO -  Container project-spark-namenode Running
[2026-04-07T00:32:48.890+0000] {subprocess.py:93} INFO -  Container project-spark-datanode Running
[2026-04-07T00:32:48.891+0000] {subprocess.py:93} INFO -  Container project-spark-namenode Waiting
[2026-04-07T00:32:49.393+0000] {subprocess.py:93} INFO -  Container project-spark-namenode Healthy
[2026-04-07T00:32:49.398+0000] {subprocess.py:93} INFO -  Container project-spark-namenode Waiting
[2026-04-07T00:32:49.398+0000] {subprocess.py:93} INFO -  Container project-spark-postgres Waiting
[2026-04-07T00:32:49.900+0000] {subprocess.py:93} INFO -  Container project-spark-namenode Healthy
[2026-04-07T00:32:49.901+0000] {subprocess.py:93} INFO -  Container project-spark-postgres Healthy
[2026-04-07T00:32:49.901+0000] {subprocess.py:93} INFO -  Container project-spark-scala-etl-master-spark-submit-run-dee8f50d74d7 Creating
[2026-04-07T00:32:50.176+0000] {subprocess.py:93} INFO -  Container project-spark-scala-etl-master-spark-submit-run-dee8f50d74d7 Created
[2026-04-07T00:32:52.455+0000] {subprocess.py:93} INFO - Exception in thread "main" java.nio.file.AccessDeniedException: /opt/project/data/output/csv
[2026-04-07T00:32:52.456+0000] {subprocess.py:93} INFO - 	at java.base/sun.nio.fs.UnixException.translateToIOException(Unknown Source)
[2026-04-07T00:32:52.457+0000] {subprocess.py:93} INFO - 	at java.base/sun.nio.fs.UnixException.rethrowAsIOException(Unknown Source)
[2026-04-07T00:32:52.459+0000] {subprocess.py:93} INFO - 	at java.base/sun.nio.fs.UnixException.rethrowAsIOException(Unknown Source)
[2026-04-07T00:32:52.459+0000] {subprocess.py:93} INFO - 	at java.base/sun.nio.fs.UnixFileSystemProvider.createDirectory(Unknown Source)
[2026-04-07T00:32:52.459+0000] {subprocess.py:93} INFO - 	at java.base/java.nio.file.Files.createDirectory(Unknown Source)
[2026-04-07T00:32:52.460+0000] {subprocess.py:93} INFO - 	at java.base/java.nio.file.Files.createAndCheckIsDirectory(Unknown Source)
[2026-04-07T00:32:52.460+0000] {subprocess.py:93} INFO - 	at java.base/java.nio.file.Files.createDirectories(Unknown Source)
[2026-04-07T00:32:52.460+0000] {subprocess.py:93} INFO - 	at config.ProjectPaths.ensureOutputDirectories(AppConfig.scala:17)
[2026-04-07T00:32:52.460+0000] {subprocess.py:93} INFO - 	at config.AppConfig$.load(AppConfig.scala:156)
[2026-04-07T00:32:52.461+0000] {subprocess.py:93} INFO - 	at Main$.main(Main.scala:15)
[2026-04-07T00:32:52.461+0000] {subprocess.py:93} INFO - 	at Main.main(Main.scala)
[2026-04-07T00:32:52.461+0000] {subprocess.py:93} INFO - 	at java.base/jdk.internal.reflect.NativeMethodAccessorImpl.invoke0(Native Method)
[2026-04-07T00:32:52.461+0000] {subprocess.py:93} INFO - 	at java.base/jdk.internal.reflect.NativeMethodAccessorImpl.invoke(Unknown Source)
[2026-04-07T00:32:52.461+0000] {subprocess.py:93} INFO - 	at java.base/jdk.internal.reflect.DelegatingMethodAccessorImpl.invoke(Unknown Source)
[2026-04-07T00:32:52.462+0000] {subprocess.py:93} INFO - 	at java.base/java.lang.reflect.Method.invoke(Unknown Source)
[2026-04-07T00:32:52.462+0000] {subprocess.py:93} INFO - 	at org.apache.spark.deploy.JavaMainApplication.start(SparkApplication.scala:52)
[2026-04-07T00:32:52.462+0000] {subprocess.py:93} INFO - 	at org.apache.spark.deploy.SparkSubmit.org$apache$spark$deploy$SparkSubmit$$runMain(SparkSubmit.scala:1029)
[2026-04-07T00:32:52.462+0000] {subprocess.py:93} INFO - 	at org.apache.spark.deploy.SparkSubmit.doRunMain$1(SparkSubmit.scala:194)
[2026-04-07T00:32:52.462+0000] {subprocess.py:93} INFO - 	at org.apache.spark.deploy.SparkSubmit.submit(SparkSubmit.scala:217)
[2026-04-07T00:32:52.463+0000] {subprocess.py:93} INFO - 	at org.apache.spark.deploy.SparkSubmit.doSubmit(SparkSubmit.scala:91)
[2026-04-07T00:32:52.463+0000] {subprocess.py:93} INFO - 	at org.apache.spark.deploy.SparkSubmit$$anon$2.doSubmit(SparkSubmit.scala:1120)
[2026-04-07T00:32:52.463+0000] {subprocess.py:93} INFO - 	at org.apache.spark.deploy.SparkSubmit$.main(SparkSubmit.scala:1129)
[2026-04-07T00:32:52.463+0000] {subprocess.py:93} INFO - 	at org.apache.spark.deploy.SparkSubmit.main(SparkSubmit.scala)
[2026-04-07T00:32:52.466+0000] {subprocess.py:93} INFO - 26/04/07 00:32:52 INFO ShutdownHookManager: Shutdown hook called
[2026-04-07T00:32:52.469+0000] {subprocess.py:93} INFO - 26/04/07 00:32:52 INFO ShutdownHookManager: Deleting directory /tmp/spark-95989b8b-b2c6-49c2-9a1d-226e4e079a4e
[2026-04-07T00:32:52.633+0000] {subprocess.py:93} INFO - 
[2026-04-07T00:32:52.638+0000] {subprocess.py:97} INFO - Command exited with return code 1
[2026-04-07T00:32:52.639+0000] {taskinstance.py:441} INFO - ::group::Post task execution logs
[2026-04-07T00:32:52.649+0000] {taskinstance.py:2905} ERROR - Task failed with exception
Traceback (most recent call last):
  File "/home/airflow/.local/lib/python3.12/site-packages/airflow/models/taskinstance.py", line 465, in _execute_task
    result = _execute_callable(context=context, **execute_callable_kwargs)
             ^^^^^^^^^^^^^^^^^^^^^^^^^^^^^^^^^^^^^^^^^^^^^^^^^^^^^^^^^^^^^
  File "/home/airflow/.local/lib/python3.12/site-packages/airflow/models/taskinstance.py", line 432, in _execute_callable
    return execute_callable(context=context, **execute_callable_kwargs)
           ^^^^^^^^^^^^^^^^^^^^^^^^^^^^^^^^^^^^^^^^^^^^^^^^^^^^^^^^^^^^
  File "/home/airflow/.local/lib/python3.12/site-packages/airflow/models/baseoperator.py", line 400, in wrapper
    return func(self, *args, **kwargs)
           ^^^^^^^^^^^^^^^^^^^^^^^^^^^
  File "/home/airflow/.local/lib/python3.12/site-packages/airflow/operators/bash.py", line 243, in execute
    raise AirflowException(
airflow.exceptions.AirflowException: Bash command failed. The command returned a non-zero exit code 1.
[2026-04-07T00:32:52.655+0000] {taskinstance.py:1206} INFO - Marking task as FAILED. dag_id=project_spark_hdfs_pipeline, task_id=run_spark_transform, run_id=manual__2026-04-07T00:31:41+00:00, execution_date=20260407T003141, start_date=20260407T003203, end_date=20260407T003252
[2026-04-07T00:32:52.676+0000] {standard_task_runner.py:110} ERROR - Failed to execute job 25 for task run_spark_transform (Bash command failed. The command returned a non-zero exit code 1.; 3110)
[2026-04-07T00:32:52.718+0000] {local_task_job_runner.py:240} INFO - Task exited with return code 1
[2026-04-07T00:32:52.735+0000] {taskinstance.py:3498} INFO - 0 downstream tasks scheduled from follow-on schedule check
[2026-04-07T00:32:52.746+0000] {local_task_job_runner.py:222} INFO - ::endgroup::
