[2026-04-07T00:21:59.851+0000] {local_task_job_runner.py:120} INFO - ::group::Pre task execution logs
[2026-04-07T00:21:59.872+0000] {taskinstance.py:2076} INFO - Dependencies all met for dep_context=non-requeueable deps ti=<TaskInstance: project_spark_hdfs_pipeline.export_parquet_locally manual__2026-04-07T00:20:47.975493+00:00 [queued]>
[2026-04-07T00:21:59.878+0000] {taskinstance.py:2076} INFO - Dependencies all met for dep_context=requeueable deps ti=<TaskInstance: project_spark_hdfs_pipeline.export_parquet_locally manual__2026-04-07T00:20:47.975493+00:00 [queued]>
[2026-04-07T00:21:59.878+0000] {taskinstance.py:2306} INFO - Starting attempt 1 of 1
[2026-04-07T00:21:59.900+0000] {taskinstance.py:2330} INFO - Executing <Task(BashOperator): export_parquet_locally> on 2026-04-07 00:20:47.975493+00:00
[2026-04-07T00:21:59.907+0000] {standard_task_runner.py:63} INFO - Started process 2291 to run task
[2026-04-07T00:21:59.908+0000] {standard_task_runner.py:90} INFO - Running: ['airflow', 'tasks', 'run', 'project_spark_hdfs_pipeline', 'export_parquet_locally', 'manual__2026-04-07T00:20:47.975493+00:00', '--job-id', '22', '--raw', '--subdir', 'DAGS_FOLDER/project_spark_hdfs_pipeline.py', '--cfg-path', '/tmp/tmp18a5tdke']
[2026-04-07T00:21:59.910+0000] {standard_task_runner.py:91} INFO - Job 22: Subtask export_parquet_locally
[2026-04-07T00:21:59.943+0000] {task_command.py:426} INFO - Running <TaskInstance: project_spark_hdfs_pipeline.export_parquet_locally manual__2026-04-07T00:20:47.975493+00:00 [running]> on host 5b034116cd08
[2026-04-07T00:22:00.011+0000] {taskinstance.py:2648} INFO - Exporting env vars: AIRFLOW_CTX_DAG_OWNER='airflow' AIRFLOW_CTX_DAG_ID='project_spark_hdfs_pipeline' AIRFLOW_CTX_TASK_ID='export_parquet_locally' AIRFLOW_CTX_EXECUTION_DATE='2026-04-07T00:20:47.975493+00:00' AIRFLOW_CTX_TRY_NUMBER='1' AIRFLOW_CTX_DAG_RUN_ID='manual__2026-04-07T00:20:47.975493+00:00'
[2026-04-07T00:22:00.011+0000] {taskinstance.py:430} INFO - ::endgroup::
[2026-04-07T00:22:00.024+0000] {subprocess.py:63} INFO - Tmp dir root location: /tmp
[2026-04-07T00:22:00.025+0000] {subprocess.py:75} INFO - Running command: ['/usr/bin/bash', '-c', "/bin/bash -lc '/opt/project/scripts/download-hdfs-parquet.sh'"]
[2026-04-07T00:22:00.034+0000] {subprocess.py:86} INFO - Output:
[2026-04-07T00:22:01.254+0000] {subprocess.py:93} INFO - 2026-04-07 00:22:01,253 INFO sasl.SaslDataTransferClient: SASL encryption trust check: localHostTrusted = false, remoteHostTrusted = false
[2026-04-07T00:22:02.145+0000] {subprocess.py:93} INFO - /opt/project/data/output/hdfs-parquet
[2026-04-07T00:22:02.145+0000] {subprocess.py:93} INFO - /opt/project/data/output/hdfs-parquet/forbes
[2026-04-07T00:22:02.145+0000] {subprocess.py:93} INFO - /opt/project/data/output/hdfs-parquet/forbes/cleaned_forbes
[2026-04-07T00:22:02.146+0000] {subprocess.py:93} INFO - /opt/project/data/output/hdfs-parquet/forbes/country_counts
[2026-04-07T00:22:02.146+0000] {subprocess.py:93} INFO - /opt/project/data/output/hdfs-parquet/forbes/top_10_self_made
[2026-04-07T00:22:02.146+0000] {subprocess.py:93} INFO - /opt/project/data/output/hdfs-parquet/forbes/under_fifty
[2026-04-07T00:22:02.146+0000] {subprocess.py:93} INFO - /opt/project/data/output/hdfs-parquet/transactions
[2026-04-07T00:22:02.147+0000] {subprocess.py:93} INFO - /opt/project/data/output/hdfs-parquet/transactions/china
[2026-04-07T00:22:02.147+0000] {subprocess.py:93} INFO - /opt/project/data/output/hdfs-parquet/transactions/cleaned_transactions
[2026-04-07T00:22:02.147+0000] {subprocess.py:93} INFO - /opt/project/data/output/hdfs-parquet/transactions/france
[2026-04-07T00:22:02.147+0000] {subprocess.py:93} INFO - /opt/project/data/output/hdfs-parquet/transactions/poland
[2026-04-07T00:22:02.147+0000] {subprocess.py:93} INFO - /opt/project/data/output/hdfs-parquet/transactions/top_10_countries
[2026-04-07T00:22:02.147+0000] {subprocess.py:93} INFO - /opt/project/data/output/hdfs-parquet/transactions/usa
[2026-04-07T00:22:02.147+0000] {subprocess.py:93} INFO - /opt/project/data/output/hdfs-parquet/tweets
[2026-04-07T00:22:02.147+0000] {subprocess.py:93} INFO - /opt/project/data/output/hdfs-parquet/tweets-user
[2026-04-07T00:22:02.147+0000] {subprocess.py:93} INFO - /opt/project/data/output/hdfs-parquet/tweets-user/cleaned_tweets_user
[2026-04-07T00:22:02.148+0000] {subprocess.py:93} INFO - /opt/project/data/output/hdfs-parquet/tweets-user/top_10_liked_posts
[2026-04-07T00:22:02.148+0000] {subprocess.py:93} INFO - /opt/project/data/output/hdfs-parquet/tweets-user/top_10_retweeted_posts
[2026-04-07T00:22:02.148+0000] {subprocess.py:93} INFO - /opt/project/data/output/hdfs-parquet/tweets-user/user_post_count
[2026-04-07T00:22:02.148+0000] {subprocess.py:93} INFO - /opt/project/data/output/hdfs-parquet/tweets-user/word_count
[2026-04-07T00:22:02.148+0000] {subprocess.py:93} INFO - /opt/project/data/output/hdfs-parquet/tweets/cleaned_tweets
[2026-04-07T00:22:02.148+0000] {subprocess.py:93} INFO - /opt/project/data/output/hdfs-parquet/tweets/hashtag_count
[2026-04-07T00:22:02.148+0000] {subprocess.py:93} INFO - /opt/project/data/output/hdfs-parquet/tweets/source_count
[2026-04-07T00:22:02.148+0000] {subprocess.py:93} INFO - /opt/project/data/output/hdfs-parquet/tweets/trump_tweets_us
[2026-04-07T00:22:02.148+0000] {subprocess.py:97} INFO - Command exited with return code 0
[2026-04-07T00:22:02.149+0000] {taskinstance.py:441} INFO - ::group::Post task execution logs
[2026-04-07T00:22:02.169+0000] {taskinstance.py:1206} INFO - Marking task as SUCCESS. dag_id=project_spark_hdfs_pipeline, task_id=export_parquet_locally, run_id=manual__2026-04-07T00:20:47.975493+00:00, execution_date=20260407T002047, start_date=20260407T002159, end_date=20260407T002202
[2026-04-07T00:22:02.207+0000] {local_task_job_runner.py:240} INFO - Task exited with return code 0
[2026-04-07T00:22:02.216+0000] {taskinstance.py:3498} INFO - 0 downstream tasks scheduled from follow-on schedule check
[2026-04-07T00:22:02.217+0000] {local_task_job_runner.py:222} INFO - ::endgroup::
