2026.04.07 02:07:11 INFO  Started: Metals version 1.6.6 in folders '/home/ahmed/Desktop/spark-etl-pipline-scala-airflow' for client Visual Studio Code 1.109.5.
2026.04.07 02:07:11 INFO  Memory monitor started
2026.04.07 02:07:11 WARN  Using H2 2.4.240 which is newer than the version Flyway has been verified with. The latest verified version of H2 is 2.3.232.
2026.04.07 02:07:15 WARN  no build target for: /home/ahmed/Desktop/spark-etl-pipline-scala-airflow/build.sbt
2026.04.07 02:07:15 INFO  no build target found for /home/ahmed/Desktop/spark-etl-pipline-scala-airflow/build.sbt. Using presentation compiler with project's scala-library version: 3.3.7
2026.04.07 02:09:48 WARN  no build target for: /home/ahmed/Desktop/spark-etl-pipline-scala-airflow/project/plugins.sbt
2026.04.07 02:09:48 INFO  no build target found for /home/ahmed/Desktop/spark-etl-pipline-scala-airflow/project/plugins.sbt. Using presentation compiler with project's scala-library version: 3.3.7
2026.04.07 02:10:07 INFO  no build target found for /home/ahmed/Desktop/spark-etl-pipline-scala-airflow/build.sbt. Using presentation compiler with project's scala-library version: 3.3.7
2026.04.07 02:10:41 WARN  no build target for: /home/ahmed/Desktop/spark-etl-pipline-scala-airflow/src/main/scala/Main.scala
2026.04.07 02:10:41 INFO  no build target found for /home/ahmed/Desktop/spark-etl-pipline-scala-airflow/src/main/scala/Main.scala. Using presentation compiler with project's scala-library version: 3.3.7
2026.04.07 02:10:41 INFO  no build target found for /home/ahmed/Desktop/spark-etl-pipline-scala-airflow/src/main/scala/Main.scala. Using presentation compiler with project's scala-library version: 3.3.7
2026.04.07 02:10:41 INFO  no build target found for /home/ahmed/Desktop/spark-etl-pipline-scala-airflow/src/main/scala/Main.scala. Using presentation compiler with project's scala-library version: 3.3.7
2026.04.07 02:10:41 INFO  no build target found for /home/ahmed/Desktop/spark-etl-pipline-scala-airflow/src/main/scala/Main.scala. Using presentation compiler with project's scala-library version: 3.3.7
2026.04.07 02:10:41 INFO  no build target found for /home/ahmed/Desktop/spark-etl-pipline-scala-airflow/src/main/scala/Main.scala. Using presentation compiler with project's scala-library version: 3.3.7
2026.04.07 02:10:41 INFO  no build target found for /home/ahmed/Desktop/spark-etl-pipline-scala-airflow/src/main/scala/Main.scala. Using presentation compiler with project's scala-library version: 3.3.7
2026.04.07 02:10:41 INFO  no build target found for /home/ahmed/Desktop/spark-etl-pipline-scala-airflow/src/main/scala/Main.scala. Using presentation compiler with project's scala-library version: 3.3.7
2026.04.07 02:10:41 INFO  no build target found for /home/ahmed/Desktop/spark-etl-pipline-scala-airflow/src/main/scala/Main.scala. Using presentation compiler with project's scala-library version: 3.3.7
2026.04.07 02:10:42 INFO  Created report: Optional[file:///home/ahmed/Desktop/spark-etl-pipline-scala-airflow/src/main/scala/Main.scala]
2026.04.07 02:10:42 INFO  empty definition using pc, found symbol in pc:  (full report at: "/home/ahmed/Desktop/spark-etl-pipline-scala-airflow/.metals/.reports/metals-full/2026-04-07/r_empty-definition_02-10-42-630.md")
2026.04.07 02:10:42 INFO  no build target found for /home/ahmed/Desktop/spark-etl-pipline-scala-airflow/src/main/scala/Main.scala. Using presentation compiler with project's scala-library version: 3.3.7
2026.04.07 02:10:42 INFO  no build target found for /home/ahmed/Desktop/spark-etl-pipline-scala-airflow/src/main/scala/Main.scala. Using presentation compiler with project's scala-library version: 3.3.7
2026.04.07 02:10:42 INFO  no build target found for /home/ahmed/Desktop/spark-etl-pipline-scala-airflow/src/main/scala/Main.scala. Using presentation compiler with project's scala-library version: 3.3.7
2026.04.07 02:10:44 INFO  no build target found for /home/ahmed/Desktop/spark-etl-pipline-scala-airflow/src/main/scala/Main.scala. Using presentation compiler with project's scala-library version: 3.3.7
2026.04.07 02:11:00 WARN  no build target for: /home/ahmed/Desktop/spark-etl-pipline-scala-airflow/src/main/scala/Main.scala
2026.04.07 02:11:01 WARN  no build target for: /home/ahmed/Desktop/spark-etl-pipline-scala-airflow/src/main/scala/Main.scala
2026.04.07 02:11:01 INFO  no build target found for /home/ahmed/Desktop/spark-etl-pipline-scala-airflow/src/main/scala/Main.scala. Using presentation compiler with project's scala-library version: 3.3.7
2026.04.07 02:11:01 INFO  no build target found for /home/ahmed/Desktop/spark-etl-pipline-scala-airflow/src/main/scala/Main.scala. Using presentation compiler with project's scala-library version: 3.3.7
2026.04.07 02:11:01 INFO  no build target found for /home/ahmed/Desktop/spark-etl-pipline-scala-airflow/src/main/scala/Main.scala. Using presentation compiler with project's scala-library version: 3.3.7
2026.04.07 02:11:02 INFO  no build target found for /home/ahmed/Desktop/spark-etl-pipline-scala-airflow/src/main/scala/Main.scala. Using presentation compiler with project's scala-library version: 3.3.7
2026.04.07 02:11:02 INFO  no build target found for /home/ahmed/Desktop/spark-etl-pipline-scala-airflow/src/main/scala/Main.scala. Using presentation compiler with project's scala-library version: 3.3.7
2026.04.07 02:11:02 INFO  no build target found for /home/ahmed/Desktop/spark-etl-pipline-scala-airflow/src/main/scala/Main.scala. Using presentation compiler with project's scala-library version: 3.3.7
2026.04.07 02:11:02 WARN  Could not find semantic tokens for: file:///home/ahmed/Desktop/spark-etl-pipline-scala-airflow/src/main/scala/Main.scala
2026.04.07 02:11:02 WARN  no build target for: /home/ahmed/Desktop/spark-etl-pipline-scala-airflow/src/main/scala/Main.scala
2026.04.07 02:11:02 INFO  no build target found for /home/ahmed/Desktop/spark-etl-pipline-scala-airflow/src/main/scala/Main.scala. Using presentation compiler with project's scala-library version: 3.3.7
2026.04.07 02:11:02 WARN  Could not find semantic tokens for: file:///home/ahmed/Desktop/spark-etl-pipline-scala-airflow/src/main/scala/Main.scala
2026.04.07 02:11:10 INFO  no build target found for /home/ahmed/Desktop/spark-etl-pipline-scala-airflow/src/main/scala/cleaners/ForbesCleaner.scala. Using presentation compiler with project's scala-library version: 3.3.7
2026.04.07 02:11:10 WARN  no build target for: /home/ahmed/Desktop/spark-etl-pipline-scala-airflow/src/main/scala/cleaners/ForbesCleaner.scala
2026.04.07 02:11:10 INFO  no build target found for /home/ahmed/Desktop/spark-etl-pipline-scala-airflow/src/main/scala/cleaners/ForbesCleaner.scala. Using presentation compiler with project's scala-library version: 3.3.7
2026.04.07 02:11:10 INFO  no build target found for /home/ahmed/Desktop/spark-etl-pipline-scala-airflow/src/main/scala/cleaners/ForbesCleaner.scala. Using presentation compiler with project's scala-library version: 3.3.7
2026.04.07 02:11:10 INFO  no build target found for /home/ahmed/Desktop/spark-etl-pipline-scala-airflow/src/main/scala/Main.scala. Using presentation compiler with project's scala-library version: 3.3.7
2026.04.07 02:11:10 INFO  no build target found for /home/ahmed/Desktop/spark-etl-pipline-scala-airflow/src/main/scala/cleaners/ForbesCleaner.scala. Using presentation compiler with project's scala-library version: 3.3.7
2026.04.07 02:11:10 WARN  Could not find semantic tokens for: file:///home/ahmed/Desktop/spark-etl-pipline-scala-airflow/src/main/scala/Main.scala
2026.04.07 02:11:10 INFO  no build target found for /home/ahmed/Desktop/spark-etl-pipline-scala-airflow/src/main/scala/cleaners/ForbesCleaner.scala. Using presentation compiler with project's scala-library version: 3.3.7
2026.04.07 02:11:10 INFO  no build target found for /home/ahmed/Desktop/spark-etl-pipline-scala-airflow/src/main/scala/cleaners/ForbesCleaner.scala. Using presentation compiler with project's scala-library version: 3.3.7
2026.04.07 02:11:10 INFO  no build target found for /home/ahmed/Desktop/spark-etl-pipline-scala-airflow/src/main/scala/cleaners/ForbesCleaner.scala. Using presentation compiler with project's scala-library version: 3.3.7
2026.04.07 02:11:10 INFO  no build target found for /home/ahmed/Desktop/spark-etl-pipline-scala-airflow/src/main/scala/cleaners/ForbesCleaner.scala. Using presentation compiler with project's scala-library version: 3.3.7
2026.04.07 02:11:10 INFO  no build target found for /home/ahmed/Desktop/spark-etl-pipline-scala-airflow/src/main/scala/cleaners/ForbesCleaner.scala. Using presentation compiler with project's scala-library version: 3.3.7
2026.04.07 02:11:11 INFO  no build target found for /home/ahmed/Desktop/spark-etl-pipline-scala-airflow/src/main/scala/cleaners/ForbesCleaner.scala. Using presentation compiler with project's scala-library version: 3.3.7
2026.04.07 02:11:13 INFO  no build target found for /home/ahmed/Desktop/spark-etl-pipline-scala-airflow/src/main/scala/cleaners/ForbesCleaner.scala. Using presentation compiler with project's scala-library version: 3.3.7
2026.04.07 02:11:20 INFO  no build target found for /home/ahmed/Desktop/spark-etl-pipline-scala-airflow/src/main/scala/cleaners/ForbesCleaner.scala. Using presentation compiler with project's scala-library version: 3.3.7
2026.04.07 02:11:20 INFO  Created report: Optional[file:///home/ahmed/Desktop/spark-etl-pipline-scala-airflow/src/main/scala/cleaners/ForbesCleaner.scala]
2026.04.07 02:11:20 INFO  empty definition using pc, found symbol in pc:  (full report at: "/home/ahmed/Desktop/spark-etl-pipline-scala-airflow/.metals/.reports/metals-full/2026-04-07/r_empty-definition_02-11-20-328.md")
2026.04.07 02:11:20 INFO  no build target found for /home/ahmed/Desktop/spark-etl-pipline-scala-airflow/src/main/scala/cleaners/ForbesCleaner.scala. Using presentation compiler with project's scala-library version: 3.3.7
2026.04.07 02:11:20 INFO  no build target found for /home/ahmed/Desktop/spark-etl-pipline-scala-airflow/src/main/scala/cleaners/ForbesCleaner.scala. Using presentation compiler with project's scala-library version: 3.3.7
2026.04.07 02:11:20 INFO  empty definition using pc, found symbol in pc:  (full report at: "/home/ahmed/Desktop/spark-etl-pipline-scala-airflow/.metals/.reports/metals-full/2026-04-07/r_empty-definition_02-11-20-328.md")
2026.04.07 02:11:20 INFO  no build target found for /home/ahmed/Desktop/spark-etl-pipline-scala-airflow/src/main/scala/cleaners/ForbesCleaner.scala. Using presentation compiler with project's scala-library version: 3.3.7
2026.04.07 02:11:21 INFO  no build target found for /home/ahmed/Desktop/spark-etl-pipline-scala-airflow/src/main/scala/cleaners/ForbesCleaner.scala. Using presentation compiler with project's scala-library version: 3.3.7
2026.04.07 02:11:35 INFO  no build target found for /home/ahmed/Desktop/spark-etl-pipline-scala-airflow/src/main/scala/cleaners/ForbesCleaner.scala. Using presentation compiler with project's scala-library version: 3.3.7
2026.04.07 02:11:35 INFO  no build target found for /home/ahmed/Desktop/spark-etl-pipline-scala-airflow/src/main/scala/cleaners/ForbesCleaner.scala. Using presentation compiler with project's scala-library version: 3.3.7
2026.04.07 02:11:36 INFO  no build target found for /home/ahmed/Desktop/spark-etl-pipline-scala-airflow/src/main/scala/cleaners/ForbesCleaner.scala. Using presentation compiler with project's scala-library version: 3.3.7
2026.04.07 02:11:35 INFO  no build target found for /home/ahmed/Desktop/spark-etl-pipline-scala-airflow/src/main/scala/cleaners/ForbesCleaner.scala. Using presentation compiler with project's scala-library version: 3.3.7
2026.04.07 02:11:36 INFO  Created report: Optional[file:///home/ahmed/Desktop/spark-etl-pipline-scala-airflow/src/main/scala/cleaners/ForbesCleaner.scala]
2026.04.07 02:11:36 INFO  empty definition using pc, found symbol in pc:  (full report at: "/home/ahmed/Desktop/spark-etl-pipline-scala-airflow/.metals/.reports/metals-full/2026-04-07/r_empty-definition_02-11-36-424.md")
2026.04.07 02:11:35 INFO  no build target found for /home/ahmed/Desktop/spark-etl-pipline-scala-airflow/src/main/scala/cleaners/ForbesCleaner.scala. Using presentation compiler with project's scala-library version: 3.3.7
2026.04.07 02:11:38 INFO  no build target found for /home/ahmed/Desktop/spark-etl-pipline-scala-airflow/src/main/scala/cleaners/ForbesCleaner.scala. Using presentation compiler with project's scala-library version: 3.3.7
2026.04.07 02:11:38 INFO  no build target found for /home/ahmed/Desktop/spark-etl-pipline-scala-airflow/src/main/scala/cleaners/ForbesCleaner.scala. Using presentation compiler with project's scala-library version: 3.3.7
2026.04.07 02:11:39 INFO  no build target found for /home/ahmed/Desktop/spark-etl-pipline-scala-airflow/src/main/scala/cleaners/ForbesCleaner.scala. Using presentation compiler with project's scala-library version: 3.3.7
2026.04.07 02:11:39 INFO  no build target found for /home/ahmed/Desktop/spark-etl-pipline-scala-airflow/src/main/scala/cleaners/ForbesCleaner.scala. Using presentation compiler with project's scala-library version: 3.3.7
2026.04.07 02:11:39 WARN  Could not find semantic tokens for: file:///home/ahmed/Desktop/spark-etl-pipline-scala-airflow/src/main/scala/cleaners/ForbesCleaner.scala
2026.04.07 02:11:40 WARN  no build target for: /home/ahmed/Desktop/spark-etl-pipline-scala-airflow/src/main/scala/cleaners/ForbesCleaner.scala
2026.04.07 02:11:40 INFO  no build target found for /home/ahmed/Desktop/spark-etl-pipline-scala-airflow/src/main/scala/Main.scala. Using presentation compiler with project's scala-library version: 3.3.7
2026.04.07 02:11:40 INFO  no build target found for /home/ahmed/Desktop/spark-etl-pipline-scala-airflow/src/main/scala/cleaners/ForbesCleaner.scala. Using presentation compiler with project's scala-library version: 3.3.7
2026.04.07 02:11:40 WARN  Could not find semantic tokens for: file:///home/ahmed/Desktop/spark-etl-pipline-scala-airflow/src/main/scala/Main.scala
2026.04.07 02:11:40 WARN  Could not find semantic tokens for: file:///home/ahmed/Desktop/spark-etl-pipline-scala-airflow/src/main/scala/cleaners/ForbesCleaner.scala
2026.04.07 02:11:41 WARN  no build target for: /home/ahmed/Desktop/spark-etl-pipline-scala-airflow/src/main/scala/Main.scala
2026.04.07 02:11:41 INFO  no build target found for /home/ahmed/Desktop/spark-etl-pipline-scala-airflow/src/main/scala/cleaners/ForbesCleaner.scala. Using presentation compiler with project's scala-library version: 3.3.7
2026.04.07 02:11:41 INFO  no build target found for /home/ahmed/Desktop/spark-etl-pipline-scala-airflow/src/main/scala/Main.scala. Using presentation compiler with project's scala-library version: 3.3.7
2026.04.07 02:11:41 WARN  Could not find semantic tokens for: file:///home/ahmed/Desktop/spark-etl-pipline-scala-airflow/src/main/scala/Main.scala
2026.04.07 02:11:43 INFO  no build target found for /home/ahmed/Desktop/spark-etl-pipline-scala-airflow/src/main/scala/cleaners/TransactionCleaner.scala. Using presentation compiler with project's scala-library version: 3.3.7
2026.04.07 02:11:43 WARN  no build target for: /home/ahmed/Desktop/spark-etl-pipline-scala-airflow/src/main/scala/cleaners/TransactionCleaner.scala
2026.04.07 02:11:43 INFO  no build target found for /home/ahmed/Desktop/spark-etl-pipline-scala-airflow/src/main/scala/cleaners/TransactionCleaner.scala. Using presentation compiler with project's scala-library version: 3.3.7
2026.04.07 02:11:43 INFO  no build target found for /home/ahmed/Desktop/spark-etl-pipline-scala-airflow/src/main/scala/cleaners/TransactionCleaner.scala. Using presentation compiler with project's scala-library version: 3.3.7
2026.04.07 02:11:43 INFO  no build target found for /home/ahmed/Desktop/spark-etl-pipline-scala-airflow/src/main/scala/cleaners/TransactionCleaner.scala. Using presentation compiler with project's scala-library version: 3.3.7
2026.04.07 02:11:43 INFO  no build target found for /home/ahmed/Desktop/spark-etl-pipline-scala-airflow/src/main/scala/cleaners/TransactionCleaner.scala. Using presentation compiler with project's scala-library version: 3.3.7
2026.04.07 02:11:43 INFO  no build target found for /home/ahmed/Desktop/spark-etl-pipline-scala-airflow/src/main/scala/cleaners/TransactionCleaner.scala. Using presentation compiler with project's scala-library version: 3.3.7
2026.04.07 02:11:44 INFO  no build target found for /home/ahmed/Desktop/spark-etl-pipline-scala-airflow/src/main/scala/cleaners/TransactionCleaner.scala. Using presentation compiler with project's scala-library version: 3.3.7
2026.04.07 02:11:45 INFO  Created report: Optional[file:///home/ahmed/Desktop/spark-etl-pipline-scala-airflow/src/main/scala/cleaners/TransactionCleaner.scala]
2026.04.07 02:11:45 INFO  empty definition using pc, found symbol in pc:  (full report at: "/home/ahmed/Desktop/spark-etl-pipline-scala-airflow/.metals/.reports/metals-full/2026-04-07/r_empty-definition_02-11-45-069.md")
2026.04.07 02:11:45 INFO  no build target found for /home/ahmed/Desktop/spark-etl-pipline-scala-airflow/src/main/scala/cleaners/TransactionCleaner.scala. Using presentation compiler with project's scala-library version: 3.3.7
2026.04.07 02:11:46 INFO  no build target found for /home/ahmed/Desktop/spark-etl-pipline-scala-airflow/src/main/scala/cleaners/TransactionCleaner.scala. Using presentation compiler with project's scala-library version: 3.3.7
2026.04.07 02:11:46 INFO  no build target found for /home/ahmed/Desktop/spark-etl-pipline-scala-airflow/src/main/scala/cleaners/TransactionCleaner.scala. Using presentation compiler with project's scala-library version: 3.3.7
2026.04.07 02:11:47 INFO  no build target found for /home/ahmed/Desktop/spark-etl-pipline-scala-airflow/src/main/scala/cleaners/TweetsCleaner.scala. Using presentation compiler with project's scala-library version: 3.3.7
2026.04.07 02:11:47 WARN  no build target for: /home/ahmed/Desktop/spark-etl-pipline-scala-airflow/src/main/scala/cleaners/TweetsCleaner.scala
2026.04.07 02:11:46 INFO  no build target found for /home/ahmed/Desktop/spark-etl-pipline-scala-airflow/src/main/scala/cleaners/TweetsCleaner.scala. Using presentation compiler with project's scala-library version: 3.3.7
2026.04.07 02:11:47 INFO  no build target found for /home/ahmed/Desktop/spark-etl-pipline-scala-airflow/src/main/scala/cleaners/TweetsCleaner.scala. Using presentation compiler with project's scala-library version: 3.3.7
2026.04.07 02:11:46 INFO  no build target found for /home/ahmed/Desktop/spark-etl-pipline-scala-airflow/src/main/scala/cleaners/TweetsCleaner.scala. Using presentation compiler with project's scala-library version: 3.3.7
2026.04.07 02:11:47 INFO  no build target found for /home/ahmed/Desktop/spark-etl-pipline-scala-airflow/src/main/scala/cleaners/TweetsCleaner.scala. Using presentation compiler with project's scala-library version: 3.3.7
2026.04.07 02:11:48 INFO  no build target found for /home/ahmed/Desktop/spark-etl-pipline-scala-airflow/src/main/scala/cleaners/TweetsCleaner.scala. Using presentation compiler with project's scala-library version: 3.3.7
2026.04.07 02:11:48 INFO  no build target found for /home/ahmed/Desktop/spark-etl-pipline-scala-airflow/src/main/scala/cleaners/TweetsCleaner.scala. Using presentation compiler with project's scala-library version: 3.3.7
2026.04.07 02:11:48 INFO  no build target found for /home/ahmed/Desktop/spark-etl-pipline-scala-airflow/src/main/scala/cleaners/TweetsCleaner.scala. Using presentation compiler with project's scala-library version: 3.3.7
2026.04.07 02:11:48 INFO  no build target found for /home/ahmed/Desktop/spark-etl-pipline-scala-airflow/src/main/scala/cleaners/TweetsCleaner.scala. Using presentation compiler with project's scala-library version: 3.3.7
2026.04.07 02:11:48 INFO  Created report: Optional[file:///home/ahmed/Desktop/spark-etl-pipline-scala-airflow/src/main/scala/cleaners/TweetsCleaner.scala]
2026.04.07 02:11:48 INFO  empty definition using pc, found symbol in pc:  (full report at: "/home/ahmed/Desktop/spark-etl-pipline-scala-airflow/.metals/.reports/metals-full/2026-04-07/r_empty-definition_02-11-48-826.md")
2026.04.07 02:11:48 INFO  no build target found for /home/ahmed/Desktop/spark-etl-pipline-scala-airflow/src/main/scala/cleaners/TweetsCleaner.scala. Using presentation compiler with project's scala-library version: 3.3.7
2026.04.07 02:11:49 INFO  no build target found for /home/ahmed/Desktop/spark-etl-pipline-scala-airflow/src/main/scala/cleaners/TweetsCleaner.scala. Using presentation compiler with project's scala-library version: 3.3.7
2026.04.07 02:11:49 INFO  no build target found for /home/ahmed/Desktop/spark-etl-pipline-scala-airflow/src/main/scala/cleaners/TweetsCleaner.scala. Using presentation compiler with project's scala-library version: 3.3.7
2026.04.07 02:12:08 INFO  no build target found for /home/ahmed/Desktop/spark-etl-pipline-scala-airflow/src/main/scala/cleaners/TweetsCleaner.scala. Using presentation compiler with project's scala-library version: 3.3.7
2026.04.07 02:12:08 INFO  no build target found for /home/ahmed/Desktop/spark-etl-pipline-scala-airflow/src/main/scala/cleaners/TweetsCleaner.scala. Using presentation compiler with project's scala-library version: 3.3.7
2026.04.07 02:12:08 INFO  no build target found for /home/ahmed/Desktop/spark-etl-pipline-scala-airflow/src/main/scala/cleaners/TweetsCleaner.scala. Using presentation compiler with project's scala-library version: 3.3.7
2026.04.07 02:12:09 INFO  Created report: Optional[file:///home/ahmed/Desktop/spark-etl-pipline-scala-airflow/src/main/scala/cleaners/TweetsCleaner.scala]
2026.04.07 02:12:09 INFO  empty definition using pc, found symbol in pc:  (full report at: "/home/ahmed/Desktop/spark-etl-pipline-scala-airflow/.metals/.reports/metals-full/2026-04-07/r_empty-definition_02-12-09-062.md")
2026.04.07 02:12:08 INFO  no build target found for /home/ahmed/Desktop/spark-etl-pipline-scala-airflow/src/main/scala/cleaners/TweetsCleaner.scala. Using presentation compiler with project's scala-library version: 3.3.7
2026.04.07 02:12:09 INFO  no build target found for /home/ahmed/Desktop/spark-etl-pipline-scala-airflow/src/main/scala/cleaners/TweetsCleaner.scala. Using presentation compiler with project's scala-library version: 3.3.7
2026.04.07 02:12:08 INFO  empty definition using pc, found symbol in pc:  (full report at: "/home/ahmed/Desktop/spark-etl-pipline-scala-airflow/.metals/.reports/metals-full/2026-04-07/r_empty-definition_02-12-09-062.md")
2026.04.07 02:12:10 INFO  no build target found for /home/ahmed/Desktop/spark-etl-pipline-scala-airflow/src/main/scala/cleaners/TweetsCleaner.scala. Using presentation compiler with project's scala-library version: 3.3.7
2026.04.07 02:12:10 INFO  no build target found for /home/ahmed/Desktop/spark-etl-pipline-scala-airflow/src/main/scala/cleaners/TweetsCleaner.scala. Using presentation compiler with project's scala-library version: 3.3.7
2026.04.07 02:12:11 INFO  no build target found for /home/ahmed/Desktop/spark-etl-pipline-scala-airflow/src/main/scala/cleaners/TweetsCleaner.scala. Using presentation compiler with project's scala-library version: 3.3.7
2026.04.07 02:12:11 INFO  no build target found for /home/ahmed/Desktop/spark-etl-pipline-scala-airflow/src/main/scala/cleaners/TweetsCleaner.scala. Using presentation compiler with project's scala-library version: 3.3.7
2026.04.07 02:12:11 INFO  no build target found for /home/ahmed/Desktop/spark-etl-pipline-scala-airflow/src/main/scala/cleaners/TweetsCleaner.scala. Using presentation compiler with project's scala-library version: 3.3.7
2026.04.07 02:12:11 WARN  Could not find semantic tokens for: file:///home/ahmed/Desktop/spark-etl-pipline-scala-airflow/src/main/scala/cleaners/TweetsCleaner.scala
2026.04.07 02:12:11 WARN  no build target for: /home/ahmed/Desktop/spark-etl-pipline-scala-airflow/src/main/scala/cleaners/TweetsCleaner.scala
2026.04.07 02:12:11 INFO  no build target found for /home/ahmed/Desktop/spark-etl-pipline-scala-airflow/src/main/scala/cleaners/TweetsCleaner.scala. Using presentation compiler with project's scala-library version: 3.3.7
2026.04.07 02:12:11 WARN  Could not find semantic tokens for: file:///home/ahmed/Desktop/spark-etl-pipline-scala-airflow/src/main/scala/cleaners/TweetsCleaner.scala
2026.04.07 02:12:16 WARN  no build target for: /home/ahmed/Desktop/spark-etl-pipline-scala-airflow/src/main/scala/cleaners/ForbesCleaner.scala
2026.04.07 02:12:16 INFO  no build target found for /home/ahmed/Desktop/spark-etl-pipline-scala-airflow/src/main/scala/cleaners/ForbesCleaner.scala. Using presentation compiler with project's scala-library version: 3.3.7
2026.04.07 02:12:16 INFO  no build target found for /home/ahmed/Desktop/spark-etl-pipline-scala-airflow/src/main/scala/cleaners/ForbesCleaner.scala. Using presentation compiler with project's scala-library version: 3.3.7
2026.04.07 02:12:16 WARN  Could not find semantic tokens for: file:///home/ahmed/Desktop/spark-etl-pipline-scala-airflow/src/main/scala/cleaners/ForbesCleaner.scala
2026.04.07 02:12:16 INFO  no build target found for /home/ahmed/Desktop/spark-etl-pipline-scala-airflow/src/main/scala/cleaners/ForbesCleaner.scala. Using presentation compiler with project's scala-library version: 3.3.7
2026.04.07 02:12:16 WARN  Could not find semantic tokens for: file:///home/ahmed/Desktop/spark-etl-pipline-scala-airflow/src/main/scala/cleaners/ForbesCleaner.scala
2026.04.07 02:12:18 INFO  no build target found for /home/ahmed/Desktop/spark-etl-pipline-scala-airflow/src/main/scala/cleaners/ForbesCleaner.scala. Using presentation compiler with project's scala-library version: 3.3.7
2026.04.07 02:12:18 INFO  no build target found for /home/ahmed/Desktop/spark-etl-pipline-scala-airflow/src/main/scala/cleaners/TransactionCleaner.scala. Using presentation compiler with project's scala-library version: 3.3.7
2026.04.07 02:12:18 WARN  no build target for: /home/ahmed/Desktop/spark-etl-pipline-scala-airflow/src/main/scala/cleaners/TransactionCleaner.scala
2026.04.07 02:12:18 INFO  no build target found for /home/ahmed/Desktop/spark-etl-pipline-scala-airflow/src/main/scala/cleaners/TransactionCleaner.scala. Using presentation compiler with project's scala-library version: 3.3.7
2026.04.07 02:12:18 INFO  no build target found for /home/ahmed/Desktop/spark-etl-pipline-scala-airflow/src/main/scala/cleaners/TransactionCleaner.scala. Using presentation compiler with project's scala-library version: 3.3.7
2026.04.07 02:12:18 INFO  no build target found for /home/ahmed/Desktop/spark-etl-pipline-scala-airflow/src/main/scala/cleaners/TransactionCleaner.scala. Using presentation compiler with project's scala-library version: 3.3.7
2026.04.07 02:12:18 INFO  no build target found for /home/ahmed/Desktop/spark-etl-pipline-scala-airflow/src/main/scala/cleaners/TransactionCleaner.scala. Using presentation compiler with project's scala-library version: 3.3.7
2026.04.07 02:12:18 INFO  no build target found for /home/ahmed/Desktop/spark-etl-pipline-scala-airflow/src/main/scala/cleaners/TransactionCleaner.scala. Using presentation compiler with project's scala-library version: 3.3.7
2026.04.07 02:12:22 INFO  no build target found for /home/ahmed/Desktop/spark-etl-pipline-scala-airflow/src/main/scala/cleaners/TransactionCleaner.scala. Using presentation compiler with project's scala-library version: 3.3.7
2026.04.07 02:12:22 INFO  no build target found for /home/ahmed/Desktop/spark-etl-pipline-scala-airflow/src/main/scala/cleaners/TransactionCleaner.scala. Using presentation compiler with project's scala-library version: 3.3.7
2026.04.07 02:12:22 INFO  no build target found for /home/ahmed/Desktop/spark-etl-pipline-scala-airflow/src/main/scala/cleaners/TransactionCleaner.scala. Using presentation compiler with project's scala-library version: 3.3.7
2026.04.07 02:12:22 INFO  Created report: Optional[file:///home/ahmed/Desktop/spark-etl-pipline-scala-airflow/src/main/scala/cleaners/TransactionCleaner.scala]
2026.04.07 02:12:22 INFO  empty definition using pc, found symbol in pc: functions. (full report at: "/home/ahmed/Desktop/spark-etl-pipline-scala-airflow/.metals/.reports/metals-full/2026-04-07/r_empty-definition_02-12-22-413.md")
2026.04.07 02:12:22 INFO  no build target found for /home/ahmed/Desktop/spark-etl-pipline-scala-airflow/src/main/scala/cleaners/TransactionCleaner.scala. Using presentation compiler with project's scala-library version: 3.3.7
2026.04.07 02:12:24 INFO  no build target found for /home/ahmed/Desktop/spark-etl-pipline-scala-airflow/src/main/scala/cleaners/TransactionCleaner.scala. Using presentation compiler with project's scala-library version: 3.3.7
2026.04.07 02:12:25 INFO  no build target found for /home/ahmed/Desktop/spark-etl-pipline-scala-airflow/src/main/scala/cleaners/TransactionCleaner.scala. Using presentation compiler with project's scala-library version: 3.3.7
2026.04.07 02:12:25 INFO  no build target found for /home/ahmed/Desktop/spark-etl-pipline-scala-airflow/src/main/scala/cleaners/TransactionCleaner.scala. Using presentation compiler with project's scala-library version: 3.3.7
2026.04.07 02:12:26 INFO  no build target found for /home/ahmed/Desktop/spark-etl-pipline-scala-airflow/src/main/scala/cleaners/TweetsUserCleaner.scala. Using presentation compiler with project's scala-library version: 3.3.7
2026.04.07 02:12:26 WARN  no build target for: /home/ahmed/Desktop/spark-etl-pipline-scala-airflow/src/main/scala/cleaners/TweetsUserCleaner.scala
2026.04.07 02:12:25 INFO  no build target found for /home/ahmed/Desktop/spark-etl-pipline-scala-airflow/src/main/scala/cleaners/TweetsUserCleaner.scala. Using presentation compiler with project's scala-library version: 3.3.7
2026.04.07 02:12:26 INFO  no build target found for /home/ahmed/Desktop/spark-etl-pipline-scala-airflow/src/main/scala/cleaners/TweetsUserCleaner.scala. Using presentation compiler with project's scala-library version: 3.3.7
2026.04.07 02:12:25 INFO  no build target found for /home/ahmed/Desktop/spark-etl-pipline-scala-airflow/src/main/scala/cleaners/TweetsUserCleaner.scala. Using presentation compiler with project's scala-library version: 3.3.7
2026.04.07 02:12:26 INFO  no build target found for /home/ahmed/Desktop/spark-etl-pipline-scala-airflow/src/main/scala/cleaners/TweetsUserCleaner.scala. Using presentation compiler with project's scala-library version: 3.3.7
2026.04.07 02:12:26 INFO  no build target found for /home/ahmed/Desktop/spark-etl-pipline-scala-airflow/src/main/scala/cleaners/TweetsUserCleaner.scala. Using presentation compiler with project's scala-library version: 3.3.7
2026.04.07 02:12:33 INFO  no build target found for /home/ahmed/Desktop/spark-etl-pipline-scala-airflow/src/main/scala/cleaners/TweetsUserCleaner.scala. Using presentation compiler with project's scala-library version: 3.3.7
2026.04.07 02:12:33 INFO  no build target found for /home/ahmed/Desktop/spark-etl-pipline-scala-airflow/src/main/scala/analysers/ForbesAnalyzer.scala. Using presentation compiler with project's scala-library version: 3.3.7
2026.04.07 02:12:33 WARN  no build target for: /home/ahmed/Desktop/spark-etl-pipline-scala-airflow/src/main/scala/analysers/ForbesAnalyzer.scala
2026.04.07 02:12:33 INFO  no build target found for /home/ahmed/Desktop/spark-etl-pipline-scala-airflow/src/main/scala/analysers/ForbesAnalyzer.scala. Using presentation compiler with project's scala-library version: 3.3.7
2026.04.07 02:12:33 INFO  no build target found for /home/ahmed/Desktop/spark-etl-pipline-scala-airflow/src/main/scala/analysers/ForbesAnalyzer.scala. Using presentation compiler with project's scala-library version: 3.3.7
2026.04.07 02:12:33 INFO  no build target found for /home/ahmed/Desktop/spark-etl-pipline-scala-airflow/src/main/scala/analysers/ForbesAnalyzer.scala. Using presentation compiler with project's scala-library version: 3.3.7
2026.04.07 02:12:33 INFO  no build target found for /home/ahmed/Desktop/spark-etl-pipline-scala-airflow/src/main/scala/analysers/ForbesAnalyzer.scala. Using presentation compiler with project's scala-library version: 3.3.7
2026.04.07 02:12:34 INFO  no build target found for /home/ahmed/Desktop/spark-etl-pipline-scala-airflow/src/main/scala/analysers/ForbesAnalyzer.scala. Using presentation compiler with project's scala-library version: 3.3.7
2026.04.07 02:12:40 INFO  no build target found for /home/ahmed/Desktop/spark-etl-pipline-scala-airflow/src/main/scala/analysers/ForbesAnalyzer.scala. Using presentation compiler with project's scala-library version: 3.3.7
2026.04.07 02:12:40 INFO  no build target found for /home/ahmed/Desktop/spark-etl-pipline-scala-airflow/src/main/scala/analysers/ForbesAnalyzer.scala. Using presentation compiler with project's scala-library version: 3.3.7
2026.04.07 02:12:40 INFO  no build target found for /home/ahmed/Desktop/spark-etl-pipline-scala-airflow/src/main/scala/analysers/ForbesAnalyzer.scala. Using presentation compiler with project's scala-library version: 3.3.7
2026.04.07 02:12:40 INFO  no build target found for /home/ahmed/Desktop/spark-etl-pipline-scala-airflow/src/main/scala/analysers/ForbesAnalyzer.scala. Using presentation compiler with project's scala-library version: 3.3.7
2026.04.07 02:12:42 INFO  no build target found for /home/ahmed/Desktop/spark-etl-pipline-scala-airflow/src/main/scala/analysers/ForbesAnalyzer.scala. Using presentation compiler with project's scala-library version: 3.3.7
2026.04.07 02:12:45 INFO  no build target found for /home/ahmed/Desktop/spark-etl-pipline-scala-airflow/src/main/scala/analysers/ForbesAnalyzer.scala. Using presentation compiler with project's scala-library version: 3.3.7
2026.04.07 02:12:45 INFO  no build target found for /home/ahmed/Desktop/spark-etl-pipline-scala-airflow/src/main/scala/analysers/ForbesAnalyzer.scala. Using presentation compiler with project's scala-library version: 3.3.7
2026.04.07 02:12:45 INFO  no build target found for /home/ahmed/Desktop/spark-etl-pipline-scala-airflow/src/main/scala/analysers/ForbesAnalyzer.scala. Using presentation compiler with project's scala-library version: 3.3.7
2026.04.07 02:12:45 WARN  Could not find semantic tokens for: file:///home/ahmed/Desktop/spark-etl-pipline-scala-airflow/src/main/scala/analysers/ForbesAnalyzer.scala
2026.04.07 02:12:47 INFO  no build target found for /home/ahmed/Desktop/spark-etl-pipline-scala-airflow/src/main/scala/analysers/ForbesAnalyzer.scala. Using presentation compiler with project's scala-library version: 3.3.7
2026.04.07 02:12:47 INFO  no build target found for /home/ahmed/Desktop/spark-etl-pipline-scala-airflow/src/main/scala/analysers/ForbesAnalyzer.scala. Using presentation compiler with project's scala-library version: 3.3.7
2026.04.07 02:12:47 INFO  no build target found for /home/ahmed/Desktop/spark-etl-pipline-scala-airflow/src/main/scala/analysers/ForbesAnalyzer.scala. Using presentation compiler with project's scala-library version: 3.3.7
2026.04.07 02:12:47 INFO  no build target found for /home/ahmed/Desktop/spark-etl-pipline-scala-airflow/src/main/scala/analysers/ForbesAnalyzer.scala. Using presentation compiler with project's scala-library version: 3.3.7
2026.04.07 02:12:49 INFO  no build target found for /home/ahmed/Desktop/spark-etl-pipline-scala-airflow/src/main/scala/analysers/ForbesAnalyzer.scala. Using presentation compiler with project's scala-library version: 3.3.7
2026.04.07 02:13:04 INFO  no build target found for /home/ahmed/Desktop/spark-etl-pipline-scala-airflow/src/main/scala/analysers/ForbesAnalyzer.scala. Using presentation compiler with project's scala-library version: 3.3.7
2026.04.07 02:13:04 INFO  no build target found for /home/ahmed/Desktop/spark-etl-pipline-scala-airflow/src/main/scala/analysers/ForbesAnalyzer.scala. Using presentation compiler with project's scala-library version: 3.3.7
2026.04.07 02:13:05 INFO  no build target found for /home/ahmed/Desktop/spark-etl-pipline-scala-airflow/src/main/scala/analysers/ForbesAnalyzer.scala. Using presentation compiler with project's scala-library version: 3.3.7
2026.04.07 02:13:06 INFO  no build target found for /home/ahmed/Desktop/spark-etl-pipline-scala-airflow/src/main/scala/analysers/ForbesAnalyzer.scala. Using presentation compiler with project's scala-library version: 3.3.7
2026.04.07 02:13:06 INFO  no build target found for /home/ahmed/Desktop/spark-etl-pipline-scala-airflow/src/main/scala/analysers/ForbesAnalyzer.scala. Using presentation compiler with project's scala-library version: 3.3.7
2026.04.07 02:13:06 WARN  Could not find semantic tokens for: file:///home/ahmed/Desktop/spark-etl-pipline-scala-airflow/src/main/scala/analysers/ForbesAnalyzer.scala
2026.04.07 02:13:06 WARN  no build target for: /home/ahmed/Desktop/spark-etl-pipline-scala-airflow/src/main/scala/analysers/ForbesAnalyzer.scala
2026.04.07 02:13:06 INFO  no build target found for /home/ahmed/Desktop/spark-etl-pipline-scala-airflow/src/main/scala/analysers/ForbesAnalyzer.scala. Using presentation compiler with project's scala-library version: 3.3.7
2026.04.07 02:13:06 WARN  Could not find semantic tokens for: file:///home/ahmed/Desktop/spark-etl-pipline-scala-airflow/src/main/scala/analysers/ForbesAnalyzer.scala
